[2023-04-05T04:39:30.476+0000] {taskinstance.py:1090} INFO - Dependencies all met for dep_context=non-requeueable deps ti=<TaskInstance: ELT.create_extract_data manual__2023-04-05T04:39:28.922124+00:00 [queued]>
[2023-04-05T04:39:30.486+0000] {taskinstance.py:1090} INFO - Dependencies all met for dep_context=requeueable deps ti=<TaskInstance: ELT.create_extract_data manual__2023-04-05T04:39:28.922124+00:00 [queued]>
[2023-04-05T04:39:30.486+0000] {taskinstance.py:1288} INFO - 
--------------------------------------------------------------------------------
[2023-04-05T04:39:30.486+0000] {taskinstance.py:1289} INFO - Starting attempt 1 of 1
[2023-04-05T04:39:30.487+0000] {taskinstance.py:1290} INFO - 
--------------------------------------------------------------------------------
[2023-04-05T04:39:30.503+0000] {taskinstance.py:1309} INFO - Executing <Task(PythonOperator): create_extract_data> on 2023-04-05 04:39:28.922124+00:00
[2023-04-05T04:39:30.514+0000] {standard_task_runner.py:55} INFO - Started process 223 to run task
[2023-04-05T04:39:30.518+0000] {standard_task_runner.py:82} INFO - Running: ['***', 'tasks', 'run', 'ELT', 'create_extract_data', 'manual__2023-04-05T04:39:28.922124+00:00', '--job-id', '80', '--raw', '--subdir', 'DAGS_FOLDER/elt.py', '--cfg-path', '/tmp/tmp5myt36u0']
[2023-04-05T04:39:30.519+0000] {standard_task_runner.py:83} INFO - Job 80: Subtask create_extract_data
[2023-04-05T04:39:30.597+0000] {task_command.py:389} INFO - Running <TaskInstance: ELT.create_extract_data manual__2023-04-05T04:39:28.922124+00:00 [running]> on host f5e703d34d7f
[2023-04-05T04:39:30.665+0000] {taskinstance.py:1518} INFO - Exporting the following env vars:
AIRFLOW_CTX_DAG_EMAIL=200300600@ucaribe.edu.mx
AIRFLOW_CTX_DAG_OWNER=***
AIRFLOW_CTX_DAG_ID=ELT
AIRFLOW_CTX_TASK_ID=create_extract_data
AIRFLOW_CTX_EXECUTION_DATE=2023-04-05T04:39:28.922124+00:00
AIRFLOW_CTX_TRY_NUMBER=1
AIRFLOW_CTX_DAG_RUN_ID=manual__2023-04-05T04:39:28.922124+00:00
[2023-04-05T04:39:30.689+0000] {python.py:177} INFO - Done. Returned value was: None
[2023-04-05T04:39:30.699+0000] {taskinstance.py:1332} INFO - Marking task as SUCCESS. dag_id=ELT, task_id=create_extract_data, execution_date=20230405T043928, start_date=20230405T043930, end_date=20230405T043930
[2023-04-05T04:39:30.730+0000] {local_task_job.py:212} INFO - Task exited with return code 0
[2023-04-05T04:39:30.753+0000] {taskinstance.py:2596} INFO - 1 downstream tasks scheduled from follow-on schedule check
