[2023-04-05T03:42:23.142+0000] {taskinstance.py:1090} INFO - Dependencies all met for dep_context=non-requeueable deps ti=<TaskInstance: ELT.create_extract_data manual__2023-04-05T03:42:22.283986+00:00 [queued]>
[2023-04-05T03:42:23.154+0000] {taskinstance.py:1090} INFO - Dependencies all met for dep_context=requeueable deps ti=<TaskInstance: ELT.create_extract_data manual__2023-04-05T03:42:22.283986+00:00 [queued]>
[2023-04-05T03:42:23.154+0000] {taskinstance.py:1288} INFO - 
--------------------------------------------------------------------------------
[2023-04-05T03:42:23.154+0000] {taskinstance.py:1289} INFO - Starting attempt 1 of 1
[2023-04-05T03:42:23.154+0000] {taskinstance.py:1290} INFO - 
--------------------------------------------------------------------------------
[2023-04-05T03:42:23.168+0000] {taskinstance.py:1309} INFO - Executing <Task(PythonOperator): create_extract_data> on 2023-04-05 03:42:22.283986+00:00
[2023-04-05T03:42:23.173+0000] {standard_task_runner.py:55} INFO - Started process 1625 to run task
[2023-04-05T03:42:23.177+0000] {standard_task_runner.py:82} INFO - Running: ['***', 'tasks', 'run', 'ELT', 'create_extract_data', 'manual__2023-04-05T03:42:22.283986+00:00', '--job-id', '40', '--raw', '--subdir', 'DAGS_FOLDER/elt.py', '--cfg-path', '/tmp/tmpjps34qck']
[2023-04-05T03:42:23.177+0000] {standard_task_runner.py:83} INFO - Job 40: Subtask create_extract_data
[2023-04-05T03:42:23.231+0000] {task_command.py:389} INFO - Running <TaskInstance: ELT.create_extract_data manual__2023-04-05T03:42:22.283986+00:00 [running]> on host 385ee18f1e17
[2023-04-05T03:42:23.292+0000] {taskinstance.py:1518} INFO - Exporting the following env vars:
AIRFLOW_CTX_DAG_EMAIL=200300600@ucaribe.edu.mx
AIRFLOW_CTX_DAG_OWNER=***
AIRFLOW_CTX_DAG_ID=ELT
AIRFLOW_CTX_TASK_ID=create_extract_data
AIRFLOW_CTX_EXECUTION_DATE=2023-04-05T03:42:22.283986+00:00
AIRFLOW_CTX_TRY_NUMBER=1
AIRFLOW_CTX_DAG_RUN_ID=manual__2023-04-05T03:42:22.283986+00:00
[2023-04-05T03:42:23.315+0000] {python.py:177} INFO - Done. Returned value was: None
[2023-04-05T03:42:23.325+0000] {taskinstance.py:1332} INFO - Marking task as SUCCESS. dag_id=ELT, task_id=create_extract_data, execution_date=20230405T034222, start_date=20230405T034223, end_date=20230405T034223
[2023-04-05T03:42:23.388+0000] {local_task_job.py:212} INFO - Task exited with return code 0
[2023-04-05T03:42:23.408+0000] {taskinstance.py:2596} INFO - 1 downstream tasks scheduled from follow-on schedule check
