[2023-04-05T03:42:24.148+0000] {taskinstance.py:1090} INFO - Dependencies all met for dep_context=non-requeueable deps ti=<TaskInstance: ELT.transform manual__2023-04-05T03:42:22.283986+00:00 [queued]>
[2023-04-05T03:42:24.156+0000] {taskinstance.py:1090} INFO - Dependencies all met for dep_context=requeueable deps ti=<TaskInstance: ELT.transform manual__2023-04-05T03:42:22.283986+00:00 [queued]>
[2023-04-05T03:42:24.157+0000] {taskinstance.py:1288} INFO - 
--------------------------------------------------------------------------------
[2023-04-05T03:42:24.157+0000] {taskinstance.py:1289} INFO - Starting attempt 1 of 1
[2023-04-05T03:42:24.157+0000] {taskinstance.py:1290} INFO - 
--------------------------------------------------------------------------------
[2023-04-05T03:42:24.171+0000] {taskinstance.py:1309} INFO - Executing <Task(BashOperator): transform> on 2023-04-05 03:42:22.283986+00:00
[2023-04-05T03:42:24.179+0000] {standard_task_runner.py:55} INFO - Started process 1628 to run task
[2023-04-05T03:42:24.182+0000] {standard_task_runner.py:82} INFO - Running: ['***', 'tasks', 'run', 'ELT', 'transform', 'manual__2023-04-05T03:42:22.283986+00:00', '--job-id', '41', '--raw', '--subdir', 'DAGS_FOLDER/elt.py', '--cfg-path', '/tmp/tmpx2n5l2nl']
[2023-04-05T03:42:24.182+0000] {standard_task_runner.py:83} INFO - Job 41: Subtask transform
[2023-04-05T03:42:24.232+0000] {task_command.py:389} INFO - Running <TaskInstance: ELT.transform manual__2023-04-05T03:42:22.283986+00:00 [running]> on host 385ee18f1e17
[2023-04-05T03:42:24.288+0000] {taskinstance.py:1518} INFO - Exporting the following env vars:
AIRFLOW_CTX_DAG_EMAIL=200300600@ucaribe.edu.mx
AIRFLOW_CTX_DAG_OWNER=***
AIRFLOW_CTX_DAG_ID=ELT
AIRFLOW_CTX_TASK_ID=transform
AIRFLOW_CTX_EXECUTION_DATE=2023-04-05T03:42:22.283986+00:00
AIRFLOW_CTX_TRY_NUMBER=1
AIRFLOW_CTX_DAG_RUN_ID=manual__2023-04-05T03:42:22.283986+00:00
[2023-04-05T03:42:24.291+0000] {subprocess.py:63} INFO - Tmp dir root location: 
 /tmp
[2023-04-05T03:42:24.292+0000] {subprocess.py:75} INFO - Running command: ['/bin/bash', '-c', 'ls -l']
[2023-04-05T03:42:24.307+0000] {subprocess.py:86} INFO - Output:
[2023-04-05T03:42:24.312+0000] {subprocess.py:93} INFO - total 0
[2023-04-05T03:42:24.313+0000] {subprocess.py:97} INFO - Command exited with return code 0
[2023-04-05T03:42:24.340+0000] {taskinstance.py:1332} INFO - Marking task as SUCCESS. dag_id=ELT, task_id=transform, execution_date=20230405T034222, start_date=20230405T034224, end_date=20230405T034224
[2023-04-05T03:42:24.393+0000] {local_task_job.py:212} INFO - Task exited with return code 0
[2023-04-05T03:42:24.411+0000] {taskinstance.py:2596} INFO - 0 downstream tasks scheduled from follow-on schedule check
