[2023-05-18T02:31:49.617+0000] {processor.py:153} INFO - Started process (PID=43) to work on /opt/airflow/dags/elt.py
[2023-05-18T02:31:49.618+0000] {processor.py:743} INFO - Processing file /opt/airflow/dags/elt.py for tasks to queue
[2023-05-18T02:31:49.619+0000] {logging_mixin.py:137} INFO - [2023-05-18T02:31:49.619+0000] {dagbag.py:532} INFO - Filling up the DagBag from /opt/airflow/dags/elt.py
[2023-05-18T02:31:50.292+0000] {processor.py:753} INFO - DAG(s) dict_keys(['ELT']) retrieved from /opt/airflow/dags/elt.py
[2023-05-18T02:31:50.382+0000] {logging_mixin.py:137} INFO - [2023-05-18T02:31:50.381+0000] {dag.py:2705} INFO - Sync 1 DAGs
[2023-05-18T02:31:50.412+0000] {logging_mixin.py:137} INFO - [2023-05-18T02:31:50.412+0000] {dag.py:3456} INFO - Setting next_dagrun for ELT to None, run_after=None
[2023-05-18T02:31:50.439+0000] {processor.py:175} INFO - Processing /opt/airflow/dags/elt.py took 0.825 seconds
[2023-05-18T16:56:05.026+0000] {processor.py:153} INFO - Started process (PID=43) to work on /opt/airflow/dags/elt.py
[2023-05-18T16:56:05.027+0000] {processor.py:743} INFO - Processing file /opt/airflow/dags/elt.py for tasks to queue
[2023-05-18T16:56:05.028+0000] {logging_mixin.py:137} INFO - [2023-05-18T16:56:05.028+0000] {dagbag.py:532} INFO - Filling up the DagBag from /opt/airflow/dags/elt.py
[2023-05-18T16:56:05.540+0000] {processor.py:753} INFO - DAG(s) dict_keys(['ELT']) retrieved from /opt/airflow/dags/elt.py
[2023-05-18T16:56:05.567+0000] {logging_mixin.py:137} INFO - [2023-05-18T16:56:05.567+0000] {dag.py:2705} INFO - Sync 1 DAGs
[2023-05-18T16:56:05.591+0000] {logging_mixin.py:137} INFO - [2023-05-18T16:56:05.591+0000] {dag.py:3456} INFO - Setting next_dagrun for ELT to None, run_after=None
[2023-05-18T16:56:05.606+0000] {processor.py:175} INFO - Processing /opt/airflow/dags/elt.py took 0.584 seconds
[2023-05-18T16:56:35.761+0000] {processor.py:153} INFO - Started process (PID=53) to work on /opt/airflow/dags/elt.py
[2023-05-18T16:56:35.762+0000] {processor.py:743} INFO - Processing file /opt/airflow/dags/elt.py for tasks to queue
[2023-05-18T16:56:35.762+0000] {logging_mixin.py:137} INFO - [2023-05-18T16:56:35.762+0000] {dagbag.py:532} INFO - Filling up the DagBag from /opt/airflow/dags/elt.py
[2023-05-18T16:56:36.064+0000] {processor.py:753} INFO - DAG(s) dict_keys(['ELT']) retrieved from /opt/airflow/dags/elt.py
[2023-05-18T16:56:41.086+0000] {logging_mixin.py:137} INFO - [2023-05-18T16:56:41.085+0000] {dag.py:2705} INFO - Sync 1 DAGs
[2023-05-18T16:56:41.104+0000] {logging_mixin.py:137} INFO - [2023-05-18T16:56:41.104+0000] {dag.py:3456} INFO - Setting next_dagrun for ELT to None, run_after=None
[2023-05-18T16:56:41.117+0000] {processor.py:175} INFO - Processing /opt/airflow/dags/elt.py took 5.358 seconds
[2023-05-18T16:57:11.259+0000] {processor.py:153} INFO - Started process (PID=62) to work on /opt/airflow/dags/elt.py
[2023-05-18T16:57:11.259+0000] {processor.py:743} INFO - Processing file /opt/airflow/dags/elt.py for tasks to queue
[2023-05-18T16:57:11.260+0000] {logging_mixin.py:137} INFO - [2023-05-18T16:57:11.260+0000] {dagbag.py:532} INFO - Filling up the DagBag from /opt/airflow/dags/elt.py
[2023-05-18T16:57:11.614+0000] {processor.py:753} INFO - DAG(s) dict_keys(['ELT']) retrieved from /opt/airflow/dags/elt.py
[2023-05-18T16:57:11.630+0000] {logging_mixin.py:137} INFO - [2023-05-18T16:57:11.629+0000] {dag.py:2705} INFO - Sync 1 DAGs
[2023-05-18T16:57:11.647+0000] {logging_mixin.py:137} INFO - [2023-05-18T16:57:11.647+0000] {dag.py:3456} INFO - Setting next_dagrun for ELT to None, run_after=None
[2023-05-18T16:57:11.661+0000] {processor.py:175} INFO - Processing /opt/airflow/dags/elt.py took 0.404 seconds
[2023-05-18T16:57:41.799+0000] {processor.py:153} INFO - Started process (PID=71) to work on /opt/airflow/dags/elt.py
[2023-05-18T16:57:41.800+0000] {processor.py:743} INFO - Processing file /opt/airflow/dags/elt.py for tasks to queue
[2023-05-18T16:57:41.801+0000] {logging_mixin.py:137} INFO - [2023-05-18T16:57:41.801+0000] {dagbag.py:532} INFO - Filling up the DagBag from /opt/airflow/dags/elt.py
[2023-05-18T16:57:42.107+0000] {processor.py:753} INFO - DAG(s) dict_keys(['ELT']) retrieved from /opt/airflow/dags/elt.py
[2023-05-18T16:57:42.150+0000] {logging_mixin.py:137} INFO - [2023-05-18T16:57:42.150+0000] {dag.py:2705} INFO - Sync 1 DAGs
[2023-05-18T16:57:42.167+0000] {logging_mixin.py:137} INFO - [2023-05-18T16:57:42.167+0000] {dag.py:3456} INFO - Setting next_dagrun for ELT to None, run_after=None
[2023-05-18T16:57:42.191+0000] {processor.py:175} INFO - Processing /opt/airflow/dags/elt.py took 0.394 seconds
[2023-05-18T16:59:03.283+0000] {processor.py:153} INFO - Started process (PID=43) to work on /opt/airflow/dags/elt.py
[2023-05-18T16:59:03.287+0000] {processor.py:743} INFO - Processing file /opt/airflow/dags/elt.py for tasks to queue
[2023-05-18T16:59:03.289+0000] {logging_mixin.py:137} INFO - [2023-05-18T16:59:03.289+0000] {dagbag.py:532} INFO - Filling up the DagBag from /opt/airflow/dags/elt.py
[2023-05-18T16:59:03.679+0000] {processor.py:753} INFO - DAG(s) dict_keys(['ELT']) retrieved from /opt/airflow/dags/elt.py
[2023-05-18T16:59:03.734+0000] {logging_mixin.py:137} INFO - [2023-05-18T16:59:03.734+0000] {dag.py:2705} INFO - Sync 1 DAGs
[2023-05-18T16:59:03.753+0000] {logging_mixin.py:137} INFO - [2023-05-18T16:59:03.753+0000] {dag.py:3456} INFO - Setting next_dagrun for ELT to None, run_after=None
[2023-05-18T16:59:03.768+0000] {processor.py:175} INFO - Processing /opt/airflow/dags/elt.py took 0.488 seconds
[2023-05-18T16:59:33.938+0000] {processor.py:153} INFO - Started process (PID=52) to work on /opt/airflow/dags/elt.py
[2023-05-18T16:59:33.939+0000] {processor.py:743} INFO - Processing file /opt/airflow/dags/elt.py for tasks to queue
[2023-05-18T16:59:33.940+0000] {logging_mixin.py:137} INFO - [2023-05-18T16:59:33.940+0000] {dagbag.py:532} INFO - Filling up the DagBag from /opt/airflow/dags/elt.py
[2023-05-18T16:59:34.288+0000] {processor.py:753} INFO - DAG(s) dict_keys(['ELT']) retrieved from /opt/airflow/dags/elt.py
[2023-05-18T16:59:34.306+0000] {logging_mixin.py:137} INFO - [2023-05-18T16:59:34.306+0000] {dag.py:2705} INFO - Sync 1 DAGs
[2023-05-18T16:59:34.330+0000] {logging_mixin.py:137} INFO - [2023-05-18T16:59:34.330+0000] {dag.py:3456} INFO - Setting next_dagrun for ELT to None, run_after=None
[2023-05-18T16:59:34.352+0000] {processor.py:175} INFO - Processing /opt/airflow/dags/elt.py took 0.417 seconds
[2023-05-18T17:00:04.533+0000] {processor.py:153} INFO - Started process (PID=61) to work on /opt/airflow/dags/elt.py
[2023-05-18T17:00:04.535+0000] {processor.py:743} INFO - Processing file /opt/airflow/dags/elt.py for tasks to queue
[2023-05-18T17:00:04.536+0000] {logging_mixin.py:137} INFO - [2023-05-18T17:00:04.535+0000] {dagbag.py:532} INFO - Filling up the DagBag from /opt/airflow/dags/elt.py
[2023-05-18T17:00:04.909+0000] {processor.py:753} INFO - DAG(s) dict_keys(['ELT']) retrieved from /opt/airflow/dags/elt.py
[2023-05-18T17:00:04.926+0000] {logging_mixin.py:137} INFO - [2023-05-18T17:00:04.926+0000] {dag.py:2705} INFO - Sync 1 DAGs
[2023-05-18T17:00:04.944+0000] {logging_mixin.py:137} INFO - [2023-05-18T17:00:04.944+0000] {dag.py:3456} INFO - Setting next_dagrun for ELT to None, run_after=None
[2023-05-18T17:00:05.039+0000] {processor.py:175} INFO - Processing /opt/airflow/dags/elt.py took 0.508 seconds
[2023-05-18T17:00:35.275+0000] {processor.py:153} INFO - Started process (PID=70) to work on /opt/airflow/dags/elt.py
[2023-05-18T17:00:35.277+0000] {processor.py:743} INFO - Processing file /opt/airflow/dags/elt.py for tasks to queue
[2023-05-18T17:00:35.280+0000] {logging_mixin.py:137} INFO - [2023-05-18T17:00:35.279+0000] {dagbag.py:532} INFO - Filling up the DagBag from /opt/airflow/dags/elt.py
[2023-05-18T17:00:35.623+0000] {processor.py:753} INFO - DAG(s) dict_keys(['ELT']) retrieved from /opt/airflow/dags/elt.py
[2023-05-18T17:00:35.638+0000] {logging_mixin.py:137} INFO - [2023-05-18T17:00:35.638+0000] {dag.py:2705} INFO - Sync 1 DAGs
[2023-05-18T17:00:35.656+0000] {logging_mixin.py:137} INFO - [2023-05-18T17:00:35.656+0000] {dag.py:3456} INFO - Setting next_dagrun for ELT to None, run_after=None
[2023-05-18T17:00:35.680+0000] {processor.py:175} INFO - Processing /opt/airflow/dags/elt.py took 0.413 seconds
[2023-05-18T17:01:05.991+0000] {processor.py:153} INFO - Started process (PID=79) to work on /opt/airflow/dags/elt.py
[2023-05-18T17:01:05.993+0000] {processor.py:743} INFO - Processing file /opt/airflow/dags/elt.py for tasks to queue
[2023-05-18T17:01:05.996+0000] {logging_mixin.py:137} INFO - [2023-05-18T17:01:05.995+0000] {dagbag.py:532} INFO - Filling up the DagBag from /opt/airflow/dags/elt.py
[2023-05-18T17:01:06.312+0000] {processor.py:753} INFO - DAG(s) dict_keys(['ELT']) retrieved from /opt/airflow/dags/elt.py
[2023-05-18T17:01:06.328+0000] {logging_mixin.py:137} INFO - [2023-05-18T17:01:06.327+0000] {dag.py:2705} INFO - Sync 1 DAGs
[2023-05-18T17:01:06.345+0000] {logging_mixin.py:137} INFO - [2023-05-18T17:01:06.345+0000] {dag.py:3456} INFO - Setting next_dagrun for ELT to None, run_after=None
[2023-05-18T17:01:06.367+0000] {processor.py:175} INFO - Processing /opt/airflow/dags/elt.py took 0.390 seconds
[2023-05-18T17:01:36.648+0000] {processor.py:153} INFO - Started process (PID=88) to work on /opt/airflow/dags/elt.py
[2023-05-18T17:01:36.651+0000] {processor.py:743} INFO - Processing file /opt/airflow/dags/elt.py for tasks to queue
[2023-05-18T17:01:36.654+0000] {logging_mixin.py:137} INFO - [2023-05-18T17:01:36.653+0000] {dagbag.py:532} INFO - Filling up the DagBag from /opt/airflow/dags/elt.py
[2023-05-18T17:01:36.985+0000] {processor.py:753} INFO - DAG(s) dict_keys(['ELT']) retrieved from /opt/airflow/dags/elt.py
[2023-05-18T17:01:37.008+0000] {logging_mixin.py:137} INFO - [2023-05-18T17:01:37.008+0000] {dag.py:2705} INFO - Sync 1 DAGs
[2023-05-18T17:01:37.032+0000] {logging_mixin.py:137} INFO - [2023-05-18T17:01:37.032+0000] {dag.py:3456} INFO - Setting next_dagrun for ELT to None, run_after=None
[2023-05-18T17:01:37.054+0000] {processor.py:175} INFO - Processing /opt/airflow/dags/elt.py took 0.412 seconds
[2023-05-18T17:02:07.319+0000] {processor.py:153} INFO - Started process (PID=97) to work on /opt/airflow/dags/elt.py
[2023-05-18T17:02:07.320+0000] {processor.py:743} INFO - Processing file /opt/airflow/dags/elt.py for tasks to queue
[2023-05-18T17:02:07.320+0000] {logging_mixin.py:137} INFO - [2023-05-18T17:02:07.320+0000] {dagbag.py:532} INFO - Filling up the DagBag from /opt/airflow/dags/elt.py
[2023-05-18T17:02:07.668+0000] {processor.py:753} INFO - DAG(s) dict_keys(['ELT']) retrieved from /opt/airflow/dags/elt.py
[2023-05-18T17:02:12.690+0000] {logging_mixin.py:137} INFO - [2023-05-18T17:02:12.689+0000] {dag.py:2705} INFO - Sync 1 DAGs
[2023-05-18T17:02:12.711+0000] {logging_mixin.py:137} INFO - [2023-05-18T17:02:12.711+0000] {dag.py:3456} INFO - Setting next_dagrun for ELT to None, run_after=None
[2023-05-18T17:02:12.746+0000] {processor.py:175} INFO - Processing /opt/airflow/dags/elt.py took 5.430 seconds
[2023-05-18T17:02:42.922+0000] {processor.py:153} INFO - Started process (PID=107) to work on /opt/airflow/dags/elt.py
[2023-05-18T17:02:42.923+0000] {processor.py:743} INFO - Processing file /opt/airflow/dags/elt.py for tasks to queue
[2023-05-18T17:02:42.923+0000] {logging_mixin.py:137} INFO - [2023-05-18T17:02:42.923+0000] {dagbag.py:532} INFO - Filling up the DagBag from /opt/airflow/dags/elt.py
[2023-05-18T17:02:43.224+0000] {processor.py:753} INFO - DAG(s) dict_keys(['ELT']) retrieved from /opt/airflow/dags/elt.py
[2023-05-18T17:02:48.247+0000] {logging_mixin.py:137} INFO - [2023-05-18T17:02:48.247+0000] {dag.py:2705} INFO - Sync 1 DAGs
[2023-05-18T17:02:48.265+0000] {logging_mixin.py:137} INFO - [2023-05-18T17:02:48.265+0000] {dag.py:3456} INFO - Setting next_dagrun for ELT to None, run_after=None
[2023-05-18T17:02:48.284+0000] {processor.py:175} INFO - Processing /opt/airflow/dags/elt.py took 5.365 seconds
[2023-05-18T17:03:18.419+0000] {processor.py:153} INFO - Started process (PID=123) to work on /opt/airflow/dags/elt.py
[2023-05-18T17:03:18.420+0000] {processor.py:743} INFO - Processing file /opt/airflow/dags/elt.py for tasks to queue
[2023-05-18T17:03:18.421+0000] {logging_mixin.py:137} INFO - [2023-05-18T17:03:18.421+0000] {dagbag.py:532} INFO - Filling up the DagBag from /opt/airflow/dags/elt.py
[2023-05-18T17:03:18.724+0000] {processor.py:753} INFO - DAG(s) dict_keys(['ELT']) retrieved from /opt/airflow/dags/elt.py
[2023-05-18T17:03:18.740+0000] {logging_mixin.py:137} INFO - [2023-05-18T17:03:18.740+0000] {dag.py:2705} INFO - Sync 1 DAGs
[2023-05-18T17:03:18.758+0000] {logging_mixin.py:137} INFO - [2023-05-18T17:03:18.758+0000] {dag.py:3456} INFO - Setting next_dagrun for ELT to None, run_after=None
[2023-05-18T17:03:18.780+0000] {processor.py:175} INFO - Processing /opt/airflow/dags/elt.py took 0.363 seconds
[2023-05-18T17:03:48.924+0000] {processor.py:153} INFO - Started process (PID=132) to work on /opt/airflow/dags/elt.py
[2023-05-18T17:03:48.925+0000] {processor.py:743} INFO - Processing file /opt/airflow/dags/elt.py for tasks to queue
[2023-05-18T17:03:48.926+0000] {logging_mixin.py:137} INFO - [2023-05-18T17:03:48.926+0000] {dagbag.py:532} INFO - Filling up the DagBag from /opt/airflow/dags/elt.py
[2023-05-18T17:03:49.226+0000] {processor.py:753} INFO - DAG(s) dict_keys(['ELT']) retrieved from /opt/airflow/dags/elt.py
[2023-05-18T17:03:49.242+0000] {logging_mixin.py:137} INFO - [2023-05-18T17:03:49.242+0000] {dag.py:2705} INFO - Sync 1 DAGs
[2023-05-18T17:03:49.260+0000] {logging_mixin.py:137} INFO - [2023-05-18T17:03:49.260+0000] {dag.py:3456} INFO - Setting next_dagrun for ELT to None, run_after=None
[2023-05-18T17:03:49.273+0000] {processor.py:175} INFO - Processing /opt/airflow/dags/elt.py took 0.352 seconds
[2023-05-18T17:04:19.432+0000] {processor.py:153} INFO - Started process (PID=141) to work on /opt/airflow/dags/elt.py
[2023-05-18T17:04:19.433+0000] {processor.py:743} INFO - Processing file /opt/airflow/dags/elt.py for tasks to queue
[2023-05-18T17:04:19.434+0000] {logging_mixin.py:137} INFO - [2023-05-18T17:04:19.434+0000] {dagbag.py:532} INFO - Filling up the DagBag from /opt/airflow/dags/elt.py
[2023-05-18T17:04:19.737+0000] {processor.py:753} INFO - DAG(s) dict_keys(['ELT']) retrieved from /opt/airflow/dags/elt.py
[2023-05-18T17:04:19.754+0000] {logging_mixin.py:137} INFO - [2023-05-18T17:04:19.754+0000] {dag.py:2705} INFO - Sync 1 DAGs
[2023-05-18T17:04:19.773+0000] {logging_mixin.py:137} INFO - [2023-05-18T17:04:19.773+0000] {dag.py:3456} INFO - Setting next_dagrun for ELT to None, run_after=None
[2023-05-18T17:04:19.785+0000] {processor.py:175} INFO - Processing /opt/airflow/dags/elt.py took 0.356 seconds
[2023-05-18T17:04:49.970+0000] {processor.py:153} INFO - Started process (PID=150) to work on /opt/airflow/dags/elt.py
[2023-05-18T17:04:49.972+0000] {processor.py:743} INFO - Processing file /opt/airflow/dags/elt.py for tasks to queue
[2023-05-18T17:04:49.975+0000] {logging_mixin.py:137} INFO - [2023-05-18T17:04:49.975+0000] {dagbag.py:532} INFO - Filling up the DagBag from /opt/airflow/dags/elt.py
[2023-05-18T17:04:50.301+0000] {processor.py:753} INFO - DAG(s) dict_keys(['ELT']) retrieved from /opt/airflow/dags/elt.py
[2023-05-18T17:04:55.350+0000] {logging_mixin.py:137} INFO - [2023-05-18T17:04:55.349+0000] {dag.py:2705} INFO - Sync 1 DAGs
[2023-05-18T17:04:55.386+0000] {logging_mixin.py:137} INFO - [2023-05-18T17:04:55.386+0000] {dag.py:3456} INFO - Setting next_dagrun for ELT to None, run_after=None
[2023-05-18T17:04:55.398+0000] {processor.py:175} INFO - Processing /opt/airflow/dags/elt.py took 5.437 seconds
[2023-05-18T17:05:25.683+0000] {processor.py:153} INFO - Started process (PID=159) to work on /opt/airflow/dags/elt.py
[2023-05-18T17:05:25.685+0000] {processor.py:743} INFO - Processing file /opt/airflow/dags/elt.py for tasks to queue
[2023-05-18T17:05:25.688+0000] {logging_mixin.py:137} INFO - [2023-05-18T17:05:25.687+0000] {dagbag.py:532} INFO - Filling up the DagBag from /opt/airflow/dags/elt.py
[2023-05-18T17:05:26.016+0000] {processor.py:753} INFO - DAG(s) dict_keys(['ELT']) retrieved from /opt/airflow/dags/elt.py
[2023-05-18T17:05:26.033+0000] {logging_mixin.py:137} INFO - [2023-05-18T17:05:26.032+0000] {dag.py:2705} INFO - Sync 1 DAGs
[2023-05-18T17:05:26.050+0000] {logging_mixin.py:137} INFO - [2023-05-18T17:05:26.050+0000] {dag.py:3456} INFO - Setting next_dagrun for ELT to None, run_after=None
[2023-05-18T17:05:26.073+0000] {processor.py:175} INFO - Processing /opt/airflow/dags/elt.py took 0.398 seconds
[2023-05-18T17:05:56.359+0000] {processor.py:153} INFO - Started process (PID=168) to work on /opt/airflow/dags/elt.py
[2023-05-18T17:05:56.362+0000] {processor.py:743} INFO - Processing file /opt/airflow/dags/elt.py for tasks to queue
[2023-05-18T17:05:56.365+0000] {logging_mixin.py:137} INFO - [2023-05-18T17:05:56.364+0000] {dagbag.py:532} INFO - Filling up the DagBag from /opt/airflow/dags/elt.py
[2023-05-18T17:05:56.689+0000] {processor.py:753} INFO - DAG(s) dict_keys(['ELT']) retrieved from /opt/airflow/dags/elt.py
[2023-05-18T17:05:56.711+0000] {logging_mixin.py:137} INFO - [2023-05-18T17:05:56.711+0000] {dag.py:2705} INFO - Sync 1 DAGs
[2023-05-18T17:05:56.729+0000] {logging_mixin.py:137} INFO - [2023-05-18T17:05:56.729+0000] {dag.py:3456} INFO - Setting next_dagrun for ELT to None, run_after=None
[2023-05-18T17:05:56.751+0000] {processor.py:175} INFO - Processing /opt/airflow/dags/elt.py took 0.399 seconds
[2023-05-18T17:06:27.044+0000] {processor.py:153} INFO - Started process (PID=177) to work on /opt/airflow/dags/elt.py
[2023-05-18T17:06:27.046+0000] {processor.py:743} INFO - Processing file /opt/airflow/dags/elt.py for tasks to queue
[2023-05-18T17:06:27.049+0000] {logging_mixin.py:137} INFO - [2023-05-18T17:06:27.048+0000] {dagbag.py:532} INFO - Filling up the DagBag from /opt/airflow/dags/elt.py
[2023-05-18T17:06:27.365+0000] {processor.py:753} INFO - DAG(s) dict_keys(['ELT']) retrieved from /opt/airflow/dags/elt.py
[2023-05-18T17:06:27.394+0000] {logging_mixin.py:137} INFO - [2023-05-18T17:06:27.394+0000] {dag.py:2705} INFO - Sync 1 DAGs
[2023-05-18T17:06:27.419+0000] {logging_mixin.py:137} INFO - [2023-05-18T17:06:27.419+0000] {dag.py:3456} INFO - Setting next_dagrun for ELT to None, run_after=None
[2023-05-18T17:06:27.441+0000] {processor.py:175} INFO - Processing /opt/airflow/dags/elt.py took 0.406 seconds
[2023-05-18T17:06:57.678+0000] {processor.py:153} INFO - Started process (PID=186) to work on /opt/airflow/dags/elt.py
[2023-05-18T17:06:57.679+0000] {processor.py:743} INFO - Processing file /opt/airflow/dags/elt.py for tasks to queue
[2023-05-18T17:06:57.681+0000] {logging_mixin.py:137} INFO - [2023-05-18T17:06:57.680+0000] {dagbag.py:532} INFO - Filling up the DagBag from /opt/airflow/dags/elt.py
[2023-05-18T17:06:57.983+0000] {processor.py:753} INFO - DAG(s) dict_keys(['ELT']) retrieved from /opt/airflow/dags/elt.py
[2023-05-18T17:06:57.999+0000] {logging_mixin.py:137} INFO - [2023-05-18T17:06:57.999+0000] {dag.py:2705} INFO - Sync 1 DAGs
[2023-05-18T17:06:58.016+0000] {logging_mixin.py:137} INFO - [2023-05-18T17:06:58.016+0000] {dag.py:3456} INFO - Setting next_dagrun for ELT to None, run_after=None
[2023-05-18T17:06:58.040+0000] {processor.py:175} INFO - Processing /opt/airflow/dags/elt.py took 0.364 seconds
[2023-05-18T17:07:28.327+0000] {processor.py:153} INFO - Started process (PID=195) to work on /opt/airflow/dags/elt.py
[2023-05-18T17:07:28.329+0000] {processor.py:743} INFO - Processing file /opt/airflow/dags/elt.py for tasks to queue
[2023-05-18T17:07:28.332+0000] {logging_mixin.py:137} INFO - [2023-05-18T17:07:28.331+0000] {dagbag.py:532} INFO - Filling up the DagBag from /opt/airflow/dags/elt.py
[2023-05-18T17:07:28.661+0000] {processor.py:753} INFO - DAG(s) dict_keys(['ELT']) retrieved from /opt/airflow/dags/elt.py
[2023-05-18T17:07:28.677+0000] {logging_mixin.py:137} INFO - [2023-05-18T17:07:28.677+0000] {dag.py:2705} INFO - Sync 1 DAGs
[2023-05-18T17:07:28.696+0000] {logging_mixin.py:137} INFO - [2023-05-18T17:07:28.696+0000] {dag.py:3456} INFO - Setting next_dagrun for ELT to None, run_after=None
[2023-05-18T17:07:28.709+0000] {processor.py:175} INFO - Processing /opt/airflow/dags/elt.py took 0.390 seconds
[2023-05-18T17:07:58.989+0000] {processor.py:153} INFO - Started process (PID=204) to work on /opt/airflow/dags/elt.py
[2023-05-18T17:07:58.992+0000] {processor.py:743} INFO - Processing file /opt/airflow/dags/elt.py for tasks to queue
[2023-05-18T17:07:58.995+0000] {logging_mixin.py:137} INFO - [2023-05-18T17:07:58.994+0000] {dagbag.py:532} INFO - Filling up the DagBag from /opt/airflow/dags/elt.py
[2023-05-18T17:07:59.319+0000] {processor.py:753} INFO - DAG(s) dict_keys(['ELT']) retrieved from /opt/airflow/dags/elt.py
[2023-05-18T17:07:59.336+0000] {logging_mixin.py:137} INFO - [2023-05-18T17:07:59.335+0000] {dag.py:2705} INFO - Sync 1 DAGs
[2023-05-18T17:07:59.354+0000] {logging_mixin.py:137} INFO - [2023-05-18T17:07:59.354+0000] {dag.py:3456} INFO - Setting next_dagrun for ELT to None, run_after=None
[2023-05-18T17:07:59.377+0000] {processor.py:175} INFO - Processing /opt/airflow/dags/elt.py took 0.395 seconds
[2023-05-18T17:08:29.662+0000] {processor.py:153} INFO - Started process (PID=213) to work on /opt/airflow/dags/elt.py
[2023-05-18T17:08:29.664+0000] {processor.py:743} INFO - Processing file /opt/airflow/dags/elt.py for tasks to queue
[2023-05-18T17:08:29.667+0000] {logging_mixin.py:137} INFO - [2023-05-18T17:08:29.666+0000] {dagbag.py:532} INFO - Filling up the DagBag from /opt/airflow/dags/elt.py
[2023-05-18T17:08:29.973+0000] {processor.py:753} INFO - DAG(s) dict_keys(['ELT']) retrieved from /opt/airflow/dags/elt.py
[2023-05-18T17:08:29.988+0000] {logging_mixin.py:137} INFO - [2023-05-18T17:08:29.988+0000] {dag.py:2705} INFO - Sync 1 DAGs
[2023-05-18T17:08:30.017+0000] {logging_mixin.py:137} INFO - [2023-05-18T17:08:30.017+0000] {dag.py:3456} INFO - Setting next_dagrun for ELT to None, run_after=None
[2023-05-18T17:08:30.042+0000] {processor.py:175} INFO - Processing /opt/airflow/dags/elt.py took 0.387 seconds
[2023-05-18T17:09:00.322+0000] {processor.py:153} INFO - Started process (PID=223) to work on /opt/airflow/dags/elt.py
[2023-05-18T17:09:00.325+0000] {processor.py:743} INFO - Processing file /opt/airflow/dags/elt.py for tasks to queue
[2023-05-18T17:09:00.328+0000] {logging_mixin.py:137} INFO - [2023-05-18T17:09:00.327+0000] {dagbag.py:532} INFO - Filling up the DagBag from /opt/airflow/dags/elt.py
[2023-05-18T17:09:00.650+0000] {processor.py:753} INFO - DAG(s) dict_keys(['ELT']) retrieved from /opt/airflow/dags/elt.py
[2023-05-18T17:09:05.704+0000] {logging_mixin.py:137} INFO - [2023-05-18T17:09:05.702+0000] {dag.py:2705} INFO - Sync 1 DAGs
[2023-05-18T17:09:05.738+0000] {logging_mixin.py:137} INFO - [2023-05-18T17:09:05.738+0000] {dag.py:3456} INFO - Setting next_dagrun for ELT to None, run_after=None
[2023-05-18T17:09:05.761+0000] {processor.py:175} INFO - Processing /opt/airflow/dags/elt.py took 5.447 seconds
[2023-05-18T17:09:36.053+0000] {processor.py:153} INFO - Started process (PID=232) to work on /opt/airflow/dags/elt.py
[2023-05-18T17:09:36.056+0000] {processor.py:743} INFO - Processing file /opt/airflow/dags/elt.py for tasks to queue
[2023-05-18T17:09:36.059+0000] {logging_mixin.py:137} INFO - [2023-05-18T17:09:36.058+0000] {dagbag.py:532} INFO - Filling up the DagBag from /opt/airflow/dags/elt.py
[2023-05-18T17:09:36.376+0000] {processor.py:753} INFO - DAG(s) dict_keys(['ELT']) retrieved from /opt/airflow/dags/elt.py
[2023-05-18T17:09:36.392+0000] {logging_mixin.py:137} INFO - [2023-05-18T17:09:36.391+0000] {dag.py:2705} INFO - Sync 1 DAGs
[2023-05-18T17:09:36.409+0000] {logging_mixin.py:137} INFO - [2023-05-18T17:09:36.409+0000] {dag.py:3456} INFO - Setting next_dagrun for ELT to None, run_after=None
[2023-05-18T17:09:36.421+0000] {processor.py:175} INFO - Processing /opt/airflow/dags/elt.py took 0.376 seconds
[2023-05-18T17:10:06.694+0000] {processor.py:153} INFO - Started process (PID=242) to work on /opt/airflow/dags/elt.py
[2023-05-18T17:10:06.697+0000] {processor.py:743} INFO - Processing file /opt/airflow/dags/elt.py for tasks to queue
[2023-05-18T17:10:06.699+0000] {logging_mixin.py:137} INFO - [2023-05-18T17:10:06.699+0000] {dagbag.py:532} INFO - Filling up the DagBag from /opt/airflow/dags/elt.py
[2023-05-18T17:10:07.040+0000] {processor.py:753} INFO - DAG(s) dict_keys(['ELT']) retrieved from /opt/airflow/dags/elt.py
[2023-05-18T17:10:07.056+0000] {logging_mixin.py:137} INFO - [2023-05-18T17:10:07.056+0000] {dag.py:2705} INFO - Sync 1 DAGs
[2023-05-18T17:10:07.073+0000] {logging_mixin.py:137} INFO - [2023-05-18T17:10:07.073+0000] {dag.py:3456} INFO - Setting next_dagrun for ELT to None, run_after=None
[2023-05-18T17:10:07.091+0000] {processor.py:175} INFO - Processing /opt/airflow/dags/elt.py took 0.406 seconds
[2023-05-18T17:10:37.354+0000] {processor.py:153} INFO - Started process (PID=251) to work on /opt/airflow/dags/elt.py
[2023-05-18T17:10:37.357+0000] {processor.py:743} INFO - Processing file /opt/airflow/dags/elt.py for tasks to queue
[2023-05-18T17:10:37.359+0000] {logging_mixin.py:137} INFO - [2023-05-18T17:10:37.359+0000] {dagbag.py:532} INFO - Filling up the DagBag from /opt/airflow/dags/elt.py
[2023-05-18T17:10:37.655+0000] {processor.py:753} INFO - DAG(s) dict_keys(['ELT']) retrieved from /opt/airflow/dags/elt.py
[2023-05-18T17:10:37.683+0000] {logging_mixin.py:137} INFO - [2023-05-18T17:10:37.683+0000] {dag.py:2705} INFO - Sync 1 DAGs
[2023-05-18T17:10:37.707+0000] {logging_mixin.py:137} INFO - [2023-05-18T17:10:37.706+0000] {dag.py:3456} INFO - Setting next_dagrun for ELT to None, run_after=None
[2023-05-18T17:10:37.720+0000] {processor.py:175} INFO - Processing /opt/airflow/dags/elt.py took 0.371 seconds
[2023-05-18T17:11:07.985+0000] {processor.py:153} INFO - Started process (PID=260) to work on /opt/airflow/dags/elt.py
[2023-05-18T17:11:07.988+0000] {processor.py:743} INFO - Processing file /opt/airflow/dags/elt.py for tasks to queue
[2023-05-18T17:11:07.991+0000] {logging_mixin.py:137} INFO - [2023-05-18T17:11:07.990+0000] {dagbag.py:532} INFO - Filling up the DagBag from /opt/airflow/dags/elt.py
[2023-05-18T17:11:08.309+0000] {processor.py:753} INFO - DAG(s) dict_keys(['ELT']) retrieved from /opt/airflow/dags/elt.py
[2023-05-18T17:11:08.324+0000] {logging_mixin.py:137} INFO - [2023-05-18T17:11:08.324+0000] {dag.py:2705} INFO - Sync 1 DAGs
[2023-05-18T17:11:08.342+0000] {logging_mixin.py:137} INFO - [2023-05-18T17:11:08.342+0000] {dag.py:3456} INFO - Setting next_dagrun for ELT to None, run_after=None
[2023-05-18T17:11:08.364+0000] {processor.py:175} INFO - Processing /opt/airflow/dags/elt.py took 0.387 seconds
[2023-05-18T17:11:38.656+0000] {processor.py:153} INFO - Started process (PID=269) to work on /opt/airflow/dags/elt.py
[2023-05-18T17:11:38.658+0000] {processor.py:743} INFO - Processing file /opt/airflow/dags/elt.py for tasks to queue
[2023-05-18T17:11:38.660+0000] {logging_mixin.py:137} INFO - [2023-05-18T17:11:38.660+0000] {dagbag.py:532} INFO - Filling up the DagBag from /opt/airflow/dags/elt.py
[2023-05-18T17:11:38.983+0000] {processor.py:753} INFO - DAG(s) dict_keys(['ELT']) retrieved from /opt/airflow/dags/elt.py
[2023-05-18T17:11:38.999+0000] {logging_mixin.py:137} INFO - [2023-05-18T17:11:38.999+0000] {dag.py:2705} INFO - Sync 1 DAGs
[2023-05-18T17:11:39.018+0000] {logging_mixin.py:137} INFO - [2023-05-18T17:11:39.018+0000] {dag.py:3456} INFO - Setting next_dagrun for ELT to None, run_after=None
[2023-05-18T17:11:39.041+0000] {processor.py:175} INFO - Processing /opt/airflow/dags/elt.py took 0.392 seconds
[2023-05-18T17:12:09.314+0000] {processor.py:153} INFO - Started process (PID=278) to work on /opt/airflow/dags/elt.py
[2023-05-18T17:12:09.315+0000] {processor.py:743} INFO - Processing file /opt/airflow/dags/elt.py for tasks to queue
[2023-05-18T17:12:09.316+0000] {logging_mixin.py:137} INFO - [2023-05-18T17:12:09.316+0000] {dagbag.py:532} INFO - Filling up the DagBag from /opt/airflow/dags/elt.py
[2023-05-18T17:12:09.619+0000] {processor.py:753} INFO - DAG(s) dict_keys(['ELT']) retrieved from /opt/airflow/dags/elt.py
[2023-05-18T17:12:09.636+0000] {logging_mixin.py:137} INFO - [2023-05-18T17:12:09.634+0000] {dag.py:2705} INFO - Sync 1 DAGs
[2023-05-18T17:12:09.654+0000] {logging_mixin.py:137} INFO - [2023-05-18T17:12:09.654+0000] {dag.py:3456} INFO - Setting next_dagrun for ELT to None, run_after=None
[2023-05-18T17:12:09.678+0000] {processor.py:175} INFO - Processing /opt/airflow/dags/elt.py took 0.366 seconds
[2023-05-18T17:12:39.948+0000] {processor.py:153} INFO - Started process (PID=288) to work on /opt/airflow/dags/elt.py
[2023-05-18T17:12:39.949+0000] {processor.py:743} INFO - Processing file /opt/airflow/dags/elt.py for tasks to queue
[2023-05-18T17:12:39.950+0000] {logging_mixin.py:137} INFO - [2023-05-18T17:12:39.950+0000] {dagbag.py:532} INFO - Filling up the DagBag from /opt/airflow/dags/elt.py
[2023-05-18T17:12:40.257+0000] {processor.py:753} INFO - DAG(s) dict_keys(['ELT']) retrieved from /opt/airflow/dags/elt.py
[2023-05-18T17:12:40.274+0000] {logging_mixin.py:137} INFO - [2023-05-18T17:12:40.273+0000] {dag.py:2705} INFO - Sync 1 DAGs
[2023-05-18T17:12:40.292+0000] {logging_mixin.py:137} INFO - [2023-05-18T17:12:40.292+0000] {dag.py:3456} INFO - Setting next_dagrun for ELT to None, run_after=None
[2023-05-18T17:12:40.315+0000] {processor.py:175} INFO - Processing /opt/airflow/dags/elt.py took 0.369 seconds
[2023-05-18T17:13:10.592+0000] {processor.py:153} INFO - Started process (PID=297) to work on /opt/airflow/dags/elt.py
[2023-05-18T17:13:10.594+0000] {processor.py:743} INFO - Processing file /opt/airflow/dags/elt.py for tasks to queue
[2023-05-18T17:13:10.597+0000] {logging_mixin.py:137} INFO - [2023-05-18T17:13:10.596+0000] {dagbag.py:532} INFO - Filling up the DagBag from /opt/airflow/dags/elt.py
[2023-05-18T17:13:10.930+0000] {processor.py:753} INFO - DAG(s) dict_keys(['ELT']) retrieved from /opt/airflow/dags/elt.py
[2023-05-18T17:13:15.985+0000] {logging_mixin.py:137} INFO - [2023-05-18T17:13:15.984+0000] {dag.py:2705} INFO - Sync 1 DAGs
[2023-05-18T17:13:16.014+0000] {logging_mixin.py:137} INFO - [2023-05-18T17:13:16.014+0000] {dag.py:3456} INFO - Setting next_dagrun for ELT to None, run_after=None
[2023-05-18T17:13:16.027+0000] {processor.py:175} INFO - Processing /opt/airflow/dags/elt.py took 5.443 seconds
[2023-05-18T17:13:46.296+0000] {processor.py:153} INFO - Started process (PID=306) to work on /opt/airflow/dags/elt.py
[2023-05-18T17:13:46.298+0000] {processor.py:743} INFO - Processing file /opt/airflow/dags/elt.py for tasks to queue
[2023-05-18T17:13:46.300+0000] {logging_mixin.py:137} INFO - [2023-05-18T17:13:46.300+0000] {dagbag.py:532} INFO - Filling up the DagBag from /opt/airflow/dags/elt.py
[2023-05-18T17:13:46.636+0000] {processor.py:753} INFO - DAG(s) dict_keys(['ELT']) retrieved from /opt/airflow/dags/elt.py
[2023-05-18T17:13:51.687+0000] {logging_mixin.py:137} INFO - [2023-05-18T17:13:51.686+0000] {dag.py:2705} INFO - Sync 1 DAGs
[2023-05-18T17:13:51.721+0000] {logging_mixin.py:137} INFO - [2023-05-18T17:13:51.721+0000] {dag.py:3456} INFO - Setting next_dagrun for ELT to None, run_after=None
[2023-05-18T17:13:51.735+0000] {processor.py:175} INFO - Processing /opt/airflow/dags/elt.py took 5.447 seconds
[2023-05-18T17:14:22.007+0000] {processor.py:153} INFO - Started process (PID=322) to work on /opt/airflow/dags/elt.py
[2023-05-18T17:14:22.009+0000] {processor.py:743} INFO - Processing file /opt/airflow/dags/elt.py for tasks to queue
[2023-05-18T17:14:22.012+0000] {logging_mixin.py:137} INFO - [2023-05-18T17:14:22.012+0000] {dagbag.py:532} INFO - Filling up the DagBag from /opt/airflow/dags/elt.py
[2023-05-18T17:14:22.454+0000] {processor.py:753} INFO - DAG(s) dict_keys(['ELT']) retrieved from /opt/airflow/dags/elt.py
[2023-05-18T17:14:22.474+0000] {logging_mixin.py:137} INFO - [2023-05-18T17:14:22.474+0000] {dag.py:2705} INFO - Sync 1 DAGs
[2023-05-18T17:14:22.494+0000] {logging_mixin.py:137} INFO - [2023-05-18T17:14:22.494+0000] {dag.py:3456} INFO - Setting next_dagrun for ELT to None, run_after=None
[2023-05-18T17:14:22.520+0000] {processor.py:175} INFO - Processing /opt/airflow/dags/elt.py took 0.521 seconds
[2023-05-18T17:51:25.742+0000] {processor.py:153} INFO - Started process (PID=329) to work on /opt/airflow/dags/elt.py
[2023-05-18T17:51:25.761+0000] {processor.py:743} INFO - Processing file /opt/airflow/dags/elt.py for tasks to queue
[2023-05-18T17:51:25.775+0000] {logging_mixin.py:137} INFO - [2023-05-18T17:51:25.774+0000] {dagbag.py:532} INFO - Filling up the DagBag from /opt/airflow/dags/elt.py
[2023-05-18T17:51:26.607+0000] {processor.py:753} INFO - DAG(s) dict_keys(['ELT']) retrieved from /opt/airflow/dags/elt.py
[2023-05-18T17:51:26.630+0000] {logging_mixin.py:137} INFO - [2023-05-18T17:51:26.629+0000] {dag.py:2705} INFO - Sync 1 DAGs
[2023-05-18T17:51:26.658+0000] {logging_mixin.py:137} INFO - [2023-05-18T17:51:26.657+0000] {dag.py:3456} INFO - Setting next_dagrun for ELT to None, run_after=None
[2023-05-18T17:51:26.682+0000] {processor.py:175} INFO - Processing /opt/airflow/dags/elt.py took 0.960 seconds
[2023-05-18T17:51:56.980+0000] {processor.py:153} INFO - Started process (PID=340) to work on /opt/airflow/dags/elt.py
[2023-05-18T17:51:56.982+0000] {processor.py:743} INFO - Processing file /opt/airflow/dags/elt.py for tasks to queue
[2023-05-18T17:51:56.985+0000] {logging_mixin.py:137} INFO - [2023-05-18T17:51:56.985+0000] {dagbag.py:532} INFO - Filling up the DagBag from /opt/airflow/dags/elt.py
[2023-05-18T17:51:57.459+0000] {processor.py:753} INFO - DAG(s) dict_keys(['ELT']) retrieved from /opt/airflow/dags/elt.py
[2023-05-18T17:51:57.481+0000] {logging_mixin.py:137} INFO - [2023-05-18T17:51:57.480+0000] {dag.py:2705} INFO - Sync 1 DAGs
[2023-05-18T17:51:57.504+0000] {logging_mixin.py:137} INFO - [2023-05-18T17:51:57.504+0000] {dag.py:3456} INFO - Setting next_dagrun for ELT to None, run_after=None
[2023-05-18T17:51:57.520+0000] {processor.py:175} INFO - Processing /opt/airflow/dags/elt.py took 0.548 seconds
[2023-05-18T17:52:27.779+0000] {processor.py:153} INFO - Started process (PID=349) to work on /opt/airflow/dags/elt.py
[2023-05-18T17:52:27.782+0000] {processor.py:743} INFO - Processing file /opt/airflow/dags/elt.py for tasks to queue
[2023-05-18T17:52:27.783+0000] {logging_mixin.py:137} INFO - [2023-05-18T17:52:27.782+0000] {dagbag.py:532} INFO - Filling up the DagBag from /opt/airflow/dags/elt.py
[2023-05-18T17:52:28.258+0000] {processor.py:753} INFO - DAG(s) dict_keys(['ELT']) retrieved from /opt/airflow/dags/elt.py
[2023-05-18T17:52:28.281+0000] {logging_mixin.py:137} INFO - [2023-05-18T17:52:28.281+0000] {dag.py:2705} INFO - Sync 1 DAGs
[2023-05-18T17:52:28.301+0000] {logging_mixin.py:137} INFO - [2023-05-18T17:52:28.300+0000] {dag.py:3456} INFO - Setting next_dagrun for ELT to None, run_after=None
[2023-05-18T17:52:28.319+0000] {processor.py:175} INFO - Processing /opt/airflow/dags/elt.py took 0.546 seconds
[2023-05-18T17:52:58.538+0000] {processor.py:153} INFO - Started process (PID=358) to work on /opt/airflow/dags/elt.py
[2023-05-18T17:52:58.539+0000] {processor.py:743} INFO - Processing file /opt/airflow/dags/elt.py for tasks to queue
[2023-05-18T17:52:58.540+0000] {logging_mixin.py:137} INFO - [2023-05-18T17:52:58.540+0000] {dagbag.py:532} INFO - Filling up the DagBag from /opt/airflow/dags/elt.py
[2023-05-18T17:52:58.868+0000] {processor.py:753} INFO - DAG(s) dict_keys(['ELT']) retrieved from /opt/airflow/dags/elt.py
[2023-05-18T17:52:58.885+0000] {logging_mixin.py:137} INFO - [2023-05-18T17:52:58.885+0000] {dag.py:2705} INFO - Sync 1 DAGs
[2023-05-18T17:52:58.905+0000] {logging_mixin.py:137} INFO - [2023-05-18T17:52:58.905+0000] {dag.py:3456} INFO - Setting next_dagrun for ELT to None, run_after=None
[2023-05-18T17:52:58.921+0000] {processor.py:175} INFO - Processing /opt/airflow/dags/elt.py took 0.387 seconds
[2023-05-18T17:53:29.081+0000] {processor.py:153} INFO - Started process (PID=367) to work on /opt/airflow/dags/elt.py
[2023-05-18T17:53:29.082+0000] {processor.py:743} INFO - Processing file /opt/airflow/dags/elt.py for tasks to queue
[2023-05-18T17:53:29.083+0000] {logging_mixin.py:137} INFO - [2023-05-18T17:53:29.082+0000] {dagbag.py:532} INFO - Filling up the DagBag from /opt/airflow/dags/elt.py
[2023-05-18T17:53:29.402+0000] {processor.py:753} INFO - DAG(s) dict_keys(['ELT']) retrieved from /opt/airflow/dags/elt.py
[2023-05-18T17:53:29.419+0000] {logging_mixin.py:137} INFO - [2023-05-18T17:53:29.419+0000] {dag.py:2705} INFO - Sync 1 DAGs
[2023-05-18T17:53:29.438+0000] {logging_mixin.py:137} INFO - [2023-05-18T17:53:29.438+0000] {dag.py:3456} INFO - Setting next_dagrun for ELT to None, run_after=None
[2023-05-18T17:53:29.455+0000] {processor.py:175} INFO - Processing /opt/airflow/dags/elt.py took 0.377 seconds
[2023-05-18T17:53:59.606+0000] {processor.py:153} INFO - Started process (PID=376) to work on /opt/airflow/dags/elt.py
[2023-05-18T17:53:59.607+0000] {processor.py:743} INFO - Processing file /opt/airflow/dags/elt.py for tasks to queue
[2023-05-18T17:53:59.608+0000] {logging_mixin.py:137} INFO - [2023-05-18T17:53:59.608+0000] {dagbag.py:532} INFO - Filling up the DagBag from /opt/airflow/dags/elt.py
[2023-05-18T17:53:59.918+0000] {processor.py:753} INFO - DAG(s) dict_keys(['ELT']) retrieved from /opt/airflow/dags/elt.py
[2023-05-18T17:54:04.955+0000] {logging_mixin.py:137} INFO - [2023-05-18T17:54:04.955+0000] {dag.py:2705} INFO - Sync 1 DAGs
[2023-05-18T17:54:04.983+0000] {logging_mixin.py:137} INFO - [2023-05-18T17:54:04.983+0000] {dag.py:3456} INFO - Setting next_dagrun for ELT to None, run_after=None
[2023-05-18T17:54:05.004+0000] {processor.py:175} INFO - Processing /opt/airflow/dags/elt.py took 5.401 seconds
[2023-05-18T17:54:35.291+0000] {processor.py:153} INFO - Started process (PID=385) to work on /opt/airflow/dags/elt.py
[2023-05-18T17:54:35.293+0000] {processor.py:743} INFO - Processing file /opt/airflow/dags/elt.py for tasks to queue
[2023-05-18T17:54:35.296+0000] {logging_mixin.py:137} INFO - [2023-05-18T17:54:35.296+0000] {dagbag.py:532} INFO - Filling up the DagBag from /opt/airflow/dags/elt.py
[2023-05-18T17:54:35.630+0000] {processor.py:753} INFO - DAG(s) dict_keys(['ELT']) retrieved from /opt/airflow/dags/elt.py
[2023-05-18T17:54:35.649+0000] {logging_mixin.py:137} INFO - [2023-05-18T17:54:35.649+0000] {dag.py:2705} INFO - Sync 1 DAGs
[2023-05-18T17:54:35.669+0000] {logging_mixin.py:137} INFO - [2023-05-18T17:54:35.669+0000] {dag.py:3456} INFO - Setting next_dagrun for ELT to None, run_after=None
[2023-05-18T17:54:35.684+0000] {processor.py:175} INFO - Processing /opt/airflow/dags/elt.py took 0.401 seconds
[2023-05-18T17:55:05.966+0000] {processor.py:153} INFO - Started process (PID=394) to work on /opt/airflow/dags/elt.py
[2023-05-18T17:55:05.969+0000] {processor.py:743} INFO - Processing file /opt/airflow/dags/elt.py for tasks to queue
[2023-05-18T17:55:05.972+0000] {logging_mixin.py:137} INFO - [2023-05-18T17:55:05.971+0000] {dagbag.py:532} INFO - Filling up the DagBag from /opt/airflow/dags/elt.py
[2023-05-18T17:55:06.288+0000] {processor.py:753} INFO - DAG(s) dict_keys(['ELT']) retrieved from /opt/airflow/dags/elt.py
[2023-05-18T17:55:06.306+0000] {logging_mixin.py:137} INFO - [2023-05-18T17:55:06.305+0000] {dag.py:2705} INFO - Sync 1 DAGs
[2023-05-18T17:55:06.325+0000] {logging_mixin.py:137} INFO - [2023-05-18T17:55:06.324+0000] {dag.py:3456} INFO - Setting next_dagrun for ELT to None, run_after=None
[2023-05-18T17:55:06.340+0000] {processor.py:175} INFO - Processing /opt/airflow/dags/elt.py took 0.382 seconds
[2023-05-18T17:55:36.585+0000] {processor.py:153} INFO - Started process (PID=403) to work on /opt/airflow/dags/elt.py
[2023-05-18T17:55:36.588+0000] {processor.py:743} INFO - Processing file /opt/airflow/dags/elt.py for tasks to queue
[2023-05-18T17:55:36.591+0000] {logging_mixin.py:137} INFO - [2023-05-18T17:55:36.590+0000] {dagbag.py:532} INFO - Filling up the DagBag from /opt/airflow/dags/elt.py
[2023-05-18T17:55:36.923+0000] {processor.py:753} INFO - DAG(s) dict_keys(['ELT']) retrieved from /opt/airflow/dags/elt.py
[2023-05-18T17:55:36.969+0000] {logging_mixin.py:137} INFO - [2023-05-18T17:55:36.967+0000] {dag.py:2705} INFO - Sync 1 DAGs
[2023-05-18T17:55:36.995+0000] {logging_mixin.py:137} INFO - [2023-05-18T17:55:36.995+0000] {dag.py:3456} INFO - Setting next_dagrun for ELT to None, run_after=None
[2023-05-18T17:55:37.008+0000] {processor.py:175} INFO - Processing /opt/airflow/dags/elt.py took 0.431 seconds
[2023-05-18T17:56:07.232+0000] {processor.py:153} INFO - Started process (PID=412) to work on /opt/airflow/dags/elt.py
[2023-05-18T17:56:07.234+0000] {processor.py:743} INFO - Processing file /opt/airflow/dags/elt.py for tasks to queue
[2023-05-18T17:56:07.235+0000] {logging_mixin.py:137} INFO - [2023-05-18T17:56:07.234+0000] {dagbag.py:532} INFO - Filling up the DagBag from /opt/airflow/dags/elt.py
[2023-05-18T17:56:07.564+0000] {processor.py:753} INFO - DAG(s) dict_keys(['ELT']) retrieved from /opt/airflow/dags/elt.py
[2023-05-18T17:56:07.582+0000] {logging_mixin.py:137} INFO - [2023-05-18T17:56:07.581+0000] {dag.py:2705} INFO - Sync 1 DAGs
[2023-05-18T17:56:07.601+0000] {logging_mixin.py:137} INFO - [2023-05-18T17:56:07.600+0000] {dag.py:3456} INFO - Setting next_dagrun for ELT to None, run_after=None
[2023-05-18T17:56:07.615+0000] {processor.py:175} INFO - Processing /opt/airflow/dags/elt.py took 0.386 seconds
[2023-05-18T17:56:37.889+0000] {processor.py:153} INFO - Started process (PID=421) to work on /opt/airflow/dags/elt.py
[2023-05-18T17:56:37.892+0000] {processor.py:743} INFO - Processing file /opt/airflow/dags/elt.py for tasks to queue
[2023-05-18T17:56:37.895+0000] {logging_mixin.py:137} INFO - [2023-05-18T17:56:37.894+0000] {dagbag.py:532} INFO - Filling up the DagBag from /opt/airflow/dags/elt.py
[2023-05-18T17:56:38.218+0000] {processor.py:753} INFO - DAG(s) dict_keys(['ELT']) retrieved from /opt/airflow/dags/elt.py
[2023-05-18T17:56:38.237+0000] {logging_mixin.py:137} INFO - [2023-05-18T17:56:38.236+0000] {dag.py:2705} INFO - Sync 1 DAGs
[2023-05-18T17:56:38.256+0000] {logging_mixin.py:137} INFO - [2023-05-18T17:56:38.256+0000] {dag.py:3456} INFO - Setting next_dagrun for ELT to None, run_after=None
[2023-05-18T17:56:38.285+0000] {processor.py:175} INFO - Processing /opt/airflow/dags/elt.py took 0.404 seconds
[2023-05-18T17:57:08.535+0000] {processor.py:153} INFO - Started process (PID=430) to work on /opt/airflow/dags/elt.py
[2023-05-18T17:57:08.537+0000] {processor.py:743} INFO - Processing file /opt/airflow/dags/elt.py for tasks to queue
[2023-05-18T17:57:08.540+0000] {logging_mixin.py:137} INFO - [2023-05-18T17:57:08.540+0000] {dagbag.py:532} INFO - Filling up the DagBag from /opt/airflow/dags/elt.py
[2023-05-18T17:57:08.869+0000] {processor.py:753} INFO - DAG(s) dict_keys(['ELT']) retrieved from /opt/airflow/dags/elt.py
[2023-05-18T17:57:08.885+0000] {logging_mixin.py:137} INFO - [2023-05-18T17:57:08.885+0000] {dag.py:2705} INFO - Sync 1 DAGs
[2023-05-18T17:57:08.904+0000] {logging_mixin.py:137} INFO - [2023-05-18T17:57:08.904+0000] {dag.py:3456} INFO - Setting next_dagrun for ELT to None, run_after=None
[2023-05-18T17:57:08.918+0000] {processor.py:175} INFO - Processing /opt/airflow/dags/elt.py took 0.388 seconds
[2023-05-18T17:57:39.183+0000] {processor.py:153} INFO - Started process (PID=439) to work on /opt/airflow/dags/elt.py
[2023-05-18T17:57:39.184+0000] {processor.py:743} INFO - Processing file /opt/airflow/dags/elt.py for tasks to queue
[2023-05-18T17:57:39.185+0000] {logging_mixin.py:137} INFO - [2023-05-18T17:57:39.184+0000] {dagbag.py:532} INFO - Filling up the DagBag from /opt/airflow/dags/elt.py
[2023-05-18T17:57:39.484+0000] {processor.py:753} INFO - DAG(s) dict_keys(['ELT']) retrieved from /opt/airflow/dags/elt.py
[2023-05-18T17:57:44.538+0000] {logging_mixin.py:137} INFO - [2023-05-18T17:57:44.537+0000] {dag.py:2705} INFO - Sync 1 DAGs
[2023-05-18T17:57:44.573+0000] {logging_mixin.py:137} INFO - [2023-05-18T17:57:44.573+0000] {dag.py:3456} INFO - Setting next_dagrun for ELT to None, run_after=None
[2023-05-18T17:57:44.588+0000] {processor.py:175} INFO - Processing /opt/airflow/dags/elt.py took 5.410 seconds
[2023-05-18T17:58:14.863+0000] {processor.py:153} INFO - Started process (PID=448) to work on /opt/airflow/dags/elt.py
[2023-05-18T17:58:14.864+0000] {processor.py:743} INFO - Processing file /opt/airflow/dags/elt.py for tasks to queue
[2023-05-18T17:58:14.866+0000] {logging_mixin.py:137} INFO - [2023-05-18T17:58:14.866+0000] {dagbag.py:532} INFO - Filling up the DagBag from /opt/airflow/dags/elt.py
[2023-05-18T17:58:15.171+0000] {processor.py:753} INFO - DAG(s) dict_keys(['ELT']) retrieved from /opt/airflow/dags/elt.py
[2023-05-18T17:58:15.214+0000] {logging_mixin.py:137} INFO - [2023-05-18T17:58:15.213+0000] {dag.py:2705} INFO - Sync 1 DAGs
[2023-05-18T17:58:15.239+0000] {logging_mixin.py:137} INFO - [2023-05-18T17:58:15.239+0000] {dag.py:3456} INFO - Setting next_dagrun for ELT to None, run_after=None
[2023-05-18T17:58:15.255+0000] {processor.py:175} INFO - Processing /opt/airflow/dags/elt.py took 0.398 seconds
[2023-05-18T17:58:45.499+0000] {processor.py:153} INFO - Started process (PID=457) to work on /opt/airflow/dags/elt.py
[2023-05-18T17:58:45.501+0000] {processor.py:743} INFO - Processing file /opt/airflow/dags/elt.py for tasks to queue
[2023-05-18T17:58:45.502+0000] {logging_mixin.py:137} INFO - [2023-05-18T17:58:45.502+0000] {dagbag.py:532} INFO - Filling up the DagBag from /opt/airflow/dags/elt.py
[2023-05-18T17:58:45.932+0000] {processor.py:753} INFO - DAG(s) dict_keys(['ELT']) retrieved from /opt/airflow/dags/elt.py
[2023-05-18T17:58:45.950+0000] {logging_mixin.py:137} INFO - [2023-05-18T17:58:45.949+0000] {dag.py:2705} INFO - Sync 1 DAGs
[2023-05-18T17:58:45.972+0000] {logging_mixin.py:137} INFO - [2023-05-18T17:58:45.972+0000] {dag.py:3456} INFO - Setting next_dagrun for ELT to None, run_after=None
[2023-05-18T17:58:45.990+0000] {processor.py:175} INFO - Processing /opt/airflow/dags/elt.py took 0.496 seconds
[2023-05-18T17:59:16.245+0000] {processor.py:153} INFO - Started process (PID=466) to work on /opt/airflow/dags/elt.py
[2023-05-18T17:59:16.248+0000] {processor.py:743} INFO - Processing file /opt/airflow/dags/elt.py for tasks to queue
[2023-05-18T17:59:16.250+0000] {logging_mixin.py:137} INFO - [2023-05-18T17:59:16.250+0000] {dagbag.py:532} INFO - Filling up the DagBag from /opt/airflow/dags/elt.py
[2023-05-18T17:59:16.604+0000] {processor.py:753} INFO - DAG(s) dict_keys(['ELT']) retrieved from /opt/airflow/dags/elt.py
[2023-05-18T17:59:16.620+0000] {logging_mixin.py:137} INFO - [2023-05-18T17:59:16.620+0000] {dag.py:2705} INFO - Sync 1 DAGs
[2023-05-18T17:59:16.639+0000] {logging_mixin.py:137} INFO - [2023-05-18T17:59:16.639+0000] {dag.py:3456} INFO - Setting next_dagrun for ELT to None, run_after=None
[2023-05-18T17:59:16.653+0000] {processor.py:175} INFO - Processing /opt/airflow/dags/elt.py took 0.417 seconds
[2023-05-18T17:59:46.963+0000] {processor.py:153} INFO - Started process (PID=475) to work on /opt/airflow/dags/elt.py
[2023-05-18T17:59:46.966+0000] {processor.py:743} INFO - Processing file /opt/airflow/dags/elt.py for tasks to queue
[2023-05-18T17:59:46.969+0000] {logging_mixin.py:137} INFO - [2023-05-18T17:59:46.968+0000] {dagbag.py:532} INFO - Filling up the DagBag from /opt/airflow/dags/elt.py
[2023-05-18T17:59:47.283+0000] {processor.py:753} INFO - DAG(s) dict_keys(['ELT']) retrieved from /opt/airflow/dags/elt.py
[2023-05-18T17:59:52.337+0000] {logging_mixin.py:137} INFO - [2023-05-18T17:59:52.336+0000] {dag.py:2705} INFO - Sync 1 DAGs
[2023-05-18T17:59:52.370+0000] {logging_mixin.py:137} INFO - [2023-05-18T17:59:52.370+0000] {dag.py:3456} INFO - Setting next_dagrun for ELT to None, run_after=None
[2023-05-18T17:59:52.385+0000] {processor.py:175} INFO - Processing /opt/airflow/dags/elt.py took 5.432 seconds
[2023-05-18T18:00:22.674+0000] {processor.py:153} INFO - Started process (PID=484) to work on /opt/airflow/dags/elt.py
[2023-05-18T18:00:22.676+0000] {processor.py:743} INFO - Processing file /opt/airflow/dags/elt.py for tasks to queue
[2023-05-18T18:00:22.679+0000] {logging_mixin.py:137} INFO - [2023-05-18T18:00:22.678+0000] {dagbag.py:532} INFO - Filling up the DagBag from /opt/airflow/dags/elt.py
[2023-05-18T18:00:23.012+0000] {processor.py:753} INFO - DAG(s) dict_keys(['ELT']) retrieved from /opt/airflow/dags/elt.py
[2023-05-18T18:00:23.028+0000] {logging_mixin.py:137} INFO - [2023-05-18T18:00:23.027+0000] {dag.py:2705} INFO - Sync 1 DAGs
[2023-05-18T18:00:23.050+0000] {logging_mixin.py:137} INFO - [2023-05-18T18:00:23.050+0000] {dag.py:3456} INFO - Setting next_dagrun for ELT to None, run_after=None
[2023-05-18T18:00:23.064+0000] {processor.py:175} INFO - Processing /opt/airflow/dags/elt.py took 0.398 seconds
[2023-05-18T18:00:53.297+0000] {processor.py:153} INFO - Started process (PID=493) to work on /opt/airflow/dags/elt.py
[2023-05-18T18:00:53.298+0000] {processor.py:743} INFO - Processing file /opt/airflow/dags/elt.py for tasks to queue
[2023-05-18T18:00:53.298+0000] {logging_mixin.py:137} INFO - [2023-05-18T18:00:53.298+0000] {dagbag.py:532} INFO - Filling up the DagBag from /opt/airflow/dags/elt.py
[2023-05-18T18:00:53.624+0000] {processor.py:753} INFO - DAG(s) dict_keys(['ELT']) retrieved from /opt/airflow/dags/elt.py
[2023-05-18T18:00:58.657+0000] {logging_mixin.py:137} INFO - [2023-05-18T18:00:58.656+0000] {dag.py:2705} INFO - Sync 1 DAGs
[2023-05-18T18:00:58.680+0000] {logging_mixin.py:137} INFO - [2023-05-18T18:00:58.680+0000] {dag.py:3456} INFO - Setting next_dagrun for ELT to None, run_after=None
[2023-05-18T18:00:58.695+0000] {processor.py:175} INFO - Processing /opt/airflow/dags/elt.py took 5.402 seconds
[2023-05-18T18:01:28.904+0000] {processor.py:153} INFO - Started process (PID=509) to work on /opt/airflow/dags/elt.py
[2023-05-18T18:01:28.905+0000] {processor.py:743} INFO - Processing file /opt/airflow/dags/elt.py for tasks to queue
[2023-05-18T18:01:28.906+0000] {logging_mixin.py:137} INFO - [2023-05-18T18:01:28.906+0000] {dagbag.py:532} INFO - Filling up the DagBag from /opt/airflow/dags/elt.py
[2023-05-18T18:01:29.255+0000] {processor.py:753} INFO - DAG(s) dict_keys(['ELT']) retrieved from /opt/airflow/dags/elt.py
[2023-05-18T18:01:29.275+0000] {logging_mixin.py:137} INFO - [2023-05-18T18:01:29.274+0000] {dag.py:2705} INFO - Sync 1 DAGs
[2023-05-18T18:01:29.295+0000] {logging_mixin.py:137} INFO - [2023-05-18T18:01:29.295+0000] {dag.py:3456} INFO - Setting next_dagrun for ELT to None, run_after=None
[2023-05-18T18:01:29.310+0000] {processor.py:175} INFO - Processing /opt/airflow/dags/elt.py took 0.410 seconds
[2023-05-18T18:01:59.564+0000] {processor.py:153} INFO - Started process (PID=518) to work on /opt/airflow/dags/elt.py
[2023-05-18T18:01:59.566+0000] {processor.py:743} INFO - Processing file /opt/airflow/dags/elt.py for tasks to queue
[2023-05-18T18:01:59.570+0000] {logging_mixin.py:137} INFO - [2023-05-18T18:01:59.569+0000] {dagbag.py:532} INFO - Filling up the DagBag from /opt/airflow/dags/elt.py
[2023-05-18T18:01:59.882+0000] {processor.py:753} INFO - DAG(s) dict_keys(['ELT']) retrieved from /opt/airflow/dags/elt.py
[2023-05-18T18:01:59.925+0000] {logging_mixin.py:137} INFO - [2023-05-18T18:01:59.925+0000] {dag.py:2705} INFO - Sync 1 DAGs
[2023-05-18T18:01:59.943+0000] {logging_mixin.py:137} INFO - [2023-05-18T18:01:59.943+0000] {dag.py:3456} INFO - Setting next_dagrun for ELT to None, run_after=None
[2023-05-18T18:01:59.958+0000] {processor.py:175} INFO - Processing /opt/airflow/dags/elt.py took 0.401 seconds
[2023-05-18T18:02:30.250+0000] {processor.py:153} INFO - Started process (PID=527) to work on /opt/airflow/dags/elt.py
[2023-05-18T18:02:30.253+0000] {processor.py:743} INFO - Processing file /opt/airflow/dags/elt.py for tasks to queue
[2023-05-18T18:02:30.255+0000] {logging_mixin.py:137} INFO - [2023-05-18T18:02:30.255+0000] {dagbag.py:532} INFO - Filling up the DagBag from /opt/airflow/dags/elt.py
[2023-05-18T18:02:30.589+0000] {processor.py:753} INFO - DAG(s) dict_keys(['ELT']) retrieved from /opt/airflow/dags/elt.py
[2023-05-18T18:02:30.606+0000] {logging_mixin.py:137} INFO - [2023-05-18T18:02:30.605+0000] {dag.py:2705} INFO - Sync 1 DAGs
[2023-05-18T18:02:30.623+0000] {logging_mixin.py:137} INFO - [2023-05-18T18:02:30.623+0000] {dag.py:3456} INFO - Setting next_dagrun for ELT to None, run_after=None
[2023-05-18T18:02:30.638+0000] {processor.py:175} INFO - Processing /opt/airflow/dags/elt.py took 0.396 seconds
[2023-05-18T18:03:00.914+0000] {processor.py:153} INFO - Started process (PID=536) to work on /opt/airflow/dags/elt.py
[2023-05-18T18:03:00.916+0000] {processor.py:743} INFO - Processing file /opt/airflow/dags/elt.py for tasks to queue
[2023-05-18T18:03:00.919+0000] {logging_mixin.py:137} INFO - [2023-05-18T18:03:00.918+0000] {dagbag.py:532} INFO - Filling up the DagBag from /opt/airflow/dags/elt.py
[2023-05-18T18:03:01.242+0000] {processor.py:753} INFO - DAG(s) dict_keys(['ELT']) retrieved from /opt/airflow/dags/elt.py
[2023-05-18T18:03:01.258+0000] {logging_mixin.py:137} INFO - [2023-05-18T18:03:01.257+0000] {dag.py:2705} INFO - Sync 1 DAGs
[2023-05-18T18:03:01.276+0000] {logging_mixin.py:137} INFO - [2023-05-18T18:03:01.276+0000] {dag.py:3456} INFO - Setting next_dagrun for ELT to None, run_after=None
[2023-05-18T18:03:01.291+0000] {processor.py:175} INFO - Processing /opt/airflow/dags/elt.py took 0.387 seconds
[2023-05-18T18:03:31.567+0000] {processor.py:153} INFO - Started process (PID=545) to work on /opt/airflow/dags/elt.py
[2023-05-18T18:03:31.568+0000] {processor.py:743} INFO - Processing file /opt/airflow/dags/elt.py for tasks to queue
[2023-05-18T18:03:31.568+0000] {logging_mixin.py:137} INFO - [2023-05-18T18:03:31.568+0000] {dagbag.py:532} INFO - Filling up the DagBag from /opt/airflow/dags/elt.py
[2023-05-18T18:03:31.870+0000] {processor.py:753} INFO - DAG(s) dict_keys(['ELT']) retrieved from /opt/airflow/dags/elt.py
[2023-05-18T18:03:31.887+0000] {logging_mixin.py:137} INFO - [2023-05-18T18:03:31.886+0000] {dag.py:2705} INFO - Sync 1 DAGs
[2023-05-18T18:03:31.905+0000] {logging_mixin.py:137} INFO - [2023-05-18T18:03:31.905+0000] {dag.py:3456} INFO - Setting next_dagrun for ELT to None, run_after=None
[2023-05-18T18:03:31.920+0000] {processor.py:175} INFO - Processing /opt/airflow/dags/elt.py took 0.356 seconds
[2023-05-18T18:04:02.186+0000] {processor.py:153} INFO - Started process (PID=554) to work on /opt/airflow/dags/elt.py
[2023-05-18T18:04:02.188+0000] {processor.py:743} INFO - Processing file /opt/airflow/dags/elt.py for tasks to queue
[2023-05-18T18:04:02.190+0000] {logging_mixin.py:137} INFO - [2023-05-18T18:04:02.189+0000] {dagbag.py:532} INFO - Filling up the DagBag from /opt/airflow/dags/elt.py
[2023-05-18T18:04:02.499+0000] {processor.py:753} INFO - DAG(s) dict_keys(['ELT']) retrieved from /opt/airflow/dags/elt.py
[2023-05-18T18:04:02.546+0000] {logging_mixin.py:137} INFO - [2023-05-18T18:04:02.544+0000] {dag.py:2705} INFO - Sync 1 DAGs
[2023-05-18T18:04:02.567+0000] {logging_mixin.py:137} INFO - [2023-05-18T18:04:02.567+0000] {dag.py:3456} INFO - Setting next_dagrun for ELT to None, run_after=None
[2023-05-18T18:04:02.583+0000] {processor.py:175} INFO - Processing /opt/airflow/dags/elt.py took 0.405 seconds
[2023-05-18T18:04:32.849+0000] {processor.py:153} INFO - Started process (PID=563) to work on /opt/airflow/dags/elt.py
[2023-05-18T18:04:32.850+0000] {processor.py:743} INFO - Processing file /opt/airflow/dags/elt.py for tasks to queue
[2023-05-18T18:04:32.850+0000] {logging_mixin.py:137} INFO - [2023-05-18T18:04:32.850+0000] {dagbag.py:532} INFO - Filling up the DagBag from /opt/airflow/dags/elt.py
[2023-05-18T18:04:33.176+0000] {processor.py:753} INFO - DAG(s) dict_keys(['ELT']) retrieved from /opt/airflow/dags/elt.py
[2023-05-18T18:04:33.196+0000] {logging_mixin.py:137} INFO - [2023-05-18T18:04:33.195+0000] {dag.py:2705} INFO - Sync 1 DAGs
[2023-05-18T18:04:33.215+0000] {logging_mixin.py:137} INFO - [2023-05-18T18:04:33.215+0000] {dag.py:3456} INFO - Setting next_dagrun for ELT to None, run_after=None
[2023-05-18T18:04:33.231+0000] {processor.py:175} INFO - Processing /opt/airflow/dags/elt.py took 0.385 seconds
[2023-05-18T18:05:03.510+0000] {processor.py:153} INFO - Started process (PID=572) to work on /opt/airflow/dags/elt.py
[2023-05-18T18:05:03.511+0000] {processor.py:743} INFO - Processing file /opt/airflow/dags/elt.py for tasks to queue
[2023-05-18T18:05:03.512+0000] {logging_mixin.py:137} INFO - [2023-05-18T18:05:03.512+0000] {dagbag.py:532} INFO - Filling up the DagBag from /opt/airflow/dags/elt.py
[2023-05-18T18:05:03.810+0000] {processor.py:753} INFO - DAG(s) dict_keys(['ELT']) retrieved from /opt/airflow/dags/elt.py
[2023-05-18T18:05:08.835+0000] {logging_mixin.py:137} INFO - [2023-05-18T18:05:08.834+0000] {dag.py:2705} INFO - Sync 1 DAGs
[2023-05-18T18:05:08.855+0000] {logging_mixin.py:137} INFO - [2023-05-18T18:05:08.855+0000] {dag.py:3456} INFO - Setting next_dagrun for ELT to None, run_after=None
[2023-05-18T18:05:08.871+0000] {processor.py:175} INFO - Processing /opt/airflow/dags/elt.py took 5.364 seconds
[2023-05-18T18:05:39.079+0000] {processor.py:153} INFO - Started process (PID=581) to work on /opt/airflow/dags/elt.py
[2023-05-18T18:05:39.082+0000] {processor.py:743} INFO - Processing file /opt/airflow/dags/elt.py for tasks to queue
[2023-05-18T18:05:39.084+0000] {logging_mixin.py:137} INFO - [2023-05-18T18:05:39.084+0000] {dagbag.py:532} INFO - Filling up the DagBag from /opt/airflow/dags/elt.py
[2023-05-18T18:05:39.432+0000] {processor.py:753} INFO - DAG(s) dict_keys(['ELT']) retrieved from /opt/airflow/dags/elt.py
[2023-05-18T18:05:39.463+0000] {logging_mixin.py:137} INFO - [2023-05-18T18:05:39.462+0000] {dag.py:2705} INFO - Sync 1 DAGs
[2023-05-18T18:05:39.485+0000] {logging_mixin.py:137} INFO - [2023-05-18T18:05:39.485+0000] {dag.py:3456} INFO - Setting next_dagrun for ELT to None, run_after=None
[2023-05-18T18:05:39.500+0000] {processor.py:175} INFO - Processing /opt/airflow/dags/elt.py took 0.428 seconds
[2023-05-18T18:06:09.782+0000] {processor.py:153} INFO - Started process (PID=590) to work on /opt/airflow/dags/elt.py
[2023-05-18T18:06:09.784+0000] {processor.py:743} INFO - Processing file /opt/airflow/dags/elt.py for tasks to queue
[2023-05-18T18:06:09.787+0000] {logging_mixin.py:137} INFO - [2023-05-18T18:06:09.786+0000] {dagbag.py:532} INFO - Filling up the DagBag from /opt/airflow/dags/elt.py
[2023-05-18T18:06:10.109+0000] {processor.py:753} INFO - DAG(s) dict_keys(['ELT']) retrieved from /opt/airflow/dags/elt.py
[2023-05-18T18:06:15.160+0000] {logging_mixin.py:137} INFO - [2023-05-18T18:06:15.159+0000] {dag.py:2705} INFO - Sync 1 DAGs
[2023-05-18T18:06:15.186+0000] {logging_mixin.py:137} INFO - [2023-05-18T18:06:15.186+0000] {dag.py:3456} INFO - Setting next_dagrun for ELT to None, run_after=None
[2023-05-18T18:06:15.203+0000] {processor.py:175} INFO - Processing /opt/airflow/dags/elt.py took 5.430 seconds
[2023-05-18T18:06:45.469+0000] {processor.py:153} INFO - Started process (PID=599) to work on /opt/airflow/dags/elt.py
[2023-05-18T18:06:45.470+0000] {processor.py:743} INFO - Processing file /opt/airflow/dags/elt.py for tasks to queue
[2023-05-18T18:06:45.471+0000] {logging_mixin.py:137} INFO - [2023-05-18T18:06:45.470+0000] {dagbag.py:532} INFO - Filling up the DagBag from /opt/airflow/dags/elt.py
[2023-05-18T18:06:45.790+0000] {processor.py:753} INFO - DAG(s) dict_keys(['ELT']) retrieved from /opt/airflow/dags/elt.py
[2023-05-18T18:06:45.809+0000] {logging_mixin.py:137} INFO - [2023-05-18T18:06:45.808+0000] {dag.py:2705} INFO - Sync 1 DAGs
[2023-05-18T18:06:45.829+0000] {logging_mixin.py:137} INFO - [2023-05-18T18:06:45.829+0000] {dag.py:3456} INFO - Setting next_dagrun for ELT to None, run_after=None
[2023-05-18T18:06:45.844+0000] {processor.py:175} INFO - Processing /opt/airflow/dags/elt.py took 0.378 seconds
[2023-05-18T18:07:16.062+0000] {processor.py:153} INFO - Started process (PID=608) to work on /opt/airflow/dags/elt.py
[2023-05-18T18:07:16.063+0000] {processor.py:743} INFO - Processing file /opt/airflow/dags/elt.py for tasks to queue
[2023-05-18T18:07:16.066+0000] {logging_mixin.py:137} INFO - [2023-05-18T18:07:16.065+0000] {dagbag.py:532} INFO - Filling up the DagBag from /opt/airflow/dags/elt.py
[2023-05-18T18:07:16.386+0000] {processor.py:753} INFO - DAG(s) dict_keys(['ELT']) retrieved from /opt/airflow/dags/elt.py
[2023-05-18T18:07:16.405+0000] {logging_mixin.py:137} INFO - [2023-05-18T18:07:16.404+0000] {dag.py:2705} INFO - Sync 1 DAGs
[2023-05-18T18:07:16.425+0000] {logging_mixin.py:137} INFO - [2023-05-18T18:07:16.425+0000] {dag.py:3456} INFO - Setting next_dagrun for ELT to None, run_after=None
[2023-05-18T18:07:16.444+0000] {processor.py:175} INFO - Processing /opt/airflow/dags/elt.py took 0.388 seconds
