[2023-04-17T14:17:17.109+0000] {taskinstance.py:1090} INFO - Dependencies all met for dep_context=non-requeueable deps ti=<TaskInstance: ELT.object_transformation.sql manual__2023-04-17T14:17:13.499770+00:00 [queued]>
[2023-04-17T14:17:17.125+0000] {taskinstance.py:1090} INFO - Dependencies all met for dep_context=requeueable deps ti=<TaskInstance: ELT.object_transformation.sql manual__2023-04-17T14:17:13.499770+00:00 [queued]>
[2023-04-17T14:17:17.126+0000] {taskinstance.py:1288} INFO - 
--------------------------------------------------------------------------------
[2023-04-17T14:17:17.126+0000] {taskinstance.py:1289} INFO - Starting attempt 1 of 1
[2023-04-17T14:17:17.126+0000] {taskinstance.py:1290} INFO - 
--------------------------------------------------------------------------------
[2023-04-17T14:17:17.144+0000] {taskinstance.py:1309} INFO - Executing <Task(BashOperator): object_transformation.sql> on 2023-04-17 14:17:13.499770+00:00
[2023-04-17T14:17:17.150+0000] {standard_task_runner.py:55} INFO - Started process 180 to run task
[2023-04-17T14:17:17.153+0000] {standard_task_runner.py:82} INFO - Running: ['***', 'tasks', 'run', 'ELT', 'object_transformation.sql', 'manual__2023-04-17T14:17:13.499770+00:00', '--job-id', '44', '--raw', '--subdir', 'DAGS_FOLDER/elt.py', '--cfg-path', '/tmp/tmpy0bt_0qe']
[2023-04-17T14:17:17.154+0000] {standard_task_runner.py:83} INFO - Job 44: Subtask object_transformation.sql
[2023-04-17T14:17:17.206+0000] {task_command.py:389} INFO - Running <TaskInstance: ELT.object_transformation.sql manual__2023-04-17T14:17:13.499770+00:00 [running]> on host f3bd024c226f
[2023-04-17T14:17:17.266+0000] {taskinstance.py:1518} INFO - Exporting the following env vars:
AIRFLOW_CTX_DAG_EMAIL=200300600@ucaribe.edu.mx
AIRFLOW_CTX_DAG_OWNER=***
AIRFLOW_CTX_DAG_ID=ELT
AIRFLOW_CTX_TASK_ID=object_transformation.sql
AIRFLOW_CTX_EXECUTION_DATE=2023-04-17T14:17:13.499770+00:00
AIRFLOW_CTX_TRY_NUMBER=1
AIRFLOW_CTX_DAG_RUN_ID=manual__2023-04-17T14:17:13.499770+00:00
[2023-04-17T14:17:17.268+0000] {subprocess.py:63} INFO - Tmp dir root location: 
 /tmp
[2023-04-17T14:17:17.269+0000] {subprocess.py:75} INFO - Running command: ['/bin/bash', '-c', 'cd /opt/***/demo && dbt run']
[2023-04-17T14:17:17.283+0000] {subprocess.py:86} INFO - Output:
[2023-04-17T14:17:19.556+0000] {subprocess.py:93} INFO - [0m14:17:19  Running with dbt=1.4.5
[2023-04-17T14:17:19.619+0000] {subprocess.py:93} INFO - [0m14:17:19  [[33mWARNING[0m]: Configuration paths exist in your dbt_project.yml file which do not apply to any resources.
[2023-04-17T14:17:19.619+0000] {subprocess.py:93} INFO - There are 1 unused configuration paths:
[2023-04-17T14:17:19.619+0000] {subprocess.py:93} INFO - - models.demo.example
[2023-04-17T14:17:19.633+0000] {subprocess.py:93} INFO - [0m14:17:19  Found 1 model, 0 tests, 0 snapshots, 0 analyses, 291 macros, 0 operations, 0 seed files, 0 sources, 0 exposures, 0 metrics
[2023-04-17T14:17:19.636+0000] {subprocess.py:93} INFO - [0m14:17:19
[2023-04-17T14:17:24.754+0000] {subprocess.py:93} INFO - [0m14:17:24  Concurrency: 1 threads (target='dev')
[2023-04-17T14:17:24.755+0000] {subprocess.py:93} INFO - [0m14:17:24
[2023-04-17T14:17:24.766+0000] {subprocess.py:93} INFO - [0m14:17:24  1 of 1 START sql view model elt_dbt.object_transformation ...................... [RUN]
[2023-04-17T14:17:29.961+0000] {subprocess.py:93} INFO - [0m14:17:29  1 of 1 OK created sql view model elt_dbt.object_transformation ................. [[32mCREATE VIEW[0m in 5.19s]
[2023-04-17T14:17:35.023+0000] {subprocess.py:93} INFO - [0m14:17:35
[2023-04-17T14:17:35.025+0000] {subprocess.py:93} INFO - [0m14:17:35  Finished running 1 view model in 0 hours 0 minutes and 15.39 seconds (15.39s).
[2023-04-17T14:17:35.141+0000] {subprocess.py:93} INFO - [0m14:17:35
[2023-04-17T14:17:35.142+0000] {subprocess.py:93} INFO - [0m14:17:35  [32mCompleted successfully[0m
[2023-04-17T14:17:35.142+0000] {subprocess.py:93} INFO - [0m14:17:35
[2023-04-17T14:17:35.143+0000] {subprocess.py:93} INFO - [0m14:17:35  Done. PASS=1 WARN=0 ERROR=0 SKIP=0 TOTAL=1
[2023-04-17T14:17:36.581+0000] {subprocess.py:97} INFO - Command exited with return code 0
[2023-04-17T14:17:36.636+0000] {taskinstance.py:1332} INFO - Marking task as SUCCESS. dag_id=ELT, task_id=object_transformation.sql, execution_date=20230417T141713, start_date=20230417T141717, end_date=20230417T141736
[2023-04-17T14:17:36.695+0000] {local_task_job.py:212} INFO - Task exited with return code 0
[2023-04-17T14:17:36.712+0000] {taskinstance.py:2596} INFO - 0 downstream tasks scheduled from follow-on schedule check
