[2023-04-05T05:08:49.865+0000] {taskinstance.py:1090} INFO - Dependencies all met for dep_context=non-requeueable deps ti=<TaskInstance: ELT.object_transformation.sql manual__2023-04-05T05:08:47.619373+00:00 [queued]>
[2023-04-05T05:08:49.876+0000] {taskinstance.py:1090} INFO - Dependencies all met for dep_context=requeueable deps ti=<TaskInstance: ELT.object_transformation.sql manual__2023-04-05T05:08:47.619373+00:00 [queued]>
[2023-04-05T05:08:49.877+0000] {taskinstance.py:1288} INFO - 
--------------------------------------------------------------------------------
[2023-04-05T05:08:49.877+0000] {taskinstance.py:1289} INFO - Starting attempt 1 of 1
[2023-04-05T05:08:49.877+0000] {taskinstance.py:1290} INFO - 
--------------------------------------------------------------------------------
[2023-04-05T05:08:49.888+0000] {taskinstance.py:1309} INFO - Executing <Task(BashOperator): object_transformation.sql> on 2023-04-05 05:08:47.619373+00:00
[2023-04-05T05:08:49.895+0000] {standard_task_runner.py:55} INFO - Started process 864 to run task
[2023-04-05T05:08:49.899+0000] {standard_task_runner.py:82} INFO - Running: ['***', 'tasks', 'run', 'ELT', 'object_transformation.sql', 'manual__2023-04-05T05:08:47.619373+00:00', '--job-id', '109', '--raw', '--subdir', 'DAGS_FOLDER/elt.py', '--cfg-path', '/tmp/tmptb1yfq2e']
[2023-04-05T05:08:49.900+0000] {standard_task_runner.py:83} INFO - Job 109: Subtask object_transformation.sql
[2023-04-05T05:08:49.962+0000] {task_command.py:389} INFO - Running <TaskInstance: ELT.object_transformation.sql manual__2023-04-05T05:08:47.619373+00:00 [running]> on host bfa8d25d3169
[2023-04-05T05:08:50.046+0000] {taskinstance.py:1518} INFO - Exporting the following env vars:
AIRFLOW_CTX_DAG_EMAIL=200300600@ucaribe.edu.mx
AIRFLOW_CTX_DAG_OWNER=***
AIRFLOW_CTX_DAG_ID=ELT
AIRFLOW_CTX_TASK_ID=object_transformation.sql
AIRFLOW_CTX_EXECUTION_DATE=2023-04-05T05:08:47.619373+00:00
AIRFLOW_CTX_TRY_NUMBER=1
AIRFLOW_CTX_DAG_RUN_ID=manual__2023-04-05T05:08:47.619373+00:00
[2023-04-05T05:08:50.050+0000] {subprocess.py:63} INFO - Tmp dir root location: 
 /tmp
[2023-04-05T05:08:50.050+0000] {subprocess.py:75} INFO - Running command: ['/bin/bash', '-c', 'cd /opt/***/demo && dbt run']
[2023-04-05T05:08:50.070+0000] {subprocess.py:86} INFO - Output:
[2023-04-05T05:08:52.799+0000] {subprocess.py:93} INFO - [0m05:08:52  Running with dbt=1.4.5
[2023-04-05T05:08:52.921+0000] {subprocess.py:93} INFO - [0m05:08:52  [[33mWARNING[0m]: Configuration paths exist in your dbt_project.yml file which do not apply to any resources.
[2023-04-05T05:08:52.922+0000] {subprocess.py:93} INFO - There are 1 unused configuration paths:
[2023-04-05T05:08:52.922+0000] {subprocess.py:93} INFO - - models.demo.example
[2023-04-05T05:08:52.941+0000] {subprocess.py:93} INFO - [0m05:08:52  Found 1 model, 0 tests, 0 snapshots, 0 analyses, 291 macros, 0 operations, 0 seed files, 0 sources, 0 exposures, 0 metrics
[2023-04-05T05:08:52.947+0000] {subprocess.py:93} INFO - [0m05:08:52
[2023-04-05T05:08:53.088+0000] {subprocess.py:93} INFO - [0m05:08:53  Concurrency: 1 threads (target='dev')
[2023-04-05T05:08:53.089+0000] {subprocess.py:93} INFO - [0m05:08:53
[2023-04-05T05:08:53.097+0000] {subprocess.py:93} INFO - [0m05:08:53  1 of 1 START sql view model elt_dbt.object_transformation ...................... [RUN]
[2023-04-05T05:08:53.400+0000] {subprocess.py:93} INFO - [0m05:08:53  1 of 1 OK created sql view model elt_dbt.object_transformation ................. [[32mCREATE VIEW[0m in 0.30s]
[2023-04-05T05:08:53.450+0000] {subprocess.py:93} INFO - [0m05:08:53
[2023-04-05T05:08:53.451+0000] {subprocess.py:93} INFO - [0m05:08:53  Finished running 1 view model in 0 hours 0 minutes and 0.50 seconds (0.50s).
[2023-04-05T05:08:53.467+0000] {subprocess.py:93} INFO - [0m05:08:53
[2023-04-05T05:08:53.468+0000] {subprocess.py:93} INFO - [0m05:08:53  [32mCompleted successfully[0m
[2023-04-05T05:08:53.471+0000] {subprocess.py:93} INFO - [0m05:08:53
[2023-04-05T05:08:53.472+0000] {subprocess.py:93} INFO - [0m05:08:53  Done. PASS=1 WARN=0 ERROR=0 SKIP=0 TOTAL=1
[2023-04-05T05:08:54.309+0000] {subprocess.py:97} INFO - Command exited with return code 0
[2023-04-05T05:08:54.333+0000] {taskinstance.py:1332} INFO - Marking task as SUCCESS. dag_id=ELT, task_id=object_transformation.sql, execution_date=20230405T050847, start_date=20230405T050849, end_date=20230405T050854
[2023-04-05T05:08:54.371+0000] {local_task_job.py:212} INFO - Task exited with return code 0
[2023-04-05T05:08:54.388+0000] {taskinstance.py:2596} INFO - 0 downstream tasks scheduled from follow-on schedule check
