[2023-04-05T03:46:39.414+0000] {taskinstance.py:1090} INFO - Dependencies all met for dep_context=non-requeueable deps ti=<TaskInstance: ELT.transform manual__2023-04-05T03:46:37.216141+00:00 [queued]>
[2023-04-05T03:46:39.425+0000] {taskinstance.py:1090} INFO - Dependencies all met for dep_context=requeueable deps ti=<TaskInstance: ELT.transform manual__2023-04-05T03:46:37.216141+00:00 [queued]>
[2023-04-05T03:46:39.425+0000] {taskinstance.py:1288} INFO - 
--------------------------------------------------------------------------------
[2023-04-05T03:46:39.425+0000] {taskinstance.py:1289} INFO - Starting attempt 1 of 1
[2023-04-05T03:46:39.425+0000] {taskinstance.py:1290} INFO - 
--------------------------------------------------------------------------------
[2023-04-05T03:46:39.438+0000] {taskinstance.py:1309} INFO - Executing <Task(BashOperator): transform> on 2023-04-05 03:46:37.216141+00:00
[2023-04-05T03:46:39.444+0000] {standard_task_runner.py:55} INFO - Started process 1755 to run task
[2023-04-05T03:46:39.448+0000] {standard_task_runner.py:82} INFO - Running: ['***', 'tasks', 'run', 'ELT', 'transform', 'manual__2023-04-05T03:46:37.216141+00:00', '--job-id', '45', '--raw', '--subdir', 'DAGS_FOLDER/elt.py', '--cfg-path', '/tmp/tmpuxo7_ywu']
[2023-04-05T03:46:39.448+0000] {standard_task_runner.py:83} INFO - Job 45: Subtask transform
[2023-04-05T03:46:39.510+0000] {task_command.py:389} INFO - Running <TaskInstance: ELT.transform manual__2023-04-05T03:46:37.216141+00:00 [running]> on host 385ee18f1e17
[2023-04-05T03:46:39.571+0000] {taskinstance.py:1518} INFO - Exporting the following env vars:
AIRFLOW_CTX_DAG_EMAIL=200300600@ucaribe.edu.mx
AIRFLOW_CTX_DAG_OWNER=***
AIRFLOW_CTX_DAG_ID=ELT
AIRFLOW_CTX_TASK_ID=transform
AIRFLOW_CTX_EXECUTION_DATE=2023-04-05T03:46:37.216141+00:00
AIRFLOW_CTX_TRY_NUMBER=1
AIRFLOW_CTX_DAG_RUN_ID=manual__2023-04-05T03:46:37.216141+00:00
[2023-04-05T03:46:39.574+0000] {subprocess.py:63} INFO - Tmp dir root location: 
 /tmp
[2023-04-05T03:46:39.574+0000] {subprocess.py:75} INFO - Running command: ['/bin/bash', '-c', 'echo >(ls)']
[2023-04-05T03:46:39.590+0000] {subprocess.py:86} INFO - Output:
[2023-04-05T03:46:39.593+0000] {subprocess.py:93} INFO - /dev/fd/63
[2023-04-05T03:46:39.597+0000] {subprocess.py:97} INFO - Command exited with return code 0
[2023-04-05T03:46:39.622+0000] {taskinstance.py:1332} INFO - Marking task as SUCCESS. dag_id=ELT, task_id=transform, execution_date=20230405T034637, start_date=20230405T034639, end_date=20230405T034639
[2023-04-05T03:46:39.659+0000] {local_task_job.py:212} INFO - Task exited with return code 0
[2023-04-05T03:46:39.674+0000] {taskinstance.py:2596} INFO - 0 downstream tasks scheduled from follow-on schedule check
