[2023-04-05T04:48:38.822+0000] {taskinstance.py:1090} INFO - Dependencies all met for dep_context=non-requeueable deps ti=<TaskInstance: ELT.object_transformation.sql manual__2023-04-05T04:48:35.221507+00:00 [queued]>
[2023-04-05T04:48:38.829+0000] {taskinstance.py:1090} INFO - Dependencies all met for dep_context=requeueable deps ti=<TaskInstance: ELT.object_transformation.sql manual__2023-04-05T04:48:35.221507+00:00 [queued]>
[2023-04-05T04:48:38.829+0000] {taskinstance.py:1288} INFO - 
--------------------------------------------------------------------------------
[2023-04-05T04:48:38.830+0000] {taskinstance.py:1289} INFO - Starting attempt 1 of 1
[2023-04-05T04:48:38.830+0000] {taskinstance.py:1290} INFO - 
--------------------------------------------------------------------------------
[2023-04-05T04:48:38.842+0000] {taskinstance.py:1309} INFO - Executing <Task(BashOperator): object_transformation.sql> on 2023-04-05 04:48:35.221507+00:00
[2023-04-05T04:48:38.849+0000] {standard_task_runner.py:55} INFO - Started process 257 to run task
[2023-04-05T04:48:38.851+0000] {standard_task_runner.py:82} INFO - Running: ['***', 'tasks', 'run', 'ELT', 'object_transformation.sql', 'manual__2023-04-05T04:48:35.221507+00:00', '--job-id', '101', '--raw', '--subdir', 'DAGS_FOLDER/elt.py', '--cfg-path', '/tmp/tmp50ofosrs']
[2023-04-05T04:48:38.852+0000] {standard_task_runner.py:83} INFO - Job 101: Subtask object_transformation.sql
[2023-04-05T04:48:38.909+0000] {task_command.py:389} INFO - Running <TaskInstance: ELT.object_transformation.sql manual__2023-04-05T04:48:35.221507+00:00 [running]> on host bfa8d25d3169
[2023-04-05T04:48:38.968+0000] {taskinstance.py:1518} INFO - Exporting the following env vars:
AIRFLOW_CTX_DAG_EMAIL=200300600@ucaribe.edu.mx
AIRFLOW_CTX_DAG_OWNER=***
AIRFLOW_CTX_DAG_ID=ELT
AIRFLOW_CTX_TASK_ID=object_transformation.sql
AIRFLOW_CTX_EXECUTION_DATE=2023-04-05T04:48:35.221507+00:00
AIRFLOW_CTX_TRY_NUMBER=1
AIRFLOW_CTX_DAG_RUN_ID=manual__2023-04-05T04:48:35.221507+00:00
[2023-04-05T04:48:38.972+0000] {subprocess.py:63} INFO - Tmp dir root location: 
 /tmp
[2023-04-05T04:48:38.973+0000] {subprocess.py:75} INFO - Running command: ['/bin/bash', '-c', 'cd /opt/***/demo && dbt run']
[2023-04-05T04:48:38.988+0000] {subprocess.py:86} INFO - Output:
[2023-04-05T04:48:41.046+0000] {subprocess.py:93} INFO - [0m04:48:41  Running with dbt=1.4.5
[2023-04-05T04:48:41.134+0000] {subprocess.py:93} INFO - [0m04:48:41  [[33mWARNING[0m]: Configuration paths exist in your dbt_project.yml file which do not apply to any resources.
[2023-04-05T04:48:41.134+0000] {subprocess.py:93} INFO - There are 1 unused configuration paths:
[2023-04-05T04:48:41.134+0000] {subprocess.py:93} INFO - - models.demo.example
[2023-04-05T04:48:41.147+0000] {subprocess.py:93} INFO - [0m04:48:41  Found 1 model, 0 tests, 0 snapshots, 0 analyses, 291 macros, 0 operations, 0 seed files, 0 sources, 0 exposures, 0 metrics
[2023-04-05T04:48:41.149+0000] {subprocess.py:93} INFO - [0m04:48:41
[2023-04-05T04:48:41.222+0000] {subprocess.py:93} INFO - [0m04:48:41  Concurrency: 1 threads (target='dev')
[2023-04-05T04:48:41.222+0000] {subprocess.py:93} INFO - [0m04:48:41
[2023-04-05T04:48:41.230+0000] {subprocess.py:93} INFO - [0m04:48:41  1 of 1 START sql view model elt_dbt.object_transformation ...................... [RUN]
[2023-04-05T04:48:41.391+0000] {subprocess.py:93} INFO - [0m04:48:41  1 of 1 OK created sql view model elt_dbt.object_transformation ................. [[32mCREATE VIEW[0m in 0.16s]
[2023-04-05T04:48:41.446+0000] {subprocess.py:93} INFO - [0m04:48:41
[2023-04-05T04:48:41.447+0000] {subprocess.py:93} INFO - [0m04:48:41  Finished running 1 view model in 0 hours 0 minutes and 0.30 seconds (0.30s).
[2023-04-05T04:48:41.457+0000] {subprocess.py:93} INFO - [0m04:48:41
[2023-04-05T04:48:41.457+0000] {subprocess.py:93} INFO - [0m04:48:41  [32mCompleted successfully[0m
[2023-04-05T04:48:41.458+0000] {subprocess.py:93} INFO - [0m04:48:41
[2023-04-05T04:48:41.459+0000] {subprocess.py:93} INFO - [0m04:48:41  Done. PASS=1 WARN=0 ERROR=0 SKIP=0 TOTAL=1
[2023-04-05T04:48:41.944+0000] {subprocess.py:97} INFO - Command exited with return code 0
[2023-04-05T04:48:41.979+0000] {taskinstance.py:1332} INFO - Marking task as SUCCESS. dag_id=ELT, task_id=object_transformation.sql, execution_date=20230405T044835, start_date=20230405T044838, end_date=20230405T044841
[2023-04-05T04:48:42.032+0000] {local_task_job.py:212} INFO - Task exited with return code 0
[2023-04-05T04:48:42.049+0000] {taskinstance.py:2596} INFO - 0 downstream tasks scheduled from follow-on schedule check
