[2023-05-04T18:06:59.593+0000] {processor.py:153} INFO - Started process (PID=42) to work on /opt/airflow/dags/elt.py
[2023-05-04T18:06:59.596+0000] {processor.py:743} INFO - Processing file /opt/airflow/dags/elt.py for tasks to queue
[2023-05-04T18:06:59.597+0000] {logging_mixin.py:137} INFO - [2023-05-04T18:06:59.597+0000] {dagbag.py:532} INFO - Filling up the DagBag from /opt/airflow/dags/elt.py
[2023-05-04T18:07:00.669+0000] {processor.py:753} INFO - DAG(s) dict_keys(['ELT']) retrieved from /opt/airflow/dags/elt.py
[2023-05-04T18:07:05.832+0000] {logging_mixin.py:137} INFO - [2023-05-04T18:07:05.832+0000] {dag.py:2705} INFO - Sync 1 DAGs
[2023-05-04T18:07:05.856+0000] {logging_mixin.py:137} INFO - [2023-05-04T18:07:05.855+0000] {dag.py:3456} INFO - Setting next_dagrun for ELT to None, run_after=None
[2023-05-04T18:07:05.880+0000] {processor.py:175} INFO - Processing /opt/airflow/dags/elt.py took 6.291 seconds
[2023-05-04T18:07:36.047+0000] {processor.py:153} INFO - Started process (PID=51) to work on /opt/airflow/dags/elt.py
[2023-05-04T18:07:36.048+0000] {processor.py:743} INFO - Processing file /opt/airflow/dags/elt.py for tasks to queue
[2023-05-04T18:07:36.049+0000] {logging_mixin.py:137} INFO - [2023-05-04T18:07:36.049+0000] {dagbag.py:532} INFO - Filling up the DagBag from /opt/airflow/dags/elt.py
[2023-05-04T18:07:36.390+0000] {processor.py:753} INFO - DAG(s) dict_keys(['ELT']) retrieved from /opt/airflow/dags/elt.py
[2023-05-04T18:07:36.411+0000] {logging_mixin.py:137} INFO - [2023-05-04T18:07:36.410+0000] {dag.py:2705} INFO - Sync 1 DAGs
[2023-05-04T18:07:36.438+0000] {logging_mixin.py:137} INFO - [2023-05-04T18:07:36.437+0000] {dag.py:3456} INFO - Setting next_dagrun for ELT to None, run_after=None
[2023-05-04T18:07:36.454+0000] {processor.py:175} INFO - Processing /opt/airflow/dags/elt.py took 0.411 seconds
[2023-05-04T18:08:06.609+0000] {processor.py:153} INFO - Started process (PID=60) to work on /opt/airflow/dags/elt.py
[2023-05-04T18:08:06.610+0000] {processor.py:743} INFO - Processing file /opt/airflow/dags/elt.py for tasks to queue
[2023-05-04T18:08:06.611+0000] {logging_mixin.py:137} INFO - [2023-05-04T18:08:06.610+0000] {dagbag.py:532} INFO - Filling up the DagBag from /opt/airflow/dags/elt.py
[2023-05-04T18:08:06.936+0000] {processor.py:753} INFO - DAG(s) dict_keys(['ELT']) retrieved from /opt/airflow/dags/elt.py
[2023-05-04T18:08:11.954+0000] {logging_mixin.py:137} INFO - [2023-05-04T18:08:11.954+0000] {dag.py:2705} INFO - Sync 1 DAGs
[2023-05-04T18:08:11.976+0000] {logging_mixin.py:137} INFO - [2023-05-04T18:08:11.976+0000] {dag.py:3456} INFO - Setting next_dagrun for ELT to None, run_after=None
[2023-05-04T18:08:12.002+0000] {processor.py:175} INFO - Processing /opt/airflow/dags/elt.py took 5.398 seconds
[2023-05-04T18:08:42.168+0000] {processor.py:153} INFO - Started process (PID=69) to work on /opt/airflow/dags/elt.py
[2023-05-04T18:08:42.169+0000] {processor.py:743} INFO - Processing file /opt/airflow/dags/elt.py for tasks to queue
[2023-05-04T18:08:42.169+0000] {logging_mixin.py:137} INFO - [2023-05-04T18:08:42.169+0000] {dagbag.py:532} INFO - Filling up the DagBag from /opt/airflow/dags/elt.py
[2023-05-04T18:08:42.539+0000] {processor.py:753} INFO - DAG(s) dict_keys(['ELT']) retrieved from /opt/airflow/dags/elt.py
[2023-05-04T18:26:42.455+0000] {processor.py:153} INFO - Started process (PID=43) to work on /opt/airflow/dags/elt.py
[2023-05-04T18:26:42.457+0000] {processor.py:743} INFO - Processing file /opt/airflow/dags/elt.py for tasks to queue
[2023-05-04T18:26:42.457+0000] {logging_mixin.py:137} INFO - [2023-05-04T18:26:42.457+0000] {dagbag.py:532} INFO - Filling up the DagBag from /opt/airflow/dags/elt.py
[2023-05-04T18:26:42.891+0000] {processor.py:753} INFO - DAG(s) dict_keys(['ELT']) retrieved from /opt/airflow/dags/elt.py
[2023-05-04T18:26:42.949+0000] {logging_mixin.py:137} INFO - [2023-05-04T18:26:42.948+0000] {dag.py:2705} INFO - Sync 1 DAGs
[2023-05-04T18:26:42.974+0000] {logging_mixin.py:137} INFO - [2023-05-04T18:26:42.974+0000] {dag.py:3456} INFO - Setting next_dagrun for ELT to None, run_after=None
[2023-05-04T18:26:42.996+0000] {processor.py:175} INFO - Processing /opt/airflow/dags/elt.py took 0.544 seconds
[2023-05-04T18:27:13.192+0000] {processor.py:153} INFO - Started process (PID=52) to work on /opt/airflow/dags/elt.py
[2023-05-04T18:27:13.193+0000] {processor.py:743} INFO - Processing file /opt/airflow/dags/elt.py for tasks to queue
[2023-05-04T18:27:13.194+0000] {logging_mixin.py:137} INFO - [2023-05-04T18:27:13.194+0000] {dagbag.py:532} INFO - Filling up the DagBag from /opt/airflow/dags/elt.py
[2023-05-04T18:27:13.549+0000] {processor.py:753} INFO - DAG(s) dict_keys(['ELT']) retrieved from /opt/airflow/dags/elt.py
[2023-05-04T18:27:13.568+0000] {logging_mixin.py:137} INFO - [2023-05-04T18:27:13.567+0000] {dag.py:2705} INFO - Sync 1 DAGs
[2023-05-04T18:27:13.592+0000] {logging_mixin.py:137} INFO - [2023-05-04T18:27:13.592+0000] {dag.py:3456} INFO - Setting next_dagrun for ELT to None, run_after=None
[2023-05-04T18:27:13.617+0000] {processor.py:175} INFO - Processing /opt/airflow/dags/elt.py took 0.429 seconds
[2023-05-04T18:27:43.803+0000] {processor.py:153} INFO - Started process (PID=61) to work on /opt/airflow/dags/elt.py
[2023-05-04T18:27:43.803+0000] {processor.py:743} INFO - Processing file /opt/airflow/dags/elt.py for tasks to queue
[2023-05-04T18:27:43.804+0000] {logging_mixin.py:137} INFO - [2023-05-04T18:27:43.804+0000] {dagbag.py:532} INFO - Filling up the DagBag from /opt/airflow/dags/elt.py
[2023-05-04T18:27:44.148+0000] {processor.py:753} INFO - DAG(s) dict_keys(['ELT']) retrieved from /opt/airflow/dags/elt.py
[2023-05-04T18:27:44.166+0000] {logging_mixin.py:137} INFO - [2023-05-04T18:27:44.165+0000] {dag.py:2705} INFO - Sync 1 DAGs
[2023-05-04T18:27:44.185+0000] {logging_mixin.py:137} INFO - [2023-05-04T18:27:44.185+0000] {dag.py:3456} INFO - Setting next_dagrun for ELT to None, run_after=None
[2023-05-04T18:27:44.210+0000] {processor.py:175} INFO - Processing /opt/airflow/dags/elt.py took 0.411 seconds
[2023-05-04T18:28:14.381+0000] {processor.py:153} INFO - Started process (PID=70) to work on /opt/airflow/dags/elt.py
[2023-05-04T18:28:14.382+0000] {processor.py:743} INFO - Processing file /opt/airflow/dags/elt.py for tasks to queue
[2023-05-04T18:28:14.383+0000] {logging_mixin.py:137} INFO - [2023-05-04T18:28:14.382+0000] {dagbag.py:532} INFO - Filling up the DagBag from /opt/airflow/dags/elt.py
[2023-05-04T18:28:14.863+0000] {processor.py:753} INFO - DAG(s) dict_keys(['ELT']) retrieved from /opt/airflow/dags/elt.py
[2023-05-04T18:28:14.883+0000] {logging_mixin.py:137} INFO - [2023-05-04T18:28:14.883+0000] {dag.py:2705} INFO - Sync 1 DAGs
[2023-05-04T18:28:14.903+0000] {logging_mixin.py:137} INFO - [2023-05-04T18:28:14.903+0000] {dag.py:3456} INFO - Setting next_dagrun for ELT to None, run_after=None
[2023-05-04T18:28:14.930+0000] {processor.py:175} INFO - Processing /opt/airflow/dags/elt.py took 0.552 seconds
[2023-05-04T18:28:45.119+0000] {processor.py:153} INFO - Started process (PID=78) to work on /opt/airflow/dags/elt.py
[2023-05-04T18:28:45.120+0000] {processor.py:743} INFO - Processing file /opt/airflow/dags/elt.py for tasks to queue
[2023-05-04T18:28:45.121+0000] {logging_mixin.py:137} INFO - [2023-05-04T18:28:45.120+0000] {dagbag.py:532} INFO - Filling up the DagBag from /opt/airflow/dags/elt.py
[2023-05-04T18:28:45.494+0000] {processor.py:753} INFO - DAG(s) dict_keys(['ELT']) retrieved from /opt/airflow/dags/elt.py
[2023-05-04T18:28:50.554+0000] {logging_mixin.py:137} INFO - [2023-05-04T18:28:50.553+0000] {dag.py:2705} INFO - Sync 1 DAGs
[2023-05-04T18:28:50.574+0000] {logging_mixin.py:137} INFO - [2023-05-04T18:28:50.574+0000] {dag.py:3456} INFO - Setting next_dagrun for ELT to None, run_after=None
[2023-05-04T18:28:50.596+0000] {processor.py:175} INFO - Processing /opt/airflow/dags/elt.py took 5.480 seconds
[2023-05-04T18:29:20.761+0000] {processor.py:153} INFO - Started process (PID=87) to work on /opt/airflow/dags/elt.py
[2023-05-04T18:29:20.762+0000] {processor.py:743} INFO - Processing file /opt/airflow/dags/elt.py for tasks to queue
[2023-05-04T18:29:20.763+0000] {logging_mixin.py:137} INFO - [2023-05-04T18:29:20.763+0000] {dagbag.py:532} INFO - Filling up the DagBag from /opt/airflow/dags/elt.py
[2023-05-04T18:29:21.097+0000] {processor.py:753} INFO - DAG(s) dict_keys(['ELT']) retrieved from /opt/airflow/dags/elt.py
[2023-05-04T18:29:26.120+0000] {logging_mixin.py:137} INFO - [2023-05-04T18:29:26.119+0000] {dag.py:2705} INFO - Sync 1 DAGs
[2023-05-04T18:29:26.141+0000] {logging_mixin.py:137} INFO - [2023-05-04T18:29:26.141+0000] {dag.py:3456} INFO - Setting next_dagrun for ELT to None, run_after=None
[2023-05-04T18:29:26.158+0000] {processor.py:175} INFO - Processing /opt/airflow/dags/elt.py took 5.400 seconds
[2023-05-04T18:30:35.551+0000] {processor.py:153} INFO - Started process (PID=43) to work on /opt/airflow/dags/elt.py
[2023-05-04T18:30:35.555+0000] {processor.py:743} INFO - Processing file /opt/airflow/dags/elt.py for tasks to queue
[2023-05-04T18:30:35.556+0000] {logging_mixin.py:137} INFO - [2023-05-04T18:30:35.556+0000] {dagbag.py:532} INFO - Filling up the DagBag from /opt/airflow/dags/elt.py
[2023-05-04T18:30:35.939+0000] {processor.py:753} INFO - DAG(s) dict_keys(['ELT']) retrieved from /opt/airflow/dags/elt.py
[2023-05-04T18:30:35.998+0000] {logging_mixin.py:137} INFO - [2023-05-04T18:30:35.998+0000] {dag.py:2705} INFO - Sync 1 DAGs
[2023-05-04T18:30:36.018+0000] {logging_mixin.py:137} INFO - [2023-05-04T18:30:36.018+0000] {dag.py:3456} INFO - Setting next_dagrun for ELT to None, run_after=None
[2023-05-04T18:30:36.035+0000] {processor.py:175} INFO - Processing /opt/airflow/dags/elt.py took 0.490 seconds
[2023-05-04T18:31:06.211+0000] {processor.py:153} INFO - Started process (PID=52) to work on /opt/airflow/dags/elt.py
[2023-05-04T18:31:06.212+0000] {processor.py:743} INFO - Processing file /opt/airflow/dags/elt.py for tasks to queue
[2023-05-04T18:31:06.213+0000] {logging_mixin.py:137} INFO - [2023-05-04T18:31:06.213+0000] {dagbag.py:532} INFO - Filling up the DagBag from /opt/airflow/dags/elt.py
[2023-05-04T18:31:06.743+0000] {processor.py:753} INFO - DAG(s) dict_keys(['ELT']) retrieved from /opt/airflow/dags/elt.py
[2023-05-04T18:31:06.770+0000] {logging_mixin.py:137} INFO - [2023-05-04T18:31:06.769+0000] {dag.py:2705} INFO - Sync 1 DAGs
[2023-05-04T18:31:06.793+0000] {logging_mixin.py:137} INFO - [2023-05-04T18:31:06.793+0000] {dag.py:3456} INFO - Setting next_dagrun for ELT to None, run_after=None
[2023-05-04T18:31:06.810+0000] {processor.py:175} INFO - Processing /opt/airflow/dags/elt.py took 0.601 seconds
[2023-05-04T18:31:36.953+0000] {processor.py:153} INFO - Started process (PID=61) to work on /opt/airflow/dags/elt.py
[2023-05-04T18:31:36.955+0000] {processor.py:743} INFO - Processing file /opt/airflow/dags/elt.py for tasks to queue
[2023-05-04T18:31:36.956+0000] {logging_mixin.py:137} INFO - [2023-05-04T18:31:36.955+0000] {dagbag.py:532} INFO - Filling up the DagBag from /opt/airflow/dags/elt.py
[2023-05-04T18:31:37.421+0000] {processor.py:753} INFO - DAG(s) dict_keys(['ELT']) retrieved from /opt/airflow/dags/elt.py
[2023-05-04T18:31:37.444+0000] {logging_mixin.py:137} INFO - [2023-05-04T18:31:37.444+0000] {dag.py:2705} INFO - Sync 1 DAGs
[2023-05-04T18:31:37.467+0000] {logging_mixin.py:137} INFO - [2023-05-04T18:31:37.467+0000] {dag.py:3456} INFO - Setting next_dagrun for ELT to None, run_after=None
[2023-05-04T18:31:37.494+0000] {processor.py:175} INFO - Processing /opt/airflow/dags/elt.py took 0.545 seconds
[2023-05-04T18:32:07.697+0000] {processor.py:153} INFO - Started process (PID=70) to work on /opt/airflow/dags/elt.py
[2023-05-04T18:32:07.698+0000] {processor.py:743} INFO - Processing file /opt/airflow/dags/elt.py for tasks to queue
[2023-05-04T18:32:07.699+0000] {logging_mixin.py:137} INFO - [2023-05-04T18:32:07.699+0000] {dagbag.py:532} INFO - Filling up the DagBag from /opt/airflow/dags/elt.py
[2023-05-04T18:32:08.039+0000] {processor.py:753} INFO - DAG(s) dict_keys(['ELT']) retrieved from /opt/airflow/dags/elt.py
[2023-05-04T18:32:08.061+0000] {logging_mixin.py:137} INFO - [2023-05-04T18:32:08.060+0000] {dag.py:2705} INFO - Sync 1 DAGs
[2023-05-04T18:32:08.089+0000] {logging_mixin.py:137} INFO - [2023-05-04T18:32:08.089+0000] {dag.py:3456} INFO - Setting next_dagrun for ELT to None, run_after=None
[2023-05-04T18:32:08.106+0000] {processor.py:175} INFO - Processing /opt/airflow/dags/elt.py took 0.412 seconds
[2023-05-04T18:32:38.248+0000] {processor.py:153} INFO - Started process (PID=79) to work on /opt/airflow/dags/elt.py
[2023-05-04T18:32:38.249+0000] {processor.py:743} INFO - Processing file /opt/airflow/dags/elt.py for tasks to queue
[2023-05-04T18:32:38.250+0000] {logging_mixin.py:137} INFO - [2023-05-04T18:32:38.249+0000] {dagbag.py:532} INFO - Filling up the DagBag from /opt/airflow/dags/elt.py
[2023-05-04T18:32:38.592+0000] {processor.py:753} INFO - DAG(s) dict_keys(['ELT']) retrieved from /opt/airflow/dags/elt.py
[2023-05-04T18:32:38.611+0000] {logging_mixin.py:137} INFO - [2023-05-04T18:32:38.611+0000] {dag.py:2705} INFO - Sync 1 DAGs
[2023-05-04T18:32:38.634+0000] {logging_mixin.py:137} INFO - [2023-05-04T18:32:38.634+0000] {dag.py:3456} INFO - Setting next_dagrun for ELT to None, run_after=None
[2023-05-04T18:32:38.659+0000] {processor.py:175} INFO - Processing /opt/airflow/dags/elt.py took 0.415 seconds
[2023-05-04T18:33:08.827+0000] {processor.py:153} INFO - Started process (PID=88) to work on /opt/airflow/dags/elt.py
[2023-05-04T18:33:08.828+0000] {processor.py:743} INFO - Processing file /opt/airflow/dags/elt.py for tasks to queue
[2023-05-04T18:33:08.829+0000] {logging_mixin.py:137} INFO - [2023-05-04T18:33:08.829+0000] {dagbag.py:532} INFO - Filling up the DagBag from /opt/airflow/dags/elt.py
[2023-05-04T18:33:09.226+0000] {processor.py:753} INFO - DAG(s) dict_keys(['ELT']) retrieved from /opt/airflow/dags/elt.py
[2023-05-04T18:33:09.245+0000] {logging_mixin.py:137} INFO - [2023-05-04T18:33:09.244+0000] {dag.py:2705} INFO - Sync 1 DAGs
[2023-05-04T18:33:09.274+0000] {logging_mixin.py:137} INFO - [2023-05-04T18:33:09.273+0000] {dag.py:3456} INFO - Setting next_dagrun for ELT to None, run_after=None
[2023-05-04T18:33:09.294+0000] {processor.py:175} INFO - Processing /opt/airflow/dags/elt.py took 0.471 seconds
[2023-05-04T18:34:42.934+0000] {processor.py:153} INFO - Started process (PID=44) to work on /opt/airflow/dags/elt.py
[2023-05-04T18:34:42.939+0000] {processor.py:743} INFO - Processing file /opt/airflow/dags/elt.py for tasks to queue
[2023-05-04T18:34:42.942+0000] {logging_mixin.py:137} INFO - [2023-05-04T18:34:42.942+0000] {dagbag.py:532} INFO - Filling up the DagBag from /opt/airflow/dags/elt.py
[2023-05-04T18:34:43.415+0000] {processor.py:753} INFO - DAG(s) dict_keys(['ELT']) retrieved from /opt/airflow/dags/elt.py
[2023-05-04T18:34:43.472+0000] {logging_mixin.py:137} INFO - [2023-05-04T18:34:43.472+0000] {dag.py:2705} INFO - Sync 1 DAGs
[2023-05-04T18:34:43.491+0000] {logging_mixin.py:137} INFO - [2023-05-04T18:34:43.490+0000] {dag.py:3456} INFO - Setting next_dagrun for ELT to None, run_after=None
[2023-05-04T18:34:43.518+0000] {processor.py:175} INFO - Processing /opt/airflow/dags/elt.py took 0.588 seconds
[2023-05-04T18:35:13.706+0000] {processor.py:153} INFO - Started process (PID=53) to work on /opt/airflow/dags/elt.py
[2023-05-04T18:35:13.707+0000] {processor.py:743} INFO - Processing file /opt/airflow/dags/elt.py for tasks to queue
[2023-05-04T18:35:13.708+0000] {logging_mixin.py:137} INFO - [2023-05-04T18:35:13.708+0000] {dagbag.py:532} INFO - Filling up the DagBag from /opt/airflow/dags/elt.py
[2023-05-04T18:35:14.019+0000] {processor.py:753} INFO - DAG(s) dict_keys(['ELT']) retrieved from /opt/airflow/dags/elt.py
[2023-05-04T18:35:19.069+0000] {logging_mixin.py:137} INFO - [2023-05-04T18:35:19.062+0000] {dag.py:2705} INFO - Sync 1 DAGs
[2023-05-04T18:35:19.118+0000] {logging_mixin.py:137} INFO - [2023-05-04T18:35:19.118+0000] {dag.py:3456} INFO - Setting next_dagrun for ELT to None, run_after=None
[2023-05-04T18:35:19.156+0000] {processor.py:175} INFO - Processing /opt/airflow/dags/elt.py took 5.453 seconds
[2023-05-04T18:35:49.308+0000] {processor.py:153} INFO - Started process (PID=62) to work on /opt/airflow/dags/elt.py
[2023-05-04T18:35:49.309+0000] {processor.py:743} INFO - Processing file /opt/airflow/dags/elt.py for tasks to queue
[2023-05-04T18:35:49.310+0000] {logging_mixin.py:137} INFO - [2023-05-04T18:35:49.310+0000] {dagbag.py:532} INFO - Filling up the DagBag from /opt/airflow/dags/elt.py
[2023-05-04T18:35:49.637+0000] {processor.py:753} INFO - DAG(s) dict_keys(['ELT']) retrieved from /opt/airflow/dags/elt.py
[2023-05-04T18:35:49.655+0000] {logging_mixin.py:137} INFO - [2023-05-04T18:35:49.654+0000] {dag.py:2705} INFO - Sync 1 DAGs
[2023-05-04T18:35:49.674+0000] {logging_mixin.py:137} INFO - [2023-05-04T18:35:49.674+0000] {dag.py:3456} INFO - Setting next_dagrun for ELT to None, run_after=None
[2023-05-04T18:35:49.698+0000] {processor.py:175} INFO - Processing /opt/airflow/dags/elt.py took 0.393 seconds
[2023-05-04T18:36:19.865+0000] {processor.py:153} INFO - Started process (PID=71) to work on /opt/airflow/dags/elt.py
[2023-05-04T18:36:19.866+0000] {processor.py:743} INFO - Processing file /opt/airflow/dags/elt.py for tasks to queue
[2023-05-04T18:36:19.867+0000] {logging_mixin.py:137} INFO - [2023-05-04T18:36:19.866+0000] {dagbag.py:532} INFO - Filling up the DagBag from /opt/airflow/dags/elt.py
[2023-05-04T18:36:20.174+0000] {processor.py:753} INFO - DAG(s) dict_keys(['ELT']) retrieved from /opt/airflow/dags/elt.py
[2023-05-04T18:36:25.198+0000] {logging_mixin.py:137} INFO - [2023-05-04T18:36:25.197+0000] {dag.py:2705} INFO - Sync 1 DAGs
[2023-05-04T18:36:25.218+0000] {logging_mixin.py:137} INFO - [2023-05-04T18:36:25.218+0000] {dag.py:3456} INFO - Setting next_dagrun for ELT to None, run_after=None
[2023-05-04T18:36:25.234+0000] {processor.py:175} INFO - Processing /opt/airflow/dags/elt.py took 5.372 seconds
