[2023-04-05T04:54:06.890+0000] {taskinstance.py:1090} INFO - Dependencies all met for dep_context=non-requeueable deps ti=<TaskInstance: ELT.create_extract_data manual__2023-04-05T04:54:06.002477+00:00 [queued]>
[2023-04-05T04:54:06.900+0000] {taskinstance.py:1090} INFO - Dependencies all met for dep_context=requeueable deps ti=<TaskInstance: ELT.create_extract_data manual__2023-04-05T04:54:06.002477+00:00 [queued]>
[2023-04-05T04:54:06.900+0000] {taskinstance.py:1288} INFO - 
--------------------------------------------------------------------------------
[2023-04-05T04:54:06.900+0000] {taskinstance.py:1289} INFO - Starting attempt 1 of 1
[2023-04-05T04:54:06.901+0000] {taskinstance.py:1290} INFO - 
--------------------------------------------------------------------------------
[2023-04-05T04:54:06.913+0000] {taskinstance.py:1309} INFO - Executing <Task(PythonOperator): create_extract_data> on 2023-04-05 04:54:06.002477+00:00
[2023-04-05T04:54:06.920+0000] {standard_task_runner.py:55} INFO - Started process 438 to run task
[2023-04-05T04:54:06.923+0000] {standard_task_runner.py:82} INFO - Running: ['***', 'tasks', 'run', 'ELT', 'create_extract_data', 'manual__2023-04-05T04:54:06.002477+00:00', '--job-id', '104', '--raw', '--subdir', 'DAGS_FOLDER/elt.py', '--cfg-path', '/tmp/tmp_2c2pyl7']
[2023-04-05T04:54:06.924+0000] {standard_task_runner.py:83} INFO - Job 104: Subtask create_extract_data
[2023-04-05T04:54:07.007+0000] {task_command.py:389} INFO - Running <TaskInstance: ELT.create_extract_data manual__2023-04-05T04:54:06.002477+00:00 [running]> on host bfa8d25d3169
[2023-04-05T04:54:07.112+0000] {taskinstance.py:1518} INFO - Exporting the following env vars:
AIRFLOW_CTX_DAG_EMAIL=200300600@ucaribe.edu.mx
AIRFLOW_CTX_DAG_OWNER=***
AIRFLOW_CTX_DAG_ID=ELT
AIRFLOW_CTX_TASK_ID=create_extract_data
AIRFLOW_CTX_EXECUTION_DATE=2023-04-05T04:54:06.002477+00:00
AIRFLOW_CTX_TRY_NUMBER=1
AIRFLOW_CTX_DAG_RUN_ID=manual__2023-04-05T04:54:06.002477+00:00
[2023-04-05T04:54:07.156+0000] {python.py:177} INFO - Done. Returned value was: None
[2023-04-05T04:54:07.170+0000] {taskinstance.py:1332} INFO - Marking task as SUCCESS. dag_id=ELT, task_id=create_extract_data, execution_date=20230405T045406, start_date=20230405T045406, end_date=20230405T045407
[2023-04-05T04:54:07.216+0000] {local_task_job.py:212} INFO - Task exited with return code 0
[2023-04-05T04:54:07.240+0000] {taskinstance.py:2596} INFO - 1 downstream tasks scheduled from follow-on schedule check
