[2023-04-17T14:13:36.388+0000] {processor.py:153} INFO - Started process (PID=53) to work on /home/airflow/.local/lib/python3.7/site-packages/airflow/example_dags/example_complex.py
[2023-04-17T14:13:36.389+0000] {processor.py:743} INFO - Processing file /home/airflow/.local/lib/python3.7/site-packages/airflow/example_dags/example_complex.py for tasks to queue
[2023-04-17T14:13:36.390+0000] {logging_mixin.py:137} INFO - [2023-04-17T14:13:36.390+0000] {dagbag.py:532} INFO - Filling up the DagBag from /home/airflow/.local/lib/python3.7/site-packages/airflow/example_dags/example_complex.py
[2023-04-17T14:13:36.407+0000] {logging_mixin.py:137} INFO - [2023-04-17T14:13:36.407+0000] {taskmixin.py:211} WARNING - Dependency <Task(BashOperator): create_entry_group>, delete_entry_group already registered for DAG: example_complex
[2023-04-17T14:13:36.408+0000] {logging_mixin.py:137} INFO - [2023-04-17T14:13:36.408+0000] {taskmixin.py:211} WARNING - Dependency <Task(BashOperator): delete_entry_group>, create_entry_group already registered for DAG: example_complex
[2023-04-17T14:13:36.408+0000] {logging_mixin.py:137} INFO - [2023-04-17T14:13:36.408+0000] {taskmixin.py:211} WARNING - Dependency <Task(BashOperator): create_entry_gcs>, delete_entry already registered for DAG: example_complex
[2023-04-17T14:13:36.409+0000] {logging_mixin.py:137} INFO - [2023-04-17T14:13:36.409+0000] {taskmixin.py:211} WARNING - Dependency <Task(BashOperator): delete_entry>, create_entry_gcs already registered for DAG: example_complex
[2023-04-17T14:13:36.409+0000] {logging_mixin.py:137} INFO - [2023-04-17T14:13:36.409+0000] {taskmixin.py:211} WARNING - Dependency <Task(BashOperator): create_tag>, delete_tag already registered for DAG: example_complex
[2023-04-17T14:13:36.410+0000] {logging_mixin.py:137} INFO - [2023-04-17T14:13:36.409+0000] {taskmixin.py:211} WARNING - Dependency <Task(BashOperator): delete_tag>, create_tag already registered for DAG: example_complex
[2023-04-17T14:13:36.421+0000] {processor.py:753} INFO - DAG(s) dict_keys(['example_complex']) retrieved from /home/airflow/.local/lib/python3.7/site-packages/airflow/example_dags/example_complex.py
[2023-04-17T14:13:36.435+0000] {logging_mixin.py:137} INFO - [2023-04-17T14:13:36.435+0000] {dag.py:2705} INFO - Sync 1 DAGs
[2023-04-17T14:13:36.462+0000] {logging_mixin.py:137} INFO - [2023-04-17T14:13:36.461+0000] {dag.py:3456} INFO - Setting next_dagrun for example_complex to None, run_after=None
[2023-04-17T14:13:36.481+0000] {processor.py:175} INFO - Processing /home/airflow/.local/lib/python3.7/site-packages/airflow/example_dags/example_complex.py took 0.098 seconds
[2023-04-17T14:14:14.562+0000] {processor.py:153} INFO - Started process (PID=103) to work on /home/airflow/.local/lib/python3.7/site-packages/airflow/example_dags/example_complex.py
[2023-04-17T14:14:14.563+0000] {processor.py:743} INFO - Processing file /home/airflow/.local/lib/python3.7/site-packages/airflow/example_dags/example_complex.py for tasks to queue
[2023-04-17T14:14:14.564+0000] {logging_mixin.py:137} INFO - [2023-04-17T14:14:14.564+0000] {dagbag.py:532} INFO - Filling up the DagBag from /home/airflow/.local/lib/python3.7/site-packages/airflow/example_dags/example_complex.py
[2023-04-17T14:14:14.578+0000] {logging_mixin.py:137} INFO - [2023-04-17T14:14:14.578+0000] {taskmixin.py:211} WARNING - Dependency <Task(BashOperator): create_entry_group>, delete_entry_group already registered for DAG: example_complex
[2023-04-17T14:14:14.578+0000] {logging_mixin.py:137} INFO - [2023-04-17T14:14:14.578+0000] {taskmixin.py:211} WARNING - Dependency <Task(BashOperator): delete_entry_group>, create_entry_group already registered for DAG: example_complex
[2023-04-17T14:14:14.579+0000] {logging_mixin.py:137} INFO - [2023-04-17T14:14:14.579+0000] {taskmixin.py:211} WARNING - Dependency <Task(BashOperator): create_entry_gcs>, delete_entry already registered for DAG: example_complex
[2023-04-17T14:14:14.579+0000] {logging_mixin.py:137} INFO - [2023-04-17T14:14:14.579+0000] {taskmixin.py:211} WARNING - Dependency <Task(BashOperator): delete_entry>, create_entry_gcs already registered for DAG: example_complex
[2023-04-17T14:14:14.580+0000] {logging_mixin.py:137} INFO - [2023-04-17T14:14:14.580+0000] {taskmixin.py:211} WARNING - Dependency <Task(BashOperator): create_tag>, delete_tag already registered for DAG: example_complex
[2023-04-17T14:14:14.580+0000] {logging_mixin.py:137} INFO - [2023-04-17T14:14:14.580+0000] {taskmixin.py:211} WARNING - Dependency <Task(BashOperator): delete_tag>, create_tag already registered for DAG: example_complex
[2023-04-17T14:14:14.589+0000] {processor.py:753} INFO - DAG(s) dict_keys(['example_complex']) retrieved from /home/airflow/.local/lib/python3.7/site-packages/airflow/example_dags/example_complex.py
[2023-04-17T14:14:19.776+0000] {logging_mixin.py:137} INFO - [2023-04-17T14:14:19.776+0000] {process_utils.py:256} INFO - Waiting up to 5 seconds for processes to exit...
