[2023-04-17T14:13:36.108+0000] {processor.py:153} INFO - Started process (PID=51) to work on /home/airflow/.local/lib/python3.7/site-packages/airflow/example_dags/example_datasets.py
[2023-04-17T14:13:36.109+0000] {processor.py:743} INFO - Processing file /home/airflow/.local/lib/python3.7/site-packages/airflow/example_dags/example_datasets.py for tasks to queue
[2023-04-17T14:13:36.110+0000] {logging_mixin.py:137} INFO - [2023-04-17T14:13:36.109+0000] {dagbag.py:532} INFO - Filling up the DagBag from /home/airflow/.local/lib/python3.7/site-packages/airflow/example_dags/example_datasets.py
[2023-04-17T14:13:36.125+0000] {processor.py:753} INFO - DAG(s) dict_keys(['dataset_consumes_unknown_never_scheduled', 'dataset_consumes_1', 'dataset_produces_2', 'dataset_consumes_1_and_2', 'dataset_produces_1', 'dataset_consumes_1_never_scheduled']) retrieved from /home/airflow/.local/lib/python3.7/site-packages/airflow/example_dags/example_datasets.py
[2023-04-17T14:13:36.145+0000] {logging_mixin.py:137} INFO - [2023-04-17T14:13:36.145+0000] {dag.py:2705} INFO - Sync 6 DAGs
[2023-04-17T14:13:36.173+0000] {logging_mixin.py:137} INFO - [2023-04-17T14:13:36.172+0000] {dag.py:3456} INFO - Setting next_dagrun for dataset_consumes_1 to None, run_after=None
[2023-04-17T14:13:36.177+0000] {logging_mixin.py:137} INFO - [2023-04-17T14:13:36.177+0000] {dag.py:3456} INFO - Setting next_dagrun for dataset_consumes_1_and_2 to None, run_after=None
[2023-04-17T14:13:36.178+0000] {logging_mixin.py:137} INFO - [2023-04-17T14:13:36.178+0000] {dag.py:3456} INFO - Setting next_dagrun for dataset_consumes_1_never_scheduled to None, run_after=None
[2023-04-17T14:13:36.180+0000] {logging_mixin.py:137} INFO - [2023-04-17T14:13:36.180+0000] {dag.py:3456} INFO - Setting next_dagrun for dataset_consumes_unknown_never_scheduled to None, run_after=None
[2023-04-17T14:13:36.184+0000] {logging_mixin.py:137} INFO - [2023-04-17T14:13:36.183+0000] {dag.py:3456} INFO - Setting next_dagrun for dataset_produces_1 to 2023-04-16T00:00:00+00:00, run_after=2023-04-17T00:00:00+00:00
[2023-04-17T14:13:36.186+0000] {logging_mixin.py:137} INFO - [2023-04-17T14:13:36.185+0000] {dag.py:3456} INFO - Setting next_dagrun for dataset_produces_2 to None, run_after=None
[2023-04-17T14:13:36.230+0000] {processor.py:175} INFO - Processing /home/airflow/.local/lib/python3.7/site-packages/airflow/example_dags/example_datasets.py took 0.125 seconds
[2023-04-17T14:14:14.211+0000] {processor.py:153} INFO - Started process (PID=101) to work on /home/airflow/.local/lib/python3.7/site-packages/airflow/example_dags/example_datasets.py
[2023-04-17T14:14:14.212+0000] {processor.py:743} INFO - Processing file /home/airflow/.local/lib/python3.7/site-packages/airflow/example_dags/example_datasets.py for tasks to queue
[2023-04-17T14:14:14.212+0000] {logging_mixin.py:137} INFO - [2023-04-17T14:14:14.212+0000] {dagbag.py:532} INFO - Filling up the DagBag from /home/airflow/.local/lib/python3.7/site-packages/airflow/example_dags/example_datasets.py
[2023-04-17T14:14:14.231+0000] {processor.py:753} INFO - DAG(s) dict_keys(['dataset_consumes_1_and_2', 'dataset_produces_2', 'dataset_consumes_unknown_never_scheduled', 'dataset_produces_1', 'dataset_consumes_1_never_scheduled', 'dataset_consumes_1']) retrieved from /home/airflow/.local/lib/python3.7/site-packages/airflow/example_dags/example_datasets.py
[2023-04-17T14:14:14.314+0000] {logging_mixin.py:137} INFO - [2023-04-17T14:14:14.314+0000] {dag.py:2705} INFO - Sync 6 DAGs
[2023-04-17T14:14:14.347+0000] {logging_mixin.py:137} INFO - [2023-04-17T14:14:14.347+0000] {dag.py:3456} INFO - Setting next_dagrun for dataset_consumes_1 to None, run_after=None
[2023-04-17T14:14:14.350+0000] {logging_mixin.py:137} INFO - [2023-04-17T14:14:14.350+0000] {dag.py:3456} INFO - Setting next_dagrun for dataset_consumes_1_and_2 to None, run_after=None
[2023-04-17T14:14:14.352+0000] {logging_mixin.py:137} INFO - [2023-04-17T14:14:14.352+0000] {dag.py:3456} INFO - Setting next_dagrun for dataset_consumes_1_never_scheduled to None, run_after=None
[2023-04-17T14:14:14.353+0000] {logging_mixin.py:137} INFO - [2023-04-17T14:14:14.353+0000] {dag.py:3456} INFO - Setting next_dagrun for dataset_consumes_unknown_never_scheduled to None, run_after=None
[2023-04-17T14:14:14.356+0000] {logging_mixin.py:137} INFO - [2023-04-17T14:14:14.355+0000] {dag.py:3456} INFO - Setting next_dagrun for dataset_produces_1 to 2023-04-16T00:00:00+00:00, run_after=2023-04-17T00:00:00+00:00
[2023-04-17T14:14:14.357+0000] {logging_mixin.py:137} INFO - [2023-04-17T14:14:14.357+0000] {dag.py:3456} INFO - Setting next_dagrun for dataset_produces_2 to None, run_after=None
[2023-04-17T14:14:14.387+0000] {processor.py:175} INFO - Processing /home/airflow/.local/lib/python3.7/site-packages/airflow/example_dags/example_datasets.py took 0.179 seconds
