[2023-04-17T14:13:35.219+0000] {processor.py:153} INFO - Started process (PID=43) to work on /opt/airflow/dags/elt.py
[2023-04-17T14:13:35.221+0000] {processor.py:743} INFO - Processing file /opt/airflow/dags/elt.py for tasks to queue
[2023-04-17T14:13:35.230+0000] {logging_mixin.py:137} INFO - [2023-04-17T14:13:35.230+0000] {dagbag.py:532} INFO - Filling up the DagBag from /opt/airflow/dags/elt.py
[2023-04-17T14:13:35.735+0000] {processor.py:753} INFO - DAG(s) dict_keys(['ELT']) retrieved from /opt/airflow/dags/elt.py
[2023-04-17T14:13:40.809+0000] {logging_mixin.py:137} INFO - [2023-04-17T14:13:40.809+0000] {dag.py:2705} INFO - Sync 1 DAGs
[2023-04-17T14:13:40.828+0000] {logging_mixin.py:137} INFO - [2023-04-17T14:13:40.828+0000] {dag.py:3456} INFO - Setting next_dagrun for ELT to None, run_after=None
[2023-04-17T14:13:40.847+0000] {processor.py:175} INFO - Processing /opt/airflow/dags/elt.py took 5.635 seconds
[2023-04-17T14:16:16.453+0000] {processor.py:153} INFO - Started process (PID=123) to work on /opt/airflow/dags/elt.py
[2023-04-17T14:16:16.458+0000] {processor.py:743} INFO - Processing file /opt/airflow/dags/elt.py for tasks to queue
[2023-04-17T14:16:16.462+0000] {logging_mixin.py:137} INFO - [2023-04-17T14:16:16.461+0000] {dagbag.py:532} INFO - Filling up the DagBag from /opt/airflow/dags/elt.py
[2023-04-17T14:16:17.631+0000] {processor.py:753} INFO - DAG(s) dict_keys(['ELT']) retrieved from /opt/airflow/dags/elt.py
[2023-04-17T14:16:17.768+0000] {logging_mixin.py:137} INFO - [2023-04-17T14:16:17.768+0000] {dag.py:2705} INFO - Sync 1 DAGs
[2023-04-17T14:16:17.796+0000] {logging_mixin.py:137} INFO - [2023-04-17T14:16:17.796+0000] {dag.py:3456} INFO - Setting next_dagrun for ELT to None, run_after=None
[2023-04-17T14:16:18.046+0000] {processor.py:175} INFO - Processing /opt/airflow/dags/elt.py took 1.596 seconds
[2023-04-17T14:16:48.312+0000] {processor.py:153} INFO - Started process (PID=132) to work on /opt/airflow/dags/elt.py
[2023-04-17T14:16:48.315+0000] {processor.py:743} INFO - Processing file /opt/airflow/dags/elt.py for tasks to queue
[2023-04-17T14:16:48.316+0000] {logging_mixin.py:137} INFO - [2023-04-17T14:16:48.316+0000] {dagbag.py:532} INFO - Filling up the DagBag from /opt/airflow/dags/elt.py
[2023-04-17T14:16:48.919+0000] {processor.py:753} INFO - DAG(s) dict_keys(['ELT']) retrieved from /opt/airflow/dags/elt.py
[2023-04-17T14:16:48.940+0000] {logging_mixin.py:137} INFO - [2023-04-17T14:16:48.940+0000] {dag.py:2705} INFO - Sync 1 DAGs
[2023-04-17T14:16:48.963+0000] {logging_mixin.py:137} INFO - [2023-04-17T14:16:48.963+0000] {dag.py:3456} INFO - Setting next_dagrun for ELT to None, run_after=None
[2023-04-17T14:16:48.980+0000] {processor.py:175} INFO - Processing /opt/airflow/dags/elt.py took 0.677 seconds
[2023-04-17T14:17:19.215+0000] {processor.py:153} INFO - Started process (PID=141) to work on /opt/airflow/dags/elt.py
[2023-04-17T14:17:19.216+0000] {processor.py:743} INFO - Processing file /opt/airflow/dags/elt.py for tasks to queue
[2023-04-17T14:17:19.217+0000] {logging_mixin.py:137} INFO - [2023-04-17T14:17:19.217+0000] {dagbag.py:532} INFO - Filling up the DagBag from /opt/airflow/dags/elt.py
[2023-04-17T14:17:19.560+0000] {processor.py:753} INFO - DAG(s) dict_keys(['ELT']) retrieved from /opt/airflow/dags/elt.py
[2023-04-17T14:17:24.588+0000] {logging_mixin.py:137} INFO - [2023-04-17T14:17:24.587+0000] {dag.py:2705} INFO - Sync 1 DAGs
[2023-04-17T14:17:24.613+0000] {logging_mixin.py:137} INFO - [2023-04-17T14:17:24.613+0000] {dag.py:3456} INFO - Setting next_dagrun for ELT to None, run_after=None
[2023-04-17T14:17:24.641+0000] {processor.py:175} INFO - Processing /opt/airflow/dags/elt.py took 5.430 seconds
[2023-04-17T14:17:54.924+0000] {processor.py:153} INFO - Started process (PID=150) to work on /opt/airflow/dags/elt.py
[2023-04-17T14:17:54.926+0000] {processor.py:743} INFO - Processing file /opt/airflow/dags/elt.py for tasks to queue
[2023-04-17T14:17:54.927+0000] {logging_mixin.py:137} INFO - [2023-04-17T14:17:54.926+0000] {dagbag.py:532} INFO - Filling up the DagBag from /opt/airflow/dags/elt.py
[2023-04-17T14:17:55.441+0000] {processor.py:753} INFO - DAG(s) dict_keys(['ELT']) retrieved from /opt/airflow/dags/elt.py
[2023-04-17T14:17:55.465+0000] {logging_mixin.py:137} INFO - [2023-04-17T14:17:55.465+0000] {dag.py:2705} INFO - Sync 1 DAGs
[2023-04-17T14:17:55.488+0000] {logging_mixin.py:137} INFO - [2023-04-17T14:17:55.487+0000] {dag.py:3456} INFO - Setting next_dagrun for ELT to None, run_after=None
[2023-04-17T14:17:55.514+0000] {processor.py:175} INFO - Processing /opt/airflow/dags/elt.py took 0.596 seconds
[2023-04-17T14:18:25.709+0000] {processor.py:153} INFO - Started process (PID=159) to work on /opt/airflow/dags/elt.py
[2023-04-17T14:18:25.710+0000] {processor.py:743} INFO - Processing file /opt/airflow/dags/elt.py for tasks to queue
[2023-04-17T14:18:25.712+0000] {logging_mixin.py:137} INFO - [2023-04-17T14:18:25.712+0000] {dagbag.py:532} INFO - Filling up the DagBag from /opt/airflow/dags/elt.py
[2023-04-17T14:18:26.216+0000] {processor.py:753} INFO - DAG(s) dict_keys(['ELT']) retrieved from /opt/airflow/dags/elt.py
[2023-04-17T14:18:26.238+0000] {logging_mixin.py:137} INFO - [2023-04-17T14:18:26.238+0000] {dag.py:2705} INFO - Sync 1 DAGs
[2023-04-17T14:18:26.259+0000] {logging_mixin.py:137} INFO - [2023-04-17T14:18:26.258+0000] {dag.py:3456} INFO - Setting next_dagrun for ELT to None, run_after=None
[2023-04-17T14:18:26.287+0000] {processor.py:175} INFO - Processing /opt/airflow/dags/elt.py took 0.581 seconds
[2023-04-17T14:18:56.615+0000] {processor.py:153} INFO - Started process (PID=168) to work on /opt/airflow/dags/elt.py
[2023-04-17T14:18:56.617+0000] {processor.py:743} INFO - Processing file /opt/airflow/dags/elt.py for tasks to queue
[2023-04-17T14:18:56.620+0000] {logging_mixin.py:137} INFO - [2023-04-17T14:18:56.620+0000] {dagbag.py:532} INFO - Filling up the DagBag from /opt/airflow/dags/elt.py
[2023-04-17T14:18:57.115+0000] {processor.py:753} INFO - DAG(s) dict_keys(['ELT']) retrieved from /opt/airflow/dags/elt.py
[2023-04-17T14:18:57.137+0000] {logging_mixin.py:137} INFO - [2023-04-17T14:18:57.136+0000] {dag.py:2705} INFO - Sync 1 DAGs
[2023-04-17T14:18:57.156+0000] {logging_mixin.py:137} INFO - [2023-04-17T14:18:57.156+0000] {dag.py:3456} INFO - Setting next_dagrun for ELT to None, run_after=None
[2023-04-17T14:18:57.185+0000] {processor.py:175} INFO - Processing /opt/airflow/dags/elt.py took 0.579 seconds
[2023-04-17T14:19:27.277+0000] {processor.py:153} INFO - Started process (PID=177) to work on /opt/airflow/dags/elt.py
[2023-04-17T14:19:27.280+0000] {processor.py:743} INFO - Processing file /opt/airflow/dags/elt.py for tasks to queue
[2023-04-17T14:19:27.283+0000] {logging_mixin.py:137} INFO - [2023-04-17T14:19:27.283+0000] {dagbag.py:532} INFO - Filling up the DagBag from /opt/airflow/dags/elt.py
[2023-04-17T14:19:27.748+0000] {processor.py:753} INFO - DAG(s) dict_keys(['ELT']) retrieved from /opt/airflow/dags/elt.py
[2023-04-17T14:19:27.773+0000] {logging_mixin.py:137} INFO - [2023-04-17T14:19:27.773+0000] {dag.py:2705} INFO - Sync 1 DAGs
[2023-04-17T14:19:27.794+0000] {logging_mixin.py:137} INFO - [2023-04-17T14:19:27.794+0000] {dag.py:3456} INFO - Setting next_dagrun for ELT to None, run_after=None
[2023-04-17T14:19:27.810+0000] {processor.py:175} INFO - Processing /opt/airflow/dags/elt.py took 0.541 seconds
[2023-04-17T14:19:58.115+0000] {processor.py:153} INFO - Started process (PID=186) to work on /opt/airflow/dags/elt.py
[2023-04-17T14:19:58.117+0000] {processor.py:743} INFO - Processing file /opt/airflow/dags/elt.py for tasks to queue
[2023-04-17T14:19:58.120+0000] {logging_mixin.py:137} INFO - [2023-04-17T14:19:58.120+0000] {dagbag.py:532} INFO - Filling up the DagBag from /opt/airflow/dags/elt.py
[2023-04-17T14:19:58.594+0000] {processor.py:753} INFO - DAG(s) dict_keys(['ELT']) retrieved from /opt/airflow/dags/elt.py
[2023-04-17T14:19:58.616+0000] {logging_mixin.py:137} INFO - [2023-04-17T14:19:58.616+0000] {dag.py:2705} INFO - Sync 1 DAGs
[2023-04-17T14:19:58.637+0000] {logging_mixin.py:137} INFO - [2023-04-17T14:19:58.637+0000] {dag.py:3456} INFO - Setting next_dagrun for ELT to None, run_after=None
[2023-04-17T14:19:58.653+0000] {processor.py:175} INFO - Processing /opt/airflow/dags/elt.py took 0.546 seconds
[2023-04-17T14:20:28.951+0000] {processor.py:153} INFO - Started process (PID=195) to work on /opt/airflow/dags/elt.py
[2023-04-17T14:20:28.952+0000] {processor.py:743} INFO - Processing file /opt/airflow/dags/elt.py for tasks to queue
[2023-04-17T14:20:28.953+0000] {logging_mixin.py:137} INFO - [2023-04-17T14:20:28.953+0000] {dagbag.py:532} INFO - Filling up the DagBag from /opt/airflow/dags/elt.py
[2023-04-17T14:20:29.596+0000] {processor.py:753} INFO - DAG(s) dict_keys(['ELT']) retrieved from /opt/airflow/dags/elt.py
[2023-04-17T14:20:29.618+0000] {logging_mixin.py:137} INFO - [2023-04-17T14:20:29.618+0000] {dag.py:2705} INFO - Sync 1 DAGs
[2023-04-17T14:20:29.643+0000] {logging_mixin.py:137} INFO - [2023-04-17T14:20:29.643+0000] {dag.py:3456} INFO - Setting next_dagrun for ELT to None, run_after=None
[2023-04-17T14:20:29.662+0000] {processor.py:175} INFO - Processing /opt/airflow/dags/elt.py took 0.715 seconds
[2023-04-17T14:20:59.953+0000] {processor.py:153} INFO - Started process (PID=204) to work on /opt/airflow/dags/elt.py
[2023-04-17T14:20:59.955+0000] {processor.py:743} INFO - Processing file /opt/airflow/dags/elt.py for tasks to queue
[2023-04-17T14:20:59.956+0000] {logging_mixin.py:137} INFO - [2023-04-17T14:20:59.956+0000] {dagbag.py:532} INFO - Filling up the DagBag from /opt/airflow/dags/elt.py
[2023-04-17T14:21:00.407+0000] {processor.py:753} INFO - DAG(s) dict_keys(['ELT']) retrieved from /opt/airflow/dags/elt.py
[2023-04-17T14:21:00.454+0000] {logging_mixin.py:137} INFO - [2023-04-17T14:21:00.450+0000] {dag.py:2705} INFO - Sync 1 DAGs
[2023-04-17T14:21:00.476+0000] {logging_mixin.py:137} INFO - [2023-04-17T14:21:00.476+0000] {dag.py:3456} INFO - Setting next_dagrun for ELT to None, run_after=None
[2023-04-17T14:21:00.492+0000] {processor.py:175} INFO - Processing /opt/airflow/dags/elt.py took 0.544 seconds
[2023-04-17T14:21:30.874+0000] {processor.py:153} INFO - Started process (PID=213) to work on /opt/airflow/dags/elt.py
[2023-04-17T14:21:30.877+0000] {processor.py:743} INFO - Processing file /opt/airflow/dags/elt.py for tasks to queue
[2023-04-17T14:21:30.880+0000] {logging_mixin.py:137} INFO - [2023-04-17T14:21:30.879+0000] {dagbag.py:532} INFO - Filling up the DagBag from /opt/airflow/dags/elt.py
[2023-04-17T14:21:31.343+0000] {processor.py:753} INFO - DAG(s) dict_keys(['ELT']) retrieved from /opt/airflow/dags/elt.py
[2023-04-17T14:21:31.389+0000] {logging_mixin.py:137} INFO - [2023-04-17T14:21:31.388+0000] {dag.py:2705} INFO - Sync 1 DAGs
[2023-04-17T14:21:31.415+0000] {logging_mixin.py:137} INFO - [2023-04-17T14:21:31.415+0000] {dag.py:3456} INFO - Setting next_dagrun for ELT to None, run_after=None
[2023-04-17T14:21:31.441+0000] {processor.py:175} INFO - Processing /opt/airflow/dags/elt.py took 0.578 seconds
[2023-04-17T14:22:01.686+0000] {processor.py:153} INFO - Started process (PID=222) to work on /opt/airflow/dags/elt.py
[2023-04-17T14:22:01.688+0000] {processor.py:743} INFO - Processing file /opt/airflow/dags/elt.py for tasks to queue
[2023-04-17T14:22:01.692+0000] {logging_mixin.py:137} INFO - [2023-04-17T14:22:01.691+0000] {dagbag.py:532} INFO - Filling up the DagBag from /opt/airflow/dags/elt.py
[2023-04-17T14:22:02.156+0000] {processor.py:753} INFO - DAG(s) dict_keys(['ELT']) retrieved from /opt/airflow/dags/elt.py
[2023-04-17T14:22:02.176+0000] {logging_mixin.py:137} INFO - [2023-04-17T14:22:02.176+0000] {dag.py:2705} INFO - Sync 1 DAGs
[2023-04-17T14:22:02.195+0000] {logging_mixin.py:137} INFO - [2023-04-17T14:22:02.195+0000] {dag.py:3456} INFO - Setting next_dagrun for ELT to None, run_after=None
[2023-04-17T14:22:02.211+0000] {processor.py:175} INFO - Processing /opt/airflow/dags/elt.py took 0.533 seconds
[2023-04-17T14:22:32.551+0000] {processor.py:153} INFO - Started process (PID=231) to work on /opt/airflow/dags/elt.py
[2023-04-17T14:22:32.553+0000] {processor.py:743} INFO - Processing file /opt/airflow/dags/elt.py for tasks to queue
[2023-04-17T14:22:32.556+0000] {logging_mixin.py:137} INFO - [2023-04-17T14:22:32.556+0000] {dagbag.py:532} INFO - Filling up the DagBag from /opt/airflow/dags/elt.py
[2023-04-17T14:22:33.010+0000] {processor.py:753} INFO - DAG(s) dict_keys(['ELT']) retrieved from /opt/airflow/dags/elt.py
[2023-04-17T14:22:33.045+0000] {logging_mixin.py:137} INFO - [2023-04-17T14:22:33.044+0000] {dag.py:2705} INFO - Sync 1 DAGs
[2023-04-17T14:22:33.067+0000] {logging_mixin.py:137} INFO - [2023-04-17T14:22:33.067+0000] {dag.py:3456} INFO - Setting next_dagrun for ELT to None, run_after=None
[2023-04-17T14:22:33.085+0000] {processor.py:175} INFO - Processing /opt/airflow/dags/elt.py took 0.542 seconds
[2023-04-17T14:23:03.290+0000] {processor.py:153} INFO - Started process (PID=240) to work on /opt/airflow/dags/elt.py
[2023-04-17T14:23:03.293+0000] {processor.py:743} INFO - Processing file /opt/airflow/dags/elt.py for tasks to queue
[2023-04-17T14:23:03.295+0000] {logging_mixin.py:137} INFO - [2023-04-17T14:23:03.295+0000] {dagbag.py:532} INFO - Filling up the DagBag from /opt/airflow/dags/elt.py
[2023-04-17T14:23:03.769+0000] {processor.py:753} INFO - DAG(s) dict_keys(['ELT']) retrieved from /opt/airflow/dags/elt.py
[2023-04-17T14:23:03.816+0000] {logging_mixin.py:137} INFO - [2023-04-17T14:23:03.815+0000] {dag.py:2705} INFO - Sync 1 DAGs
[2023-04-17T14:23:03.848+0000] {logging_mixin.py:137} INFO - [2023-04-17T14:23:03.848+0000] {dag.py:3456} INFO - Setting next_dagrun for ELT to None, run_after=None
[2023-04-17T14:23:03.865+0000] {processor.py:175} INFO - Processing /opt/airflow/dags/elt.py took 0.584 seconds
[2023-04-17T14:23:34.180+0000] {processor.py:153} INFO - Started process (PID=249) to work on /opt/airflow/dags/elt.py
[2023-04-17T14:23:34.183+0000] {processor.py:743} INFO - Processing file /opt/airflow/dags/elt.py for tasks to queue
[2023-04-17T14:23:34.185+0000] {logging_mixin.py:137} INFO - [2023-04-17T14:23:34.185+0000] {dagbag.py:532} INFO - Filling up the DagBag from /opt/airflow/dags/elt.py
[2023-04-17T14:23:34.641+0000] {processor.py:753} INFO - DAG(s) dict_keys(['ELT']) retrieved from /opt/airflow/dags/elt.py
[2023-04-17T14:23:39.673+0000] {logging_mixin.py:137} INFO - [2023-04-17T14:23:39.673+0000] {dag.py:2705} INFO - Sync 1 DAGs
[2023-04-17T14:23:39.700+0000] {logging_mixin.py:137} INFO - [2023-04-17T14:23:39.699+0000] {dag.py:3456} INFO - Setting next_dagrun for ELT to None, run_after=None
[2023-04-17T14:23:39.715+0000] {processor.py:175} INFO - Processing /opt/airflow/dags/elt.py took 5.540 seconds
[2023-04-17T14:24:09.884+0000] {processor.py:153} INFO - Started process (PID=258) to work on /opt/airflow/dags/elt.py
[2023-04-17T14:24:09.885+0000] {processor.py:743} INFO - Processing file /opt/airflow/dags/elt.py for tasks to queue
[2023-04-17T14:24:09.886+0000] {logging_mixin.py:137} INFO - [2023-04-17T14:24:09.885+0000] {dagbag.py:532} INFO - Filling up the DagBag from /opt/airflow/dags/elt.py
[2023-04-17T14:24:10.344+0000] {processor.py:753} INFO - DAG(s) dict_keys(['ELT']) retrieved from /opt/airflow/dags/elt.py
[2023-04-17T14:24:10.366+0000] {logging_mixin.py:137} INFO - [2023-04-17T14:24:10.366+0000] {dag.py:2705} INFO - Sync 1 DAGs
[2023-04-17T14:24:10.386+0000] {logging_mixin.py:137} INFO - [2023-04-17T14:24:10.386+0000] {dag.py:3456} INFO - Setting next_dagrun for ELT to None, run_after=None
[2023-04-17T14:24:10.412+0000] {processor.py:175} INFO - Processing /opt/airflow/dags/elt.py took 0.532 seconds
[2023-04-17T14:24:40.734+0000] {processor.py:153} INFO - Started process (PID=267) to work on /opt/airflow/dags/elt.py
[2023-04-17T14:24:40.736+0000] {processor.py:743} INFO - Processing file /opt/airflow/dags/elt.py for tasks to queue
[2023-04-17T14:24:40.739+0000] {logging_mixin.py:137} INFO - [2023-04-17T14:24:40.739+0000] {dagbag.py:532} INFO - Filling up the DagBag from /opt/airflow/dags/elt.py
[2023-04-17T14:24:41.225+0000] {processor.py:753} INFO - DAG(s) dict_keys(['ELT']) retrieved from /opt/airflow/dags/elt.py
[2023-04-17T14:24:41.248+0000] {logging_mixin.py:137} INFO - [2023-04-17T14:24:41.248+0000] {dag.py:2705} INFO - Sync 1 DAGs
[2023-04-17T14:24:41.271+0000] {logging_mixin.py:137} INFO - [2023-04-17T14:24:41.270+0000] {dag.py:3456} INFO - Setting next_dagrun for ELT to None, run_after=None
[2023-04-17T14:24:41.288+0000] {processor.py:175} INFO - Processing /opt/airflow/dags/elt.py took 0.563 seconds
[2023-04-17T14:25:11.466+0000] {processor.py:153} INFO - Started process (PID=276) to work on /opt/airflow/dags/elt.py
[2023-04-17T14:25:11.467+0000] {processor.py:743} INFO - Processing file /opt/airflow/dags/elt.py for tasks to queue
[2023-04-17T14:25:11.468+0000] {logging_mixin.py:137} INFO - [2023-04-17T14:25:11.468+0000] {dagbag.py:532} INFO - Filling up the DagBag from /opt/airflow/dags/elt.py
[2023-04-17T14:25:11.943+0000] {processor.py:753} INFO - DAG(s) dict_keys(['ELT']) retrieved from /opt/airflow/dags/elt.py
[2023-04-17T14:25:11.964+0000] {logging_mixin.py:137} INFO - [2023-04-17T14:25:11.963+0000] {dag.py:2705} INFO - Sync 1 DAGs
[2023-04-17T14:25:11.986+0000] {logging_mixin.py:137} INFO - [2023-04-17T14:25:11.985+0000] {dag.py:3456} INFO - Setting next_dagrun for ELT to None, run_after=None
[2023-04-17T14:25:12.011+0000] {processor.py:175} INFO - Processing /opt/airflow/dags/elt.py took 0.549 seconds
[2023-04-17T14:25:42.331+0000] {processor.py:153} INFO - Started process (PID=285) to work on /opt/airflow/dags/elt.py
[2023-04-17T14:25:42.334+0000] {processor.py:743} INFO - Processing file /opt/airflow/dags/elt.py for tasks to queue
[2023-04-17T14:25:42.337+0000] {logging_mixin.py:137} INFO - [2023-04-17T14:25:42.337+0000] {dagbag.py:532} INFO - Filling up the DagBag from /opt/airflow/dags/elt.py
[2023-04-17T14:25:42.814+0000] {processor.py:753} INFO - DAG(s) dict_keys(['ELT']) retrieved from /opt/airflow/dags/elt.py
[2023-04-17T14:25:42.835+0000] {logging_mixin.py:137} INFO - [2023-04-17T14:25:42.835+0000] {dag.py:2705} INFO - Sync 1 DAGs
[2023-04-17T14:25:42.855+0000] {logging_mixin.py:137} INFO - [2023-04-17T14:25:42.855+0000] {dag.py:3456} INFO - Setting next_dagrun for ELT to None, run_after=None
[2023-04-17T14:25:42.885+0000] {processor.py:175} INFO - Processing /opt/airflow/dags/elt.py took 0.561 seconds
[2023-04-17T14:26:13.061+0000] {processor.py:153} INFO - Started process (PID=294) to work on /opt/airflow/dags/elt.py
[2023-04-17T14:26:13.063+0000] {processor.py:743} INFO - Processing file /opt/airflow/dags/elt.py for tasks to queue
[2023-04-17T14:26:13.066+0000] {logging_mixin.py:137} INFO - [2023-04-17T14:26:13.065+0000] {dagbag.py:532} INFO - Filling up the DagBag from /opt/airflow/dags/elt.py
[2023-04-17T14:26:13.523+0000] {processor.py:753} INFO - DAG(s) dict_keys(['ELT']) retrieved from /opt/airflow/dags/elt.py
[2023-04-17T14:26:13.544+0000] {logging_mixin.py:137} INFO - [2023-04-17T14:26:13.544+0000] {dag.py:2705} INFO - Sync 1 DAGs
[2023-04-17T14:26:13.566+0000] {logging_mixin.py:137} INFO - [2023-04-17T14:26:13.565+0000] {dag.py:3456} INFO - Setting next_dagrun for ELT to None, run_after=None
[2023-04-17T14:26:13.605+0000] {processor.py:175} INFO - Processing /opt/airflow/dags/elt.py took 0.553 seconds
[2023-04-17T14:26:43.950+0000] {processor.py:153} INFO - Started process (PID=304) to work on /opt/airflow/dags/elt.py
[2023-04-17T14:26:43.953+0000] {processor.py:743} INFO - Processing file /opt/airflow/dags/elt.py for tasks to queue
[2023-04-17T14:26:43.964+0000] {logging_mixin.py:137} INFO - [2023-04-17T14:26:43.963+0000] {dagbag.py:532} INFO - Filling up the DagBag from /opt/airflow/dags/elt.py
[2023-04-17T14:26:44.457+0000] {processor.py:753} INFO - DAG(s) dict_keys(['ELT']) retrieved from /opt/airflow/dags/elt.py
[2023-04-17T14:26:44.480+0000] {logging_mixin.py:137} INFO - [2023-04-17T14:26:44.479+0000] {dag.py:2705} INFO - Sync 1 DAGs
[2023-04-17T14:26:44.502+0000] {logging_mixin.py:137} INFO - [2023-04-17T14:26:44.502+0000] {dag.py:3456} INFO - Setting next_dagrun for ELT to None, run_after=None
[2023-04-17T14:26:44.528+0000] {processor.py:175} INFO - Processing /opt/airflow/dags/elt.py took 0.587 seconds
[2023-04-17T14:27:14.688+0000] {processor.py:153} INFO - Started process (PID=321) to work on /opt/airflow/dags/elt.py
[2023-04-17T14:27:14.691+0000] {processor.py:743} INFO - Processing file /opt/airflow/dags/elt.py for tasks to queue
[2023-04-17T14:27:14.694+0000] {logging_mixin.py:137} INFO - [2023-04-17T14:27:14.694+0000] {dagbag.py:532} INFO - Filling up the DagBag from /opt/airflow/dags/elt.py
[2023-04-17T14:27:15.165+0000] {processor.py:753} INFO - DAG(s) dict_keys(['ELT']) retrieved from /opt/airflow/dags/elt.py
[2023-04-17T14:27:20.194+0000] {logging_mixin.py:137} INFO - [2023-04-17T14:27:20.192+0000] {dag.py:2705} INFO - Sync 1 DAGs
[2023-04-17T14:27:20.217+0000] {logging_mixin.py:137} INFO - [2023-04-17T14:27:20.217+0000] {dag.py:3456} INFO - Setting next_dagrun for ELT to None, run_after=None
[2023-04-17T14:27:20.244+0000] {processor.py:175} INFO - Processing /opt/airflow/dags/elt.py took 5.564 seconds
[2023-04-17T14:27:50.526+0000] {processor.py:153} INFO - Started process (PID=330) to work on /opt/airflow/dags/elt.py
[2023-04-17T14:27:50.527+0000] {processor.py:743} INFO - Processing file /opt/airflow/dags/elt.py for tasks to queue
[2023-04-17T14:27:50.537+0000] {logging_mixin.py:137} INFO - [2023-04-17T14:27:50.537+0000] {dagbag.py:532} INFO - Filling up the DagBag from /opt/airflow/dags/elt.py
[2023-04-17T14:27:50.980+0000] {processor.py:753} INFO - DAG(s) dict_keys(['ELT']) retrieved from /opt/airflow/dags/elt.py
[2023-04-17T14:27:51.002+0000] {logging_mixin.py:137} INFO - [2023-04-17T14:27:51.002+0000] {dag.py:2705} INFO - Sync 1 DAGs
[2023-04-17T14:27:51.023+0000] {logging_mixin.py:137} INFO - [2023-04-17T14:27:51.023+0000] {dag.py:3456} INFO - Setting next_dagrun for ELT to None, run_after=None
[2023-04-17T14:27:51.050+0000] {processor.py:175} INFO - Processing /opt/airflow/dags/elt.py took 0.528 seconds
[2023-04-17T14:28:21.343+0000] {processor.py:153} INFO - Started process (PID=340) to work on /opt/airflow/dags/elt.py
[2023-04-17T14:28:21.346+0000] {processor.py:743} INFO - Processing file /opt/airflow/dags/elt.py for tasks to queue
[2023-04-17T14:28:21.348+0000] {logging_mixin.py:137} INFO - [2023-04-17T14:28:21.347+0000] {dagbag.py:532} INFO - Filling up the DagBag from /opt/airflow/dags/elt.py
[2023-04-17T14:28:21.803+0000] {processor.py:753} INFO - DAG(s) dict_keys(['ELT']) retrieved from /opt/airflow/dags/elt.py
[2023-04-17T14:28:21.823+0000] {logging_mixin.py:137} INFO - [2023-04-17T14:28:21.823+0000] {dag.py:2705} INFO - Sync 1 DAGs
[2023-04-17T14:28:21.842+0000] {logging_mixin.py:137} INFO - [2023-04-17T14:28:21.842+0000] {dag.py:3456} INFO - Setting next_dagrun for ELT to None, run_after=None
[2023-04-17T14:28:21.857+0000] {processor.py:175} INFO - Processing /opt/airflow/dags/elt.py took 0.520 seconds
[2023-04-17T14:28:52.155+0000] {processor.py:153} INFO - Started process (PID=349) to work on /opt/airflow/dags/elt.py
[2023-04-17T14:28:52.158+0000] {processor.py:743} INFO - Processing file /opt/airflow/dags/elt.py for tasks to queue
[2023-04-17T14:28:52.161+0000] {logging_mixin.py:137} INFO - [2023-04-17T14:28:52.160+0000] {dagbag.py:532} INFO - Filling up the DagBag from /opt/airflow/dags/elt.py
[2023-04-17T14:28:52.632+0000] {processor.py:753} INFO - DAG(s) dict_keys(['ELT']) retrieved from /opt/airflow/dags/elt.py
[2023-04-17T14:28:52.653+0000] {logging_mixin.py:137} INFO - [2023-04-17T14:28:52.652+0000] {dag.py:2705} INFO - Sync 1 DAGs
[2023-04-17T14:28:52.673+0000] {logging_mixin.py:137} INFO - [2023-04-17T14:28:52.673+0000] {dag.py:3456} INFO - Setting next_dagrun for ELT to None, run_after=None
[2023-04-17T14:28:52.691+0000] {processor.py:175} INFO - Processing /opt/airflow/dags/elt.py took 0.544 seconds
[2023-04-17T14:29:22.843+0000] {processor.py:153} INFO - Started process (PID=358) to work on /opt/airflow/dags/elt.py
[2023-04-17T14:29:22.846+0000] {processor.py:743} INFO - Processing file /opt/airflow/dags/elt.py for tasks to queue
[2023-04-17T14:29:22.849+0000] {logging_mixin.py:137} INFO - [2023-04-17T14:29:22.848+0000] {dagbag.py:532} INFO - Filling up the DagBag from /opt/airflow/dags/elt.py
[2023-04-17T14:29:23.318+0000] {processor.py:753} INFO - DAG(s) dict_keys(['ELT']) retrieved from /opt/airflow/dags/elt.py
[2023-04-17T14:29:28.344+0000] {logging_mixin.py:137} INFO - [2023-04-17T14:29:28.343+0000] {dag.py:2705} INFO - Sync 1 DAGs
[2023-04-17T14:29:28.364+0000] {logging_mixin.py:137} INFO - [2023-04-17T14:29:28.364+0000] {dag.py:3456} INFO - Setting next_dagrun for ELT to None, run_after=None
[2023-04-17T14:29:28.393+0000] {processor.py:175} INFO - Processing /opt/airflow/dags/elt.py took 5.562 seconds
[2023-04-17T14:29:58.741+0000] {processor.py:153} INFO - Started process (PID=367) to work on /opt/airflow/dags/elt.py
[2023-04-17T14:29:58.744+0000] {processor.py:743} INFO - Processing file /opt/airflow/dags/elt.py for tasks to queue
[2023-04-17T14:29:58.747+0000] {logging_mixin.py:137} INFO - [2023-04-17T14:29:58.746+0000] {dagbag.py:532} INFO - Filling up the DagBag from /opt/airflow/dags/elt.py
[2023-04-17T14:29:59.250+0000] {processor.py:753} INFO - DAG(s) dict_keys(['ELT']) retrieved from /opt/airflow/dags/elt.py
[2023-04-17T14:29:59.273+0000] {logging_mixin.py:137} INFO - [2023-04-17T14:29:59.272+0000] {dag.py:2705} INFO - Sync 1 DAGs
[2023-04-17T14:29:59.296+0000] {logging_mixin.py:137} INFO - [2023-04-17T14:29:59.296+0000] {dag.py:3456} INFO - Setting next_dagrun for ELT to None, run_after=None
[2023-04-17T14:29:59.314+0000] {processor.py:175} INFO - Processing /opt/airflow/dags/elt.py took 0.582 seconds
[2023-04-17T14:30:29.554+0000] {processor.py:153} INFO - Started process (PID=376) to work on /opt/airflow/dags/elt.py
[2023-04-17T14:30:29.556+0000] {processor.py:743} INFO - Processing file /opt/airflow/dags/elt.py for tasks to queue
[2023-04-17T14:30:29.559+0000] {logging_mixin.py:137} INFO - [2023-04-17T14:30:29.558+0000] {dagbag.py:532} INFO - Filling up the DagBag from /opt/airflow/dags/elt.py
[2023-04-17T14:30:30.023+0000] {processor.py:753} INFO - DAG(s) dict_keys(['ELT']) retrieved from /opt/airflow/dags/elt.py
[2023-04-17T14:30:30.045+0000] {logging_mixin.py:137} INFO - [2023-04-17T14:30:30.044+0000] {dag.py:2705} INFO - Sync 1 DAGs
[2023-04-17T14:30:30.066+0000] {logging_mixin.py:137} INFO - [2023-04-17T14:30:30.066+0000] {dag.py:3456} INFO - Setting next_dagrun for ELT to None, run_after=None
[2023-04-17T14:30:30.093+0000] {processor.py:175} INFO - Processing /opt/airflow/dags/elt.py took 0.547 seconds
[2023-04-17T14:31:00.394+0000] {processor.py:153} INFO - Started process (PID=385) to work on /opt/airflow/dags/elt.py
[2023-04-17T14:31:00.397+0000] {processor.py:743} INFO - Processing file /opt/airflow/dags/elt.py for tasks to queue
[2023-04-17T14:31:00.400+0000] {logging_mixin.py:137} INFO - [2023-04-17T14:31:00.399+0000] {dagbag.py:532} INFO - Filling up the DagBag from /opt/airflow/dags/elt.py
[2023-04-17T14:31:00.866+0000] {processor.py:753} INFO - DAG(s) dict_keys(['ELT']) retrieved from /opt/airflow/dags/elt.py
[2023-04-17T14:31:00.888+0000] {logging_mixin.py:137} INFO - [2023-04-17T14:31:00.887+0000] {dag.py:2705} INFO - Sync 1 DAGs
[2023-04-17T14:31:00.909+0000] {logging_mixin.py:137} INFO - [2023-04-17T14:31:00.908+0000] {dag.py:3456} INFO - Setting next_dagrun for ELT to None, run_after=None
[2023-04-17T14:31:00.937+0000] {processor.py:175} INFO - Processing /opt/airflow/dags/elt.py took 0.552 seconds
[2023-04-17T14:31:31.131+0000] {processor.py:153} INFO - Started process (PID=394) to work on /opt/airflow/dags/elt.py
[2023-04-17T14:31:31.134+0000] {processor.py:743} INFO - Processing file /opt/airflow/dags/elt.py for tasks to queue
[2023-04-17T14:31:31.137+0000] {logging_mixin.py:137} INFO - [2023-04-17T14:31:31.136+0000] {dagbag.py:532} INFO - Filling up the DagBag from /opt/airflow/dags/elt.py
[2023-04-17T14:31:31.602+0000] {processor.py:753} INFO - DAG(s) dict_keys(['ELT']) retrieved from /opt/airflow/dags/elt.py
[2023-04-17T14:31:31.623+0000] {logging_mixin.py:137} INFO - [2023-04-17T14:31:31.623+0000] {dag.py:2705} INFO - Sync 1 DAGs
[2023-04-17T14:31:31.642+0000] {logging_mixin.py:137} INFO - [2023-04-17T14:31:31.642+0000] {dag.py:3456} INFO - Setting next_dagrun for ELT to None, run_after=None
[2023-04-17T14:31:31.669+0000] {processor.py:175} INFO - Processing /opt/airflow/dags/elt.py took 0.546 seconds
[2023-04-17T14:32:02.009+0000] {processor.py:153} INFO - Started process (PID=403) to work on /opt/airflow/dags/elt.py
[2023-04-17T14:32:02.012+0000] {processor.py:743} INFO - Processing file /opt/airflow/dags/elt.py for tasks to queue
[2023-04-17T14:32:02.014+0000] {logging_mixin.py:137} INFO - [2023-04-17T14:32:02.014+0000] {dagbag.py:532} INFO - Filling up the DagBag from /opt/airflow/dags/elt.py
[2023-04-17T14:32:02.488+0000] {processor.py:753} INFO - DAG(s) dict_keys(['ELT']) retrieved from /opt/airflow/dags/elt.py
[2023-04-17T14:32:07.530+0000] {logging_mixin.py:137} INFO - [2023-04-17T14:32:07.529+0000] {dag.py:2705} INFO - Sync 1 DAGs
[2023-04-17T14:32:07.557+0000] {logging_mixin.py:137} INFO - [2023-04-17T14:32:07.556+0000] {dag.py:3456} INFO - Setting next_dagrun for ELT to None, run_after=None
[2023-04-17T14:32:07.586+0000] {processor.py:175} INFO - Processing /opt/airflow/dags/elt.py took 5.585 seconds
[2023-04-17T14:32:37.768+0000] {processor.py:153} INFO - Started process (PID=412) to work on /opt/airflow/dags/elt.py
[2023-04-17T14:32:37.770+0000] {processor.py:743} INFO - Processing file /opt/airflow/dags/elt.py for tasks to queue
[2023-04-17T14:32:37.773+0000] {logging_mixin.py:137} INFO - [2023-04-17T14:32:37.773+0000] {dagbag.py:532} INFO - Filling up the DagBag from /opt/airflow/dags/elt.py
[2023-04-17T14:32:38.237+0000] {processor.py:753} INFO - DAG(s) dict_keys(['ELT']) retrieved from /opt/airflow/dags/elt.py
[2023-04-17T14:32:43.264+0000] {logging_mixin.py:137} INFO - [2023-04-17T14:32:43.264+0000] {dag.py:2705} INFO - Sync 1 DAGs
[2023-04-17T14:32:43.286+0000] {logging_mixin.py:137} INFO - [2023-04-17T14:32:43.286+0000] {dag.py:3456} INFO - Setting next_dagrun for ELT to None, run_after=None
[2023-04-17T14:32:43.316+0000] {processor.py:175} INFO - Processing /opt/airflow/dags/elt.py took 5.556 seconds
[2023-04-17T14:33:13.647+0000] {processor.py:153} INFO - Started process (PID=420) to work on /opt/airflow/dags/elt.py
[2023-04-17T14:33:13.650+0000] {processor.py:743} INFO - Processing file /opt/airflow/dags/elt.py for tasks to queue
[2023-04-17T14:33:13.652+0000] {logging_mixin.py:137} INFO - [2023-04-17T14:33:13.651+0000] {dagbag.py:532} INFO - Filling up the DagBag from /opt/airflow/dags/elt.py
[2023-04-17T14:33:14.124+0000] {processor.py:753} INFO - DAG(s) dict_keys(['ELT']) retrieved from /opt/airflow/dags/elt.py
[2023-04-17T14:33:14.148+0000] {logging_mixin.py:137} INFO - [2023-04-17T14:33:14.148+0000] {dag.py:2705} INFO - Sync 1 DAGs
[2023-04-17T14:33:14.169+0000] {logging_mixin.py:137} INFO - [2023-04-17T14:33:14.169+0000] {dag.py:3456} INFO - Setting next_dagrun for ELT to None, run_after=None
[2023-04-17T14:33:14.198+0000] {processor.py:175} INFO - Processing /opt/airflow/dags/elt.py took 0.565 seconds
[2023-04-17T14:33:44.452+0000] {processor.py:153} INFO - Started process (PID=429) to work on /opt/airflow/dags/elt.py
[2023-04-17T14:33:44.455+0000] {processor.py:743} INFO - Processing file /opt/airflow/dags/elt.py for tasks to queue
[2023-04-17T14:33:44.458+0000] {logging_mixin.py:137} INFO - [2023-04-17T14:33:44.457+0000] {dagbag.py:532} INFO - Filling up the DagBag from /opt/airflow/dags/elt.py
[2023-04-17T14:33:44.931+0000] {processor.py:753} INFO - DAG(s) dict_keys(['ELT']) retrieved from /opt/airflow/dags/elt.py
[2023-04-17T14:33:49.995+0000] {logging_mixin.py:137} INFO - [2023-04-17T14:33:49.991+0000] {dag.py:2705} INFO - Sync 1 DAGs
[2023-04-17T14:33:50.030+0000] {logging_mixin.py:137} INFO - [2023-04-17T14:33:50.030+0000] {dag.py:3456} INFO - Setting next_dagrun for ELT to None, run_after=None
[2023-04-17T14:33:50.057+0000] {processor.py:175} INFO - Processing /opt/airflow/dags/elt.py took 5.613 seconds
[2023-04-17T14:34:20.350+0000] {processor.py:153} INFO - Started process (PID=445) to work on /opt/airflow/dags/elt.py
[2023-04-17T14:34:20.351+0000] {processor.py:743} INFO - Processing file /opt/airflow/dags/elt.py for tasks to queue
[2023-04-17T14:34:20.352+0000] {logging_mixin.py:137} INFO - [2023-04-17T14:34:20.352+0000] {dagbag.py:532} INFO - Filling up the DagBag from /opt/airflow/dags/elt.py
[2023-04-17T14:34:20.834+0000] {processor.py:753} INFO - DAG(s) dict_keys(['ELT']) retrieved from /opt/airflow/dags/elt.py
[2023-04-17T14:34:25.871+0000] {logging_mixin.py:137} INFO - [2023-04-17T14:34:25.870+0000] {dag.py:2705} INFO - Sync 1 DAGs
[2023-04-17T14:34:25.894+0000] {logging_mixin.py:137} INFO - [2023-04-17T14:34:25.894+0000] {dag.py:3456} INFO - Setting next_dagrun for ELT to None, run_after=None
[2023-04-17T14:34:25.910+0000] {processor.py:175} INFO - Processing /opt/airflow/dags/elt.py took 5.553 seconds
[2023-04-17T14:34:55.995+0000] {processor.py:153} INFO - Started process (PID=454) to work on /opt/airflow/dags/elt.py
[2023-04-17T14:34:55.996+0000] {processor.py:743} INFO - Processing file /opt/airflow/dags/elt.py for tasks to queue
[2023-04-17T14:34:55.998+0000] {logging_mixin.py:137} INFO - [2023-04-17T14:34:55.997+0000] {dagbag.py:532} INFO - Filling up the DagBag from /opt/airflow/dags/elt.py
[2023-04-17T14:34:56.452+0000] {processor.py:753} INFO - DAG(s) dict_keys(['ELT']) retrieved from /opt/airflow/dags/elt.py
[2023-04-17T14:34:56.474+0000] {logging_mixin.py:137} INFO - [2023-04-17T14:34:56.473+0000] {dag.py:2705} INFO - Sync 1 DAGs
[2023-04-17T14:34:56.493+0000] {logging_mixin.py:137} INFO - [2023-04-17T14:34:56.493+0000] {dag.py:3456} INFO - Setting next_dagrun for ELT to None, run_after=None
[2023-04-17T14:34:56.518+0000] {processor.py:175} INFO - Processing /opt/airflow/dags/elt.py took 0.528 seconds
[2023-04-17T14:35:26.784+0000] {processor.py:153} INFO - Started process (PID=463) to work on /opt/airflow/dags/elt.py
[2023-04-17T14:35:26.785+0000] {processor.py:743} INFO - Processing file /opt/airflow/dags/elt.py for tasks to queue
[2023-04-17T14:35:26.786+0000] {logging_mixin.py:137} INFO - [2023-04-17T14:35:26.786+0000] {dagbag.py:532} INFO - Filling up the DagBag from /opt/airflow/dags/elt.py
[2023-04-17T14:35:27.264+0000] {processor.py:753} INFO - DAG(s) dict_keys(['ELT']) retrieved from /opt/airflow/dags/elt.py
[2023-04-17T14:35:27.298+0000] {logging_mixin.py:137} INFO - [2023-04-17T14:35:27.297+0000] {dag.py:2705} INFO - Sync 1 DAGs
[2023-04-17T14:35:27.325+0000] {logging_mixin.py:137} INFO - [2023-04-17T14:35:27.325+0000] {dag.py:3456} INFO - Setting next_dagrun for ELT to None, run_after=None
[2023-04-17T14:35:27.352+0000] {processor.py:175} INFO - Processing /opt/airflow/dags/elt.py took 0.571 seconds
[2023-04-17T14:35:57.609+0000] {processor.py:153} INFO - Started process (PID=472) to work on /opt/airflow/dags/elt.py
[2023-04-17T14:35:57.610+0000] {processor.py:743} INFO - Processing file /opt/airflow/dags/elt.py for tasks to queue
[2023-04-17T14:35:57.611+0000] {logging_mixin.py:137} INFO - [2023-04-17T14:35:57.611+0000] {dagbag.py:532} INFO - Filling up the DagBag from /opt/airflow/dags/elt.py
[2023-04-17T14:35:58.051+0000] {processor.py:753} INFO - DAG(s) dict_keys(['ELT']) retrieved from /opt/airflow/dags/elt.py
[2023-04-17T14:35:58.073+0000] {logging_mixin.py:137} INFO - [2023-04-17T14:35:58.073+0000] {dag.py:2705} INFO - Sync 1 DAGs
[2023-04-17T14:35:58.094+0000] {logging_mixin.py:137} INFO - [2023-04-17T14:35:58.093+0000] {dag.py:3456} INFO - Setting next_dagrun for ELT to None, run_after=None
[2023-04-17T14:35:58.122+0000] {processor.py:175} INFO - Processing /opt/airflow/dags/elt.py took 0.516 seconds
[2023-04-17T14:36:28.462+0000] {processor.py:153} INFO - Started process (PID=481) to work on /opt/airflow/dags/elt.py
[2023-04-17T14:36:28.466+0000] {processor.py:743} INFO - Processing file /opt/airflow/dags/elt.py for tasks to queue
[2023-04-17T14:36:28.468+0000] {logging_mixin.py:137} INFO - [2023-04-17T14:36:28.468+0000] {dagbag.py:532} INFO - Filling up the DagBag from /opt/airflow/dags/elt.py
[2023-04-17T14:36:29.250+0000] {processor.py:753} INFO - DAG(s) dict_keys(['ELT']) retrieved from /opt/airflow/dags/elt.py
[2023-04-17T14:36:29.271+0000] {logging_mixin.py:137} INFO - [2023-04-17T14:36:29.271+0000] {dag.py:2705} INFO - Sync 1 DAGs
[2023-04-17T14:36:29.292+0000] {logging_mixin.py:137} INFO - [2023-04-17T14:36:29.292+0000] {dag.py:3456} INFO - Setting next_dagrun for ELT to None, run_after=None
[2023-04-17T14:36:29.309+0000] {processor.py:175} INFO - Processing /opt/airflow/dags/elt.py took 0.855 seconds
[2023-04-17T14:36:59.634+0000] {processor.py:153} INFO - Started process (PID=490) to work on /opt/airflow/dags/elt.py
[2023-04-17T14:36:59.638+0000] {processor.py:743} INFO - Processing file /opt/airflow/dags/elt.py for tasks to queue
[2023-04-17T14:36:59.641+0000] {logging_mixin.py:137} INFO - [2023-04-17T14:36:59.641+0000] {dagbag.py:532} INFO - Filling up the DagBag from /opt/airflow/dags/elt.py
[2023-04-17T14:37:00.102+0000] {processor.py:753} INFO - DAG(s) dict_keys(['ELT']) retrieved from /opt/airflow/dags/elt.py
[2023-04-17T14:37:00.123+0000] {logging_mixin.py:137} INFO - [2023-04-17T14:37:00.123+0000] {dag.py:2705} INFO - Sync 1 DAGs
[2023-04-17T14:37:00.144+0000] {logging_mixin.py:137} INFO - [2023-04-17T14:37:00.144+0000] {dag.py:3456} INFO - Setting next_dagrun for ELT to None, run_after=None
[2023-04-17T14:37:00.169+0000] {processor.py:175} INFO - Processing /opt/airflow/dags/elt.py took 0.548 seconds
[2023-04-17T14:37:30.368+0000] {processor.py:153} INFO - Started process (PID=499) to work on /opt/airflow/dags/elt.py
[2023-04-17T14:37:30.371+0000] {processor.py:743} INFO - Processing file /opt/airflow/dags/elt.py for tasks to queue
[2023-04-17T14:37:30.374+0000] {logging_mixin.py:137} INFO - [2023-04-17T14:37:30.373+0000] {dagbag.py:532} INFO - Filling up the DagBag from /opt/airflow/dags/elt.py
[2023-04-17T14:37:30.838+0000] {processor.py:753} INFO - DAG(s) dict_keys(['ELT']) retrieved from /opt/airflow/dags/elt.py
[2023-04-17T14:37:30.860+0000] {logging_mixin.py:137} INFO - [2023-04-17T14:37:30.859+0000] {dag.py:2705} INFO - Sync 1 DAGs
[2023-04-17T14:37:30.881+0000] {logging_mixin.py:137} INFO - [2023-04-17T14:37:30.881+0000] {dag.py:3456} INFO - Setting next_dagrun for ELT to None, run_after=None
[2023-04-17T14:37:30.908+0000] {processor.py:175} INFO - Processing /opt/airflow/dags/elt.py took 0.548 seconds
[2023-04-17T14:38:01.239+0000] {processor.py:153} INFO - Started process (PID=509) to work on /opt/airflow/dags/elt.py
[2023-04-17T14:38:01.241+0000] {processor.py:743} INFO - Processing file /opt/airflow/dags/elt.py for tasks to queue
[2023-04-17T14:38:01.244+0000] {logging_mixin.py:137} INFO - [2023-04-17T14:38:01.244+0000] {dagbag.py:532} INFO - Filling up the DagBag from /opt/airflow/dags/elt.py
[2023-04-17T14:38:01.721+0000] {processor.py:753} INFO - DAG(s) dict_keys(['ELT']) retrieved from /opt/airflow/dags/elt.py
[2023-04-17T14:38:06.778+0000] {logging_mixin.py:137} INFO - [2023-04-17T14:38:06.776+0000] {dag.py:2705} INFO - Sync 1 DAGs
[2023-04-17T14:38:06.808+0000] {logging_mixin.py:137} INFO - [2023-04-17T14:38:06.808+0000] {dag.py:3456} INFO - Setting next_dagrun for ELT to None, run_after=None
[2023-04-17T14:38:06.834+0000] {processor.py:175} INFO - Processing /opt/airflow/dags/elt.py took 5.603 seconds
[2023-04-17T14:38:37.002+0000] {processor.py:153} INFO - Started process (PID=518) to work on /opt/airflow/dags/elt.py
[2023-04-17T14:38:37.005+0000] {processor.py:743} INFO - Processing file /opt/airflow/dags/elt.py for tasks to queue
[2023-04-17T14:38:37.007+0000] {logging_mixin.py:137} INFO - [2023-04-17T14:38:37.007+0000] {dagbag.py:532} INFO - Filling up the DagBag from /opt/airflow/dags/elt.py
[2023-04-17T14:38:37.486+0000] {processor.py:753} INFO - DAG(s) dict_keys(['ELT']) retrieved from /opt/airflow/dags/elt.py
[2023-04-17T14:38:37.506+0000] {logging_mixin.py:137} INFO - [2023-04-17T14:38:37.506+0000] {dag.py:2705} INFO - Sync 1 DAGs
[2023-04-17T14:38:37.527+0000] {logging_mixin.py:137} INFO - [2023-04-17T14:38:37.526+0000] {dag.py:3456} INFO - Setting next_dagrun for ELT to None, run_after=None
[2023-04-17T14:38:37.544+0000] {processor.py:175} INFO - Processing /opt/airflow/dags/elt.py took 0.550 seconds
[2023-04-17T14:39:07.855+0000] {processor.py:153} INFO - Started process (PID=528) to work on /opt/airflow/dags/elt.py
[2023-04-17T14:39:07.858+0000] {processor.py:743} INFO - Processing file /opt/airflow/dags/elt.py for tasks to queue
[2023-04-17T14:39:07.861+0000] {logging_mixin.py:137} INFO - [2023-04-17T14:39:07.861+0000] {dagbag.py:532} INFO - Filling up the DagBag from /opt/airflow/dags/elt.py
[2023-04-17T14:39:08.319+0000] {processor.py:753} INFO - DAG(s) dict_keys(['ELT']) retrieved from /opt/airflow/dags/elt.py
[2023-04-17T14:39:13.369+0000] {logging_mixin.py:137} INFO - [2023-04-17T14:39:13.368+0000] {dag.py:2705} INFO - Sync 1 DAGs
[2023-04-17T14:39:13.406+0000] {logging_mixin.py:137} INFO - [2023-04-17T14:39:13.405+0000] {dag.py:3456} INFO - Setting next_dagrun for ELT to None, run_after=None
[2023-04-17T14:39:13.422+0000] {processor.py:175} INFO - Processing /opt/airflow/dags/elt.py took 5.575 seconds
[2023-04-17T14:39:43.697+0000] {processor.py:153} INFO - Started process (PID=537) to work on /opt/airflow/dags/elt.py
[2023-04-17T14:39:43.699+0000] {processor.py:743} INFO - Processing file /opt/airflow/dags/elt.py for tasks to queue
[2023-04-17T14:39:43.702+0000] {logging_mixin.py:137} INFO - [2023-04-17T14:39:43.701+0000] {dagbag.py:532} INFO - Filling up the DagBag from /opt/airflow/dags/elt.py
[2023-04-17T14:39:44.167+0000] {processor.py:753} INFO - DAG(s) dict_keys(['ELT']) retrieved from /opt/airflow/dags/elt.py
[2023-04-17T14:39:44.186+0000] {logging_mixin.py:137} INFO - [2023-04-17T14:39:44.186+0000] {dag.py:2705} INFO - Sync 1 DAGs
[2023-04-17T14:39:44.207+0000] {logging_mixin.py:137} INFO - [2023-04-17T14:39:44.207+0000] {dag.py:3456} INFO - Setting next_dagrun for ELT to None, run_after=None
[2023-04-17T14:39:44.224+0000] {processor.py:175} INFO - Processing /opt/airflow/dags/elt.py took 0.535 seconds
[2023-04-17T14:40:14.532+0000] {processor.py:153} INFO - Started process (PID=546) to work on /opt/airflow/dags/elt.py
[2023-04-17T14:40:14.533+0000] {processor.py:743} INFO - Processing file /opt/airflow/dags/elt.py for tasks to queue
[2023-04-17T14:40:14.533+0000] {logging_mixin.py:137} INFO - [2023-04-17T14:40:14.533+0000] {dagbag.py:532} INFO - Filling up the DagBag from /opt/airflow/dags/elt.py
[2023-04-17T14:40:14.967+0000] {processor.py:753} INFO - DAG(s) dict_keys(['ELT']) retrieved from /opt/airflow/dags/elt.py
[2023-04-17T14:40:20.025+0000] {logging_mixin.py:137} INFO - [2023-04-17T14:40:20.024+0000] {dag.py:2705} INFO - Sync 1 DAGs
[2023-04-17T14:40:20.059+0000] {logging_mixin.py:137} INFO - [2023-04-17T14:40:20.059+0000] {dag.py:3456} INFO - Setting next_dagrun for ELT to None, run_after=None
[2023-04-17T14:40:20.087+0000] {processor.py:175} INFO - Processing /opt/airflow/dags/elt.py took 5.559 seconds
[2023-04-17T14:40:50.274+0000] {processor.py:153} INFO - Started process (PID=562) to work on /opt/airflow/dags/elt.py
[2023-04-17T14:40:50.277+0000] {processor.py:743} INFO - Processing file /opt/airflow/dags/elt.py for tasks to queue
[2023-04-17T14:40:50.280+0000] {logging_mixin.py:137} INFO - [2023-04-17T14:40:50.280+0000] {dagbag.py:532} INFO - Filling up the DagBag from /opt/airflow/dags/elt.py
[2023-04-17T14:40:50.745+0000] {processor.py:753} INFO - DAG(s) dict_keys(['ELT']) retrieved from /opt/airflow/dags/elt.py
[2023-04-17T14:40:55.803+0000] {logging_mixin.py:137} INFO - [2023-04-17T14:40:55.802+0000] {dag.py:2705} INFO - Sync 1 DAGs
[2023-04-17T14:40:55.838+0000] {logging_mixin.py:137} INFO - [2023-04-17T14:40:55.838+0000] {dag.py:3456} INFO - Setting next_dagrun for ELT to None, run_after=None
[2023-04-17T14:40:55.854+0000] {processor.py:175} INFO - Processing /opt/airflow/dags/elt.py took 5.590 seconds
[2023-04-17T14:41:26.162+0000] {processor.py:153} INFO - Started process (PID=571) to work on /opt/airflow/dags/elt.py
[2023-04-17T14:41:26.163+0000] {processor.py:743} INFO - Processing file /opt/airflow/dags/elt.py for tasks to queue
[2023-04-17T14:41:26.164+0000] {logging_mixin.py:137} INFO - [2023-04-17T14:41:26.164+0000] {dagbag.py:532} INFO - Filling up the DagBag from /opt/airflow/dags/elt.py
[2023-04-17T14:41:26.670+0000] {processor.py:753} INFO - DAG(s) dict_keys(['ELT']) retrieved from /opt/airflow/dags/elt.py
[2023-04-17T14:41:26.698+0000] {logging_mixin.py:137} INFO - [2023-04-17T14:41:26.698+0000] {dag.py:2705} INFO - Sync 1 DAGs
[2023-04-17T14:41:26.729+0000] {logging_mixin.py:137} INFO - [2023-04-17T14:41:26.728+0000] {dag.py:3456} INFO - Setting next_dagrun for ELT to None, run_after=None
[2023-04-17T14:41:26.762+0000] {processor.py:175} INFO - Processing /opt/airflow/dags/elt.py took 0.606 seconds
[2023-04-17T14:41:57.021+0000] {processor.py:153} INFO - Started process (PID=580) to work on /opt/airflow/dags/elt.py
[2023-04-17T14:41:57.024+0000] {processor.py:743} INFO - Processing file /opt/airflow/dags/elt.py for tasks to queue
[2023-04-17T14:41:57.025+0000] {logging_mixin.py:137} INFO - [2023-04-17T14:41:57.025+0000] {dagbag.py:532} INFO - Filling up the DagBag from /opt/airflow/dags/elt.py
[2023-04-17T14:41:57.510+0000] {processor.py:753} INFO - DAG(s) dict_keys(['ELT']) retrieved from /opt/airflow/dags/elt.py
[2023-04-17T14:41:57.531+0000] {logging_mixin.py:137} INFO - [2023-04-17T14:41:57.530+0000] {dag.py:2705} INFO - Sync 1 DAGs
[2023-04-17T14:41:57.552+0000] {logging_mixin.py:137} INFO - [2023-04-17T14:41:57.551+0000] {dag.py:3456} INFO - Setting next_dagrun for ELT to None, run_after=None
[2023-04-17T14:41:57.580+0000] {processor.py:175} INFO - Processing /opt/airflow/dags/elt.py took 0.564 seconds
[2023-04-17T14:42:27.870+0000] {processor.py:153} INFO - Started process (PID=589) to work on /opt/airflow/dags/elt.py
[2023-04-17T14:42:27.871+0000] {processor.py:743} INFO - Processing file /opt/airflow/dags/elt.py for tasks to queue
[2023-04-17T14:42:27.873+0000] {logging_mixin.py:137} INFO - [2023-04-17T14:42:27.872+0000] {dagbag.py:532} INFO - Filling up the DagBag from /opt/airflow/dags/elt.py
[2023-04-17T14:42:28.380+0000] {processor.py:753} INFO - DAG(s) dict_keys(['ELT']) retrieved from /opt/airflow/dags/elt.py
[2023-04-17T14:42:33.423+0000] {logging_mixin.py:137} INFO - [2023-04-17T14:42:33.422+0000] {dag.py:2705} INFO - Sync 1 DAGs
[2023-04-17T14:42:33.448+0000] {logging_mixin.py:137} INFO - [2023-04-17T14:42:33.448+0000] {dag.py:3456} INFO - Setting next_dagrun for ELT to None, run_after=None
[2023-04-17T14:42:33.476+0000] {processor.py:175} INFO - Processing /opt/airflow/dags/elt.py took 5.610 seconds
[2023-04-17T14:43:03.589+0000] {processor.py:153} INFO - Started process (PID=598) to work on /opt/airflow/dags/elt.py
[2023-04-17T14:43:03.591+0000] {processor.py:743} INFO - Processing file /opt/airflow/dags/elt.py for tasks to queue
[2023-04-17T14:43:03.594+0000] {logging_mixin.py:137} INFO - [2023-04-17T14:43:03.594+0000] {dagbag.py:532} INFO - Filling up the DagBag from /opt/airflow/dags/elt.py
[2023-04-17T14:43:04.054+0000] {processor.py:753} INFO - DAG(s) dict_keys(['ELT']) retrieved from /opt/airflow/dags/elt.py
[2023-04-17T14:43:04.078+0000] {logging_mixin.py:137} INFO - [2023-04-17T14:43:04.076+0000] {dag.py:2705} INFO - Sync 1 DAGs
[2023-04-17T14:43:04.099+0000] {logging_mixin.py:137} INFO - [2023-04-17T14:43:04.099+0000] {dag.py:3456} INFO - Setting next_dagrun for ELT to None, run_after=None
[2023-04-17T14:43:04.114+0000] {processor.py:175} INFO - Processing /opt/airflow/dags/elt.py took 0.536 seconds
[2023-04-17T14:43:34.436+0000] {processor.py:153} INFO - Started process (PID=607) to work on /opt/airflow/dags/elt.py
[2023-04-17T14:43:34.439+0000] {processor.py:743} INFO - Processing file /opt/airflow/dags/elt.py for tasks to queue
[2023-04-17T14:43:34.442+0000] {logging_mixin.py:137} INFO - [2023-04-17T14:43:34.442+0000] {dagbag.py:532} INFO - Filling up the DagBag from /opt/airflow/dags/elt.py
[2023-04-17T14:43:34.907+0000] {processor.py:753} INFO - DAG(s) dict_keys(['ELT']) retrieved from /opt/airflow/dags/elt.py
[2023-04-17T14:43:34.931+0000] {logging_mixin.py:137} INFO - [2023-04-17T14:43:34.931+0000] {dag.py:2705} INFO - Sync 1 DAGs
[2023-04-17T14:43:34.953+0000] {logging_mixin.py:137} INFO - [2023-04-17T14:43:34.953+0000] {dag.py:3456} INFO - Setting next_dagrun for ELT to None, run_after=None
[2023-04-17T14:43:34.980+0000] {processor.py:175} INFO - Processing /opt/airflow/dags/elt.py took 0.553 seconds
[2023-04-17T14:44:05.313+0000] {processor.py:153} INFO - Started process (PID=616) to work on /opt/airflow/dags/elt.py
[2023-04-17T14:44:05.314+0000] {processor.py:743} INFO - Processing file /opt/airflow/dags/elt.py for tasks to queue
[2023-04-17T14:44:05.316+0000] {logging_mixin.py:137} INFO - [2023-04-17T14:44:05.316+0000] {dagbag.py:532} INFO - Filling up the DagBag from /opt/airflow/dags/elt.py
[2023-04-17T14:44:05.763+0000] {processor.py:753} INFO - DAG(s) dict_keys(['ELT']) retrieved from /opt/airflow/dags/elt.py
[2023-04-17T14:44:10.793+0000] {logging_mixin.py:137} INFO - [2023-04-17T14:44:10.793+0000] {dag.py:2705} INFO - Sync 1 DAGs
[2023-04-17T14:44:10.816+0000] {logging_mixin.py:137} INFO - [2023-04-17T14:44:10.816+0000] {dag.py:3456} INFO - Setting next_dagrun for ELT to None, run_after=None
[2023-04-17T14:44:10.833+0000] {processor.py:175} INFO - Processing /opt/airflow/dags/elt.py took 5.524 seconds
[2023-04-17T14:44:41.006+0000] {processor.py:153} INFO - Started process (PID=625) to work on /opt/airflow/dags/elt.py
[2023-04-17T14:44:41.008+0000] {processor.py:743} INFO - Processing file /opt/airflow/dags/elt.py for tasks to queue
[2023-04-17T14:44:41.009+0000] {logging_mixin.py:137} INFO - [2023-04-17T14:44:41.008+0000] {dagbag.py:532} INFO - Filling up the DagBag from /opt/airflow/dags/elt.py
[2023-04-17T14:44:41.517+0000] {processor.py:753} INFO - DAG(s) dict_keys(['ELT']) retrieved from /opt/airflow/dags/elt.py
[2023-04-17T14:44:41.543+0000] {logging_mixin.py:137} INFO - [2023-04-17T14:44:41.542+0000] {dag.py:2705} INFO - Sync 1 DAGs
[2023-04-17T14:44:41.568+0000] {logging_mixin.py:137} INFO - [2023-04-17T14:44:41.567+0000] {dag.py:3456} INFO - Setting next_dagrun for ELT to None, run_after=None
[2023-04-17T14:44:41.603+0000] {processor.py:175} INFO - Processing /opt/airflow/dags/elt.py took 0.603 seconds
[2023-04-17T14:45:11.972+0000] {processor.py:153} INFO - Started process (PID=634) to work on /opt/airflow/dags/elt.py
[2023-04-17T14:45:11.975+0000] {processor.py:743} INFO - Processing file /opt/airflow/dags/elt.py for tasks to queue
[2023-04-17T14:45:11.978+0000] {logging_mixin.py:137} INFO - [2023-04-17T14:45:11.978+0000] {dagbag.py:532} INFO - Filling up the DagBag from /opt/airflow/dags/elt.py
[2023-04-17T14:45:12.448+0000] {processor.py:753} INFO - DAG(s) dict_keys(['ELT']) retrieved from /opt/airflow/dags/elt.py
[2023-04-17T14:45:17.491+0000] {logging_mixin.py:137} INFO - [2023-04-17T14:45:17.490+0000] {dag.py:2705} INFO - Sync 1 DAGs
[2023-04-17T14:45:17.513+0000] {logging_mixin.py:137} INFO - [2023-04-17T14:45:17.513+0000] {dag.py:3456} INFO - Setting next_dagrun for ELT to None, run_after=None
[2023-04-17T14:45:17.530+0000] {processor.py:175} INFO - Processing /opt/airflow/dags/elt.py took 5.567 seconds
[2023-04-17T14:45:47.695+0000] {processor.py:153} INFO - Started process (PID=644) to work on /opt/airflow/dags/elt.py
[2023-04-17T14:45:47.696+0000] {processor.py:743} INFO - Processing file /opt/airflow/dags/elt.py for tasks to queue
[2023-04-17T14:45:47.697+0000] {logging_mixin.py:137} INFO - [2023-04-17T14:45:47.697+0000] {dagbag.py:532} INFO - Filling up the DagBag from /opt/airflow/dags/elt.py
[2023-04-17T14:45:48.168+0000] {processor.py:753} INFO - DAG(s) dict_keys(['ELT']) retrieved from /opt/airflow/dags/elt.py
[2023-04-17T14:45:48.190+0000] {logging_mixin.py:137} INFO - [2023-04-17T14:45:48.189+0000] {dag.py:2705} INFO - Sync 1 DAGs
[2023-04-17T14:45:48.212+0000] {logging_mixin.py:137} INFO - [2023-04-17T14:45:48.212+0000] {dag.py:3456} INFO - Setting next_dagrun for ELT to None, run_after=None
[2023-04-17T14:45:48.240+0000] {processor.py:175} INFO - Processing /opt/airflow/dags/elt.py took 0.549 seconds
[2023-04-17T14:46:18.544+0000] {processor.py:153} INFO - Started process (PID=660) to work on /opt/airflow/dags/elt.py
[2023-04-17T14:46:18.546+0000] {processor.py:743} INFO - Processing file /opt/airflow/dags/elt.py for tasks to queue
[2023-04-17T14:46:18.549+0000] {logging_mixin.py:137} INFO - [2023-04-17T14:46:18.549+0000] {dagbag.py:532} INFO - Filling up the DagBag from /opt/airflow/dags/elt.py
[2023-04-17T14:46:19.023+0000] {processor.py:753} INFO - DAG(s) dict_keys(['ELT']) retrieved from /opt/airflow/dags/elt.py
[2023-04-17T14:46:24.051+0000] {logging_mixin.py:137} INFO - [2023-04-17T14:46:24.049+0000] {dag.py:2705} INFO - Sync 1 DAGs
[2023-04-17T14:46:24.082+0000] {logging_mixin.py:137} INFO - [2023-04-17T14:46:24.082+0000] {dag.py:3456} INFO - Setting next_dagrun for ELT to None, run_after=None
[2023-04-17T14:46:24.113+0000] {processor.py:175} INFO - Processing /opt/airflow/dags/elt.py took 5.577 seconds
[2023-04-17T14:46:54.347+0000] {processor.py:153} INFO - Started process (PID=669) to work on /opt/airflow/dags/elt.py
[2023-04-17T14:46:54.350+0000] {processor.py:743} INFO - Processing file /opt/airflow/dags/elt.py for tasks to queue
[2023-04-17T14:46:54.353+0000] {logging_mixin.py:137} INFO - [2023-04-17T14:46:54.353+0000] {dagbag.py:532} INFO - Filling up the DagBag from /opt/airflow/dags/elt.py
[2023-04-17T14:46:54.804+0000] {processor.py:753} INFO - DAG(s) dict_keys(['ELT']) retrieved from /opt/airflow/dags/elt.py
[2023-04-17T14:46:59.843+0000] {logging_mixin.py:137} INFO - [2023-04-17T14:46:59.843+0000] {dag.py:2705} INFO - Sync 1 DAGs
[2023-04-17T14:46:59.868+0000] {logging_mixin.py:137} INFO - [2023-04-17T14:46:59.868+0000] {dag.py:3456} INFO - Setting next_dagrun for ELT to None, run_after=None
[2023-04-17T14:46:59.903+0000] {processor.py:175} INFO - Processing /opt/airflow/dags/elt.py took 5.564 seconds
[2023-04-17T14:47:30.246+0000] {processor.py:153} INFO - Started process (PID=678) to work on /opt/airflow/dags/elt.py
[2023-04-17T14:47:30.250+0000] {processor.py:743} INFO - Processing file /opt/airflow/dags/elt.py for tasks to queue
[2023-04-17T14:47:30.252+0000] {logging_mixin.py:137} INFO - [2023-04-17T14:47:30.252+0000] {dagbag.py:532} INFO - Filling up the DagBag from /opt/airflow/dags/elt.py
[2023-04-17T14:47:30.731+0000] {processor.py:753} INFO - DAG(s) dict_keys(['ELT']) retrieved from /opt/airflow/dags/elt.py
[2023-04-17T14:47:30.755+0000] {logging_mixin.py:137} INFO - [2023-04-17T14:47:30.754+0000] {dag.py:2705} INFO - Sync 1 DAGs
[2023-04-17T14:47:30.776+0000] {logging_mixin.py:137} INFO - [2023-04-17T14:47:30.776+0000] {dag.py:3456} INFO - Setting next_dagrun for ELT to None, run_after=None
[2023-04-17T14:47:30.804+0000] {processor.py:175} INFO - Processing /opt/airflow/dags/elt.py took 0.566 seconds
[2023-04-17T14:48:00.933+0000] {processor.py:153} INFO - Started process (PID=687) to work on /opt/airflow/dags/elt.py
[2023-04-17T14:48:00.936+0000] {processor.py:743} INFO - Processing file /opt/airflow/dags/elt.py for tasks to queue
[2023-04-17T14:48:00.938+0000] {logging_mixin.py:137} INFO - [2023-04-17T14:48:00.938+0000] {dagbag.py:532} INFO - Filling up the DagBag from /opt/airflow/dags/elt.py
[2023-04-17T14:48:01.399+0000] {processor.py:753} INFO - DAG(s) dict_keys(['ELT']) retrieved from /opt/airflow/dags/elt.py
[2023-04-17T14:48:01.420+0000] {logging_mixin.py:137} INFO - [2023-04-17T14:48:01.420+0000] {dag.py:2705} INFO - Sync 1 DAGs
[2023-04-17T14:48:01.440+0000] {logging_mixin.py:137} INFO - [2023-04-17T14:48:01.440+0000] {dag.py:3456} INFO - Setting next_dagrun for ELT to None, run_after=None
[2023-04-17T14:48:01.473+0000] {processor.py:175} INFO - Processing /opt/airflow/dags/elt.py took 0.548 seconds
[2023-04-17T14:48:31.808+0000] {processor.py:153} INFO - Started process (PID=696) to work on /opt/airflow/dags/elt.py
[2023-04-17T14:48:31.811+0000] {processor.py:743} INFO - Processing file /opt/airflow/dags/elt.py for tasks to queue
[2023-04-17T14:48:31.814+0000] {logging_mixin.py:137} INFO - [2023-04-17T14:48:31.814+0000] {dagbag.py:532} INFO - Filling up the DagBag from /opt/airflow/dags/elt.py
[2023-04-17T14:48:32.281+0000] {processor.py:753} INFO - DAG(s) dict_keys(['ELT']) retrieved from /opt/airflow/dags/elt.py
[2023-04-17T14:48:32.303+0000] {logging_mixin.py:137} INFO - [2023-04-17T14:48:32.302+0000] {dag.py:2705} INFO - Sync 1 DAGs
[2023-04-17T14:48:32.324+0000] {logging_mixin.py:137} INFO - [2023-04-17T14:48:32.324+0000] {dag.py:3456} INFO - Setting next_dagrun for ELT to None, run_after=None
[2023-04-17T14:48:32.353+0000] {processor.py:175} INFO - Processing /opt/airflow/dags/elt.py took 0.552 seconds
[2023-04-17T14:49:02.680+0000] {processor.py:153} INFO - Started process (PID=705) to work on /opt/airflow/dags/elt.py
[2023-04-17T14:49:02.683+0000] {processor.py:743} INFO - Processing file /opt/airflow/dags/elt.py for tasks to queue
[2023-04-17T14:49:02.693+0000] {logging_mixin.py:137} INFO - [2023-04-17T14:49:02.693+0000] {dagbag.py:532} INFO - Filling up the DagBag from /opt/airflow/dags/elt.py
[2023-04-17T14:49:03.153+0000] {processor.py:753} INFO - DAG(s) dict_keys(['ELT']) retrieved from /opt/airflow/dags/elt.py
[2023-04-17T14:49:03.200+0000] {logging_mixin.py:137} INFO - [2023-04-17T14:49:03.198+0000] {dag.py:2705} INFO - Sync 1 DAGs
[2023-04-17T14:49:03.230+0000] {logging_mixin.py:137} INFO - [2023-04-17T14:49:03.230+0000] {dag.py:3456} INFO - Setting next_dagrun for ELT to None, run_after=None
[2023-04-17T14:49:03.246+0000] {processor.py:175} INFO - Processing /opt/airflow/dags/elt.py took 0.573 seconds
[2023-04-17T14:49:33.606+0000] {processor.py:153} INFO - Started process (PID=714) to work on /opt/airflow/dags/elt.py
[2023-04-17T14:49:33.609+0000] {processor.py:743} INFO - Processing file /opt/airflow/dags/elt.py for tasks to queue
[2023-04-17T14:49:33.612+0000] {logging_mixin.py:137} INFO - [2023-04-17T14:49:33.612+0000] {dagbag.py:532} INFO - Filling up the DagBag from /opt/airflow/dags/elt.py
[2023-04-17T14:49:34.069+0000] {processor.py:753} INFO - DAG(s) dict_keys(['ELT']) retrieved from /opt/airflow/dags/elt.py
[2023-04-17T14:49:39.126+0000] {logging_mixin.py:137} INFO - [2023-04-17T14:49:39.123+0000] {dag.py:2705} INFO - Sync 1 DAGs
[2023-04-17T14:49:39.158+0000] {logging_mixin.py:137} INFO - [2023-04-17T14:49:39.158+0000] {dag.py:3456} INFO - Setting next_dagrun for ELT to None, run_after=None
[2023-04-17T14:49:39.185+0000] {processor.py:175} INFO - Processing /opt/airflow/dags/elt.py took 5.587 seconds
[2023-04-17T14:50:09.270+0000] {processor.py:153} INFO - Started process (PID=723) to work on /opt/airflow/dags/elt.py
[2023-04-17T14:50:09.273+0000] {processor.py:743} INFO - Processing file /opt/airflow/dags/elt.py for tasks to queue
[2023-04-17T14:50:09.275+0000] {logging_mixin.py:137} INFO - [2023-04-17T14:50:09.275+0000] {dagbag.py:532} INFO - Filling up the DagBag from /opt/airflow/dags/elt.py
[2023-04-17T14:50:09.728+0000] {processor.py:753} INFO - DAG(s) dict_keys(['ELT']) retrieved from /opt/airflow/dags/elt.py
[2023-04-17T14:50:14.789+0000] {logging_mixin.py:137} INFO - [2023-04-17T14:50:14.788+0000] {dag.py:2705} INFO - Sync 1 DAGs
[2023-04-17T14:50:14.823+0000] {logging_mixin.py:137} INFO - [2023-04-17T14:50:14.822+0000] {dag.py:3456} INFO - Setting next_dagrun for ELT to None, run_after=None
[2023-04-17T14:50:14.849+0000] {processor.py:175} INFO - Processing /opt/airflow/dags/elt.py took 5.587 seconds
[2023-04-17T14:50:45.145+0000] {processor.py:153} INFO - Started process (PID=732) to work on /opt/airflow/dags/elt.py
[2023-04-17T14:50:45.146+0000] {processor.py:743} INFO - Processing file /opt/airflow/dags/elt.py for tasks to queue
[2023-04-17T14:50:45.149+0000] {logging_mixin.py:137} INFO - [2023-04-17T14:50:45.148+0000] {dagbag.py:532} INFO - Filling up the DagBag from /opt/airflow/dags/elt.py
[2023-04-17T14:50:45.599+0000] {processor.py:753} INFO - DAG(s) dict_keys(['ELT']) retrieved from /opt/airflow/dags/elt.py
[2023-04-17T14:50:45.621+0000] {logging_mixin.py:137} INFO - [2023-04-17T14:50:45.620+0000] {dag.py:2705} INFO - Sync 1 DAGs
[2023-04-17T14:50:45.641+0000] {logging_mixin.py:137} INFO - [2023-04-17T14:50:45.641+0000] {dag.py:3456} INFO - Setting next_dagrun for ELT to None, run_after=None
[2023-04-17T14:50:45.657+0000] {processor.py:175} INFO - Processing /opt/airflow/dags/elt.py took 0.516 seconds
[2023-04-17T14:51:15.948+0000] {processor.py:153} INFO - Started process (PID=741) to work on /opt/airflow/dags/elt.py
[2023-04-17T14:51:15.950+0000] {processor.py:743} INFO - Processing file /opt/airflow/dags/elt.py for tasks to queue
[2023-04-17T14:51:15.954+0000] {logging_mixin.py:137} INFO - [2023-04-17T14:51:15.953+0000] {dagbag.py:532} INFO - Filling up the DagBag from /opt/airflow/dags/elt.py
[2023-04-17T14:51:16.390+0000] {processor.py:753} INFO - DAG(s) dict_keys(['ELT']) retrieved from /opt/airflow/dags/elt.py
[2023-04-17T14:51:21.422+0000] {logging_mixin.py:137} INFO - [2023-04-17T14:51:21.421+0000] {dag.py:2705} INFO - Sync 1 DAGs
[2023-04-17T14:51:21.464+0000] {logging_mixin.py:137} INFO - [2023-04-17T14:51:21.464+0000] {dag.py:3456} INFO - Setting next_dagrun for ELT to None, run_after=None
[2023-04-17T14:51:21.481+0000] {processor.py:175} INFO - Processing /opt/airflow/dags/elt.py took 5.541 seconds
[2023-04-17T14:51:51.751+0000] {processor.py:153} INFO - Started process (PID=750) to work on /opt/airflow/dags/elt.py
[2023-04-17T14:51:51.752+0000] {processor.py:743} INFO - Processing file /opt/airflow/dags/elt.py for tasks to queue
[2023-04-17T14:51:51.753+0000] {logging_mixin.py:137} INFO - [2023-04-17T14:51:51.753+0000] {dagbag.py:532} INFO - Filling up the DagBag from /opt/airflow/dags/elt.py
[2023-04-17T14:51:52.226+0000] {processor.py:753} INFO - DAG(s) dict_keys(['ELT']) retrieved from /opt/airflow/dags/elt.py
[2023-04-17T14:51:52.254+0000] {logging_mixin.py:137} INFO - [2023-04-17T14:51:52.253+0000] {dag.py:2705} INFO - Sync 1 DAGs
[2023-04-17T14:51:52.280+0000] {logging_mixin.py:137} INFO - [2023-04-17T14:51:52.280+0000] {dag.py:3456} INFO - Setting next_dagrun for ELT to None, run_after=None
[2023-04-17T14:51:52.298+0000] {processor.py:175} INFO - Processing /opt/airflow/dags/elt.py took 0.551 seconds
[2023-04-17T14:52:22.607+0000] {processor.py:153} INFO - Started process (PID=759) to work on /opt/airflow/dags/elt.py
[2023-04-17T14:52:22.610+0000] {processor.py:743} INFO - Processing file /opt/airflow/dags/elt.py for tasks to queue
[2023-04-17T14:52:22.613+0000] {logging_mixin.py:137} INFO - [2023-04-17T14:52:22.612+0000] {dagbag.py:532} INFO - Filling up the DagBag from /opt/airflow/dags/elt.py
[2023-04-17T14:52:23.072+0000] {processor.py:753} INFO - DAG(s) dict_keys(['ELT']) retrieved from /opt/airflow/dags/elt.py
[2023-04-17T14:52:23.094+0000] {logging_mixin.py:137} INFO - [2023-04-17T14:52:23.094+0000] {dag.py:2705} INFO - Sync 1 DAGs
[2023-04-17T14:52:23.116+0000] {logging_mixin.py:137} INFO - [2023-04-17T14:52:23.116+0000] {dag.py:3456} INFO - Setting next_dagrun for ELT to None, run_after=None
[2023-04-17T14:52:23.142+0000] {processor.py:175} INFO - Processing /opt/airflow/dags/elt.py took 0.545 seconds
[2023-04-17T23:00:02.954+0000] {processor.py:153} INFO - Started process (PID=775) to work on /opt/airflow/dags/elt.py
[2023-04-17T23:00:02.955+0000] {processor.py:743} INFO - Processing file /opt/airflow/dags/elt.py for tasks to queue
[2023-04-17T23:00:02.956+0000] {logging_mixin.py:137} INFO - [2023-04-17T23:00:02.956+0000] {dagbag.py:532} INFO - Filling up the DagBag from /opt/airflow/dags/elt.py
[2023-04-17T23:00:03.506+0000] {processor.py:753} INFO - DAG(s) dict_keys(['ELT']) retrieved from /opt/airflow/dags/elt.py
[2023-04-17T23:00:03.530+0000] {logging_mixin.py:137} INFO - [2023-04-17T23:00:03.530+0000] {dag.py:2705} INFO - Sync 1 DAGs
[2023-04-17T23:00:03.553+0000] {logging_mixin.py:137} INFO - [2023-04-17T23:00:03.553+0000] {dag.py:3456} INFO - Setting next_dagrun for ELT to None, run_after=None
[2023-04-17T23:00:03.570+0000] {processor.py:175} INFO - Processing /opt/airflow/dags/elt.py took 0.622 seconds
[2023-04-17T23:00:33.817+0000] {processor.py:153} INFO - Started process (PID=784) to work on /opt/airflow/dags/elt.py
[2023-04-17T23:00:33.820+0000] {processor.py:743} INFO - Processing file /opt/airflow/dags/elt.py for tasks to queue
[2023-04-17T23:00:33.822+0000] {logging_mixin.py:137} INFO - [2023-04-17T23:00:33.822+0000] {dagbag.py:532} INFO - Filling up the DagBag from /opt/airflow/dags/elt.py
