[2023-04-08T03:11:08.081+0000] {processor.py:153} INFO - Started process (PID=48) to work on /home/airflow/.local/lib/python3.7/site-packages/airflow/example_dags/example_datasets.py
[2023-04-08T03:11:08.082+0000] {processor.py:743} INFO - Processing file /home/airflow/.local/lib/python3.7/site-packages/airflow/example_dags/example_datasets.py for tasks to queue
[2023-04-08T03:11:08.083+0000] {logging_mixin.py:137} INFO - [2023-04-08T03:11:08.083+0000] {dagbag.py:532} INFO - Filling up the DagBag from /home/airflow/.local/lib/python3.7/site-packages/airflow/example_dags/example_datasets.py
[2023-04-08T03:11:08.109+0000] {processor.py:753} INFO - DAG(s) dict_keys(['dataset_consumes_1_and_2', 'dataset_consumes_1_never_scheduled', 'dataset_produces_1', 'dataset_produces_2', 'dataset_consumes_unknown_never_scheduled', 'dataset_consumes_1']) retrieved from /home/airflow/.local/lib/python3.7/site-packages/airflow/example_dags/example_datasets.py
[2023-04-08T03:11:08.194+0000] {logging_mixin.py:137} INFO - [2023-04-08T03:11:08.194+0000] {dag.py:2705} INFO - Sync 6 DAGs
[2023-04-08T03:11:08.222+0000] {logging_mixin.py:137} INFO - [2023-04-08T03:11:08.222+0000] {dag.py:3456} INFO - Setting next_dagrun for dataset_consumes_1 to None, run_after=None
[2023-04-08T03:11:08.226+0000] {logging_mixin.py:137} INFO - [2023-04-08T03:11:08.226+0000] {dag.py:3456} INFO - Setting next_dagrun for dataset_consumes_1_and_2 to None, run_after=None
[2023-04-08T03:11:08.229+0000] {logging_mixin.py:137} INFO - [2023-04-08T03:11:08.229+0000] {dag.py:3456} INFO - Setting next_dagrun for dataset_consumes_1_never_scheduled to None, run_after=None
[2023-04-08T03:11:08.231+0000] {logging_mixin.py:137} INFO - [2023-04-08T03:11:08.231+0000] {dag.py:3456} INFO - Setting next_dagrun for dataset_consumes_unknown_never_scheduled to None, run_after=None
[2023-04-08T03:11:08.236+0000] {logging_mixin.py:137} INFO - [2023-04-08T03:11:08.235+0000] {dag.py:3456} INFO - Setting next_dagrun for dataset_produces_1 to 2023-04-07T00:00:00+00:00, run_after=2023-04-08T00:00:00+00:00
[2023-04-08T03:11:08.239+0000] {logging_mixin.py:137} INFO - [2023-04-08T03:11:08.239+0000] {dag.py:3456} INFO - Setting next_dagrun for dataset_produces_2 to None, run_after=None
[2023-04-08T03:11:08.285+0000] {processor.py:175} INFO - Processing /home/airflow/.local/lib/python3.7/site-packages/airflow/example_dags/example_datasets.py took 0.208 seconds
[2023-04-08T03:11:38.487+0000] {processor.py:153} INFO - Started process (PID=99) to work on /home/airflow/.local/lib/python3.7/site-packages/airflow/example_dags/example_datasets.py
[2023-04-08T03:11:38.487+0000] {processor.py:743} INFO - Processing file /home/airflow/.local/lib/python3.7/site-packages/airflow/example_dags/example_datasets.py for tasks to queue
[2023-04-08T03:11:38.488+0000] {logging_mixin.py:137} INFO - [2023-04-08T03:11:38.488+0000] {dagbag.py:532} INFO - Filling up the DagBag from /home/airflow/.local/lib/python3.7/site-packages/airflow/example_dags/example_datasets.py
[2023-04-08T03:11:38.501+0000] {processor.py:753} INFO - DAG(s) dict_keys(['dataset_consumes_1_and_2', 'dataset_consumes_1', 'dataset_consumes_unknown_never_scheduled', 'dataset_produces_1', 'dataset_produces_2', 'dataset_consumes_1_never_scheduled']) retrieved from /home/airflow/.local/lib/python3.7/site-packages/airflow/example_dags/example_datasets.py
[2023-04-08T03:11:38.531+0000] {logging_mixin.py:137} INFO - [2023-04-08T03:11:38.530+0000] {dag.py:2705} INFO - Sync 6 DAGs
[2023-04-08T03:11:38.554+0000] {logging_mixin.py:137} INFO - [2023-04-08T03:11:38.554+0000] {dag.py:3456} INFO - Setting next_dagrun for dataset_consumes_1 to None, run_after=None
[2023-04-08T03:11:38.558+0000] {logging_mixin.py:137} INFO - [2023-04-08T03:11:38.558+0000] {dag.py:3456} INFO - Setting next_dagrun for dataset_consumes_1_and_2 to None, run_after=None
[2023-04-08T03:11:38.559+0000] {logging_mixin.py:137} INFO - [2023-04-08T03:11:38.559+0000] {dag.py:3456} INFO - Setting next_dagrun for dataset_consumes_1_never_scheduled to None, run_after=None
[2023-04-08T03:11:38.560+0000] {logging_mixin.py:137} INFO - [2023-04-08T03:11:38.560+0000] {dag.py:3456} INFO - Setting next_dagrun for dataset_consumes_unknown_never_scheduled to None, run_after=None
[2023-04-08T03:11:38.563+0000] {logging_mixin.py:137} INFO - [2023-04-08T03:11:38.563+0000] {dag.py:3456} INFO - Setting next_dagrun for dataset_produces_1 to 2023-04-07T00:00:00+00:00, run_after=2023-04-08T00:00:00+00:00
[2023-04-08T03:11:38.564+0000] {logging_mixin.py:137} INFO - [2023-04-08T03:11:38.564+0000] {dag.py:3456} INFO - Setting next_dagrun for dataset_produces_2 to None, run_after=None
[2023-04-08T03:11:38.595+0000] {processor.py:175} INFO - Processing /home/airflow/.local/lib/python3.7/site-packages/airflow/example_dags/example_datasets.py took 0.111 seconds
