[2023-04-08T03:11:08.508+0000] {processor.py:153} INFO - Started process (PID=50) to work on /home/airflow/.local/lib/python3.7/site-packages/airflow/example_dags/example_complex.py
[2023-04-08T03:11:08.509+0000] {processor.py:743} INFO - Processing file /home/airflow/.local/lib/python3.7/site-packages/airflow/example_dags/example_complex.py for tasks to queue
[2023-04-08T03:11:08.510+0000] {logging_mixin.py:137} INFO - [2023-04-08T03:11:08.509+0000] {dagbag.py:532} INFO - Filling up the DagBag from /home/airflow/.local/lib/python3.7/site-packages/airflow/example_dags/example_complex.py
[2023-04-08T03:11:08.523+0000] {logging_mixin.py:137} INFO - [2023-04-08T03:11:08.522+0000] {taskmixin.py:211} WARNING - Dependency <Task(BashOperator): create_entry_group>, delete_entry_group already registered for DAG: example_complex
[2023-04-08T03:11:08.523+0000] {logging_mixin.py:137} INFO - [2023-04-08T03:11:08.523+0000] {taskmixin.py:211} WARNING - Dependency <Task(BashOperator): delete_entry_group>, create_entry_group already registered for DAG: example_complex
[2023-04-08T03:11:08.523+0000] {logging_mixin.py:137} INFO - [2023-04-08T03:11:08.523+0000] {taskmixin.py:211} WARNING - Dependency <Task(BashOperator): create_entry_gcs>, delete_entry already registered for DAG: example_complex
[2023-04-08T03:11:08.524+0000] {logging_mixin.py:137} INFO - [2023-04-08T03:11:08.524+0000] {taskmixin.py:211} WARNING - Dependency <Task(BashOperator): delete_entry>, create_entry_gcs already registered for DAG: example_complex
[2023-04-08T03:11:08.524+0000] {logging_mixin.py:137} INFO - [2023-04-08T03:11:08.524+0000] {taskmixin.py:211} WARNING - Dependency <Task(BashOperator): create_tag>, delete_tag already registered for DAG: example_complex
[2023-04-08T03:11:08.524+0000] {logging_mixin.py:137} INFO - [2023-04-08T03:11:08.524+0000] {taskmixin.py:211} WARNING - Dependency <Task(BashOperator): delete_tag>, create_tag already registered for DAG: example_complex
[2023-04-08T03:11:08.536+0000] {processor.py:753} INFO - DAG(s) dict_keys(['example_complex']) retrieved from /home/airflow/.local/lib/python3.7/site-packages/airflow/example_dags/example_complex.py
[2023-04-08T03:11:08.580+0000] {logging_mixin.py:137} INFO - [2023-04-08T03:11:08.580+0000] {dag.py:2705} INFO - Sync 1 DAGs
[2023-04-08T03:11:08.609+0000] {logging_mixin.py:137} INFO - [2023-04-08T03:11:08.609+0000] {dag.py:3456} INFO - Setting next_dagrun for example_complex to None, run_after=None
[2023-04-08T03:11:08.636+0000] {processor.py:175} INFO - Processing /home/airflow/.local/lib/python3.7/site-packages/airflow/example_dags/example_complex.py took 0.131 seconds
[2023-04-08T03:11:38.711+0000] {processor.py:153} INFO - Started process (PID=101) to work on /home/airflow/.local/lib/python3.7/site-packages/airflow/example_dags/example_complex.py
[2023-04-08T03:11:38.711+0000] {processor.py:743} INFO - Processing file /home/airflow/.local/lib/python3.7/site-packages/airflow/example_dags/example_complex.py for tasks to queue
[2023-04-08T03:11:38.712+0000] {logging_mixin.py:137} INFO - [2023-04-08T03:11:38.712+0000] {dagbag.py:532} INFO - Filling up the DagBag from /home/airflow/.local/lib/python3.7/site-packages/airflow/example_dags/example_complex.py
[2023-04-08T03:11:38.722+0000] {logging_mixin.py:137} INFO - [2023-04-08T03:11:38.722+0000] {taskmixin.py:211} WARNING - Dependency <Task(BashOperator): create_entry_group>, delete_entry_group already registered for DAG: example_complex
[2023-04-08T03:11:38.722+0000] {logging_mixin.py:137} INFO - [2023-04-08T03:11:38.722+0000] {taskmixin.py:211} WARNING - Dependency <Task(BashOperator): delete_entry_group>, create_entry_group already registered for DAG: example_complex
[2023-04-08T03:11:38.723+0000] {logging_mixin.py:137} INFO - [2023-04-08T03:11:38.722+0000] {taskmixin.py:211} WARNING - Dependency <Task(BashOperator): create_entry_gcs>, delete_entry already registered for DAG: example_complex
[2023-04-08T03:11:38.723+0000] {logging_mixin.py:137} INFO - [2023-04-08T03:11:38.723+0000] {taskmixin.py:211} WARNING - Dependency <Task(BashOperator): delete_entry>, create_entry_gcs already registered for DAG: example_complex
[2023-04-08T03:11:38.724+0000] {logging_mixin.py:137} INFO - [2023-04-08T03:11:38.724+0000] {taskmixin.py:211} WARNING - Dependency <Task(BashOperator): create_tag>, delete_tag already registered for DAG: example_complex
[2023-04-08T03:11:38.724+0000] {logging_mixin.py:137} INFO - [2023-04-08T03:11:38.724+0000] {taskmixin.py:211} WARNING - Dependency <Task(BashOperator): delete_tag>, create_tag already registered for DAG: example_complex
[2023-04-08T03:11:38.730+0000] {processor.py:753} INFO - DAG(s) dict_keys(['example_complex']) retrieved from /home/airflow/.local/lib/python3.7/site-packages/airflow/example_dags/example_complex.py
[2023-04-08T03:11:38.758+0000] {logging_mixin.py:137} INFO - [2023-04-08T03:11:38.757+0000] {dag.py:2705} INFO - Sync 1 DAGs
[2023-04-08T03:11:38.779+0000] {logging_mixin.py:137} INFO - [2023-04-08T03:11:38.779+0000] {dag.py:3456} INFO - Setting next_dagrun for example_complex to None, run_after=None
[2023-04-08T03:11:38.794+0000] {processor.py:175} INFO - Processing /home/airflow/.local/lib/python3.7/site-packages/airflow/example_dags/example_complex.py took 0.086 seconds
