[2023-04-11T00:36:00.140+0000] {taskinstance.py:1090} INFO - Dependencies all met for dep_context=non-requeueable deps ti=<TaskInstance: ELT.create_extract_data manual__2023-04-11T00:35:52.747907+00:00 [queued]>
[2023-04-11T00:36:00.153+0000] {taskinstance.py:1090} INFO - Dependencies all met for dep_context=requeueable deps ti=<TaskInstance: ELT.create_extract_data manual__2023-04-11T00:35:52.747907+00:00 [queued]>
[2023-04-11T00:36:00.153+0000] {taskinstance.py:1288} INFO - 
--------------------------------------------------------------------------------
[2023-04-11T00:36:00.154+0000] {taskinstance.py:1289} INFO - Starting attempt 1 of 1
[2023-04-11T00:36:00.154+0000] {taskinstance.py:1290} INFO - 
--------------------------------------------------------------------------------
[2023-04-11T00:36:00.168+0000] {taskinstance.py:1309} INFO - Executing <Task(PythonOperator): create_extract_data> on 2023-04-11 00:35:52.747907+00:00
[2023-04-11T00:36:00.174+0000] {standard_task_runner.py:55} INFO - Started process 369 to run task
[2023-04-11T00:36:00.177+0000] {standard_task_runner.py:82} INFO - Running: ['***', 'tasks', 'run', 'ELT', 'create_extract_data', 'manual__2023-04-11T00:35:52.747907+00:00', '--job-id', '3', '--raw', '--subdir', 'DAGS_FOLDER/elt.py', '--cfg-path', '/tmp/tmprtd4hb3t']
[2023-04-11T00:36:00.177+0000] {standard_task_runner.py:83} INFO - Job 3: Subtask create_extract_data
[2023-04-11T00:36:00.228+0000] {task_command.py:389} INFO - Running <TaskInstance: ELT.create_extract_data manual__2023-04-11T00:35:52.747907+00:00 [running]> on host 50cac3964d4e
[2023-04-11T00:36:00.282+0000] {taskinstance.py:1518} INFO - Exporting the following env vars:
AIRFLOW_CTX_DAG_EMAIL=200300600@ucaribe.edu.mx
AIRFLOW_CTX_DAG_OWNER=***
AIRFLOW_CTX_DAG_ID=ELT
AIRFLOW_CTX_TASK_ID=create_extract_data
AIRFLOW_CTX_EXECUTION_DATE=2023-04-11T00:35:52.747907+00:00
AIRFLOW_CTX_TRY_NUMBER=1
AIRFLOW_CTX_DAG_RUN_ID=manual__2023-04-11T00:35:52.747907+00:00
[2023-04-11T00:36:00.721+0000] {python.py:177} INFO - Done. Returned value was: None
[2023-04-11T00:36:00.735+0000] {taskinstance.py:1332} INFO - Marking task as SUCCESS. dag_id=ELT, task_id=create_extract_data, execution_date=20230411T003552, start_date=20230411T003600, end_date=20230411T003600
[2023-04-11T00:36:00.830+0000] {local_task_job.py:212} INFO - Task exited with return code 0
[2023-04-11T00:36:00.861+0000] {taskinstance.py:2596} INFO - 1 downstream tasks scheduled from follow-on schedule check
